$ vite build && tsc --noEmit
[36mvite v7.3.1 [32mbuilding client environment for production...[36m[39m
transforming...
[32mÃ”Â£Ã´[39m 4298 modules transformed.
rendering chunks...
computing gzip size...
[2mdist/[22m[32mindex.html                                    [39m[1m[2m    1.09 kB[22m[1m[22m[2m Ã”Ã¶Ã© gzip:   0.46 kB[22m
[2mdist/[22m[35massets/index-DV_xRqvT.css                     [39m[1m[2m  135.16 kB[22m[1m[22m[2m Ã”Ã¶Ã© gzip:  20.73 kB[22m
[2mdist/[22m[36massets/leads-over-time-chart-By99TfPp.js      [39m[1m[2m    1.12 kB[22m[1m[22m[2m Ã”Ã¶Ã© gzip:   0.61 kB[22m
[2mdist/[22m[36massets/response-time-XHzBrevl.js              [39m[1m[2m    1.18 kB[22m[1m[22m[2m Ã”Ã¶Ã© gzip:   0.59 kB[22m
[2mdist/[22m[36massets/churn-alerts-DjEv_OgC.js               [39m[1m[2m    1.21 kB[22m[1m[22m[2m Ã”Ã¶Ã© gzip:   0.60 kB[22m
[2mdist/[22m[36massets/messages-over-time-chart-b7rEFYVw.js   [39m[1m[2m    1.21 kB[22m[1m[22m[2m Ã”Ã¶Ã© gzip:   0.64 kB[22m
[2mdist/[22m[36massets/team-performance-BGd6hn4m.js           [39m[1m[2m    1.47 kB[22m[1m[22m[2m Ã”Ã¶Ã© gzip:   0.64 kB[22m
[2mdist/[22m[36massets/leads-by-product-BrFDSqkj.js           [39m[1m[2m    1.89 kB[22m[1m[22m[2m Ã”Ã¶Ã© gzip:   0.87 kB[22m
[2mdist/[22m[36massets/funnel-chart-o4_r80pv.js               [39m[1m[2m    1.95 kB[22m[1m[22m[2m Ã”Ã¶Ã© gzip:   0.94 kB[22m
[2mdist/[22m[36massets/student-conversations-tab-D9trvOLR.js  [39m[1m[2m    1.98 kB[22m[1m[22m[2m Ã”Ã¶Ã© gzip:   0.83 kB[22m
[2mdist/[22m[36massets/recent-leads-ChdaxLA2.js               [39m[1m[2m    2.26 kB[22m[1m[22m[2m Ã”Ã¶Ã© gzip:   1.05 kB[22m
[2mdist/[22m[36massets/leads-vs-conversions-Db61--BG.js       [39m[1m[2m    2.61 kB[22m[1m[22m[2m Ã”Ã¶Ã© gzip:   1.09 kB[22m
[2mdist/[22m[36massets/student-enrollments-tab-T3duoOhC.js    [39m[1m[2m    3.01 kB[22m[1m[22m[2m Ã”Ã¶Ã© gzip:   1.23 kB[22m
[2mdist/[22m[36massets/student-payments-tab-DkxfGRt1.js       [39m[1m[2m   12.21 kB[22m[1m[22m[2m Ã”Ã¶Ã© gzip:   3.81 kB[22m
[2mdist/[22m[36massets/pipeline-kanban-OiOvxbxq.js            [39m[1m[2m   20.67 kB[22m[1m[22m[2m Ã”Ã¶Ã© gzip:   6.48 kB[22m
[2mdist/[22m[36massets/lead-detail-DcY428JR.js                [39m[1m[2m   25.00 kB[22m[1m[22m[2m Ã”Ã¶Ã© gzip:   8.30 kB[22m
[2mdist/[22m[36massets/backend-BHGfHlxe.js                    [39m[1m[2m   74.41 kB[22m[1m[22m[2m Ã”Ã¶Ã© gzip:  21.00 kB[22m
[2mdist/[22m[36massets/auth-DS4wlOSO.js                       [39m[1m[2m   79.46 kB[22m[1m[22m[2m Ã”Ã¶Ã© gzip:  20.65 kB[22m
[2mdist/[22m[36massets/vendor-DMSzUA-D.js                     [39m[1m[2m   91.34 kB[22m[1m[22m[2m Ã”Ã¶Ã© gzip:  29.86 kB[22m
[2mdist/[22m[36massets/forms-4-AwotMz.js                      [39m[1m[2m   95.88 kB[22m[1m[22m[2m Ã”Ã¶Ã© gzip:  28.36 kB[22m
[2mdist/[22m[36massets/animation-CCF6mZhi.js                  [39m[1m[2m  131.14 kB[22m[1m[22m[2m Ã”Ã¶Ã© gzip:  43.65 kB[22m
[2mdist/[22m[36massets/ui-CToHyGZa.js                         [39m[1m[2m  291.74 kB[22m[1m[22m[2m Ã”Ã¶Ã© gzip:  81.12 kB[22m
[2mdist/[22m[36massets/charts-Dtcg8NkS.js                     [39m[1m[2m  371.95 kB[22m[1m[22m[2m Ã”Ã¶Ã© gzip: 109.56 kB[22m
[2mdist/[22m[36massets/index-RdeDZdBK.js                      [39m[1m[2m1,060.75 kB[22m[1m[22m[2m Ã”Ã¶Ã© gzip: 312.14 kB[22m
[32mÃ”Â£Ã´ built in 5.23s[39m
convex/asaas.ts(17,60): error TS2307: Cannot find module './asaas/conflict_resolution' or its corresponding type declarations.
src/hooks/use-campaigns-view-model.ts(34,2): error TS2578: Unused '@ts-expect-error' directive.
