{"numTotalTestSuites":36,"numPassedTestSuites":34,"numFailedTestSuites":2,"numPendingTestSuites":0,"numTotalTests":66,"numPassedTests":65,"numFailedTests":1,"numPendingTests":0,"numTodoTests":0,"snapshot":{"added":0,"failure":false,"filesAdded":0,"filesRemoved":0,"filesRemovedList":[],"filesUnmatched":0,"filesUpdated":0,"matched":0,"total":0,"unchecked":0,"uncheckedKeysByFile":[],"unmatched":0,"updated":0,"didUpdate":false},"startTime":1766148091566,"success":false,"testResults":[{"assertionResults":[{"ancestorTitles":["Example test"],"fullName":"Example test should pass","status":"passed","title":"should pass","duration":1.019900000000007,"failureMessages":[],"meta":{}}],"startTime":1766148092558,"endTime":1766148092559.02,"status":"passed","message":"","name":"D:/Coders/gpus/src/example.test.ts"},{"assertionResults":[{"ancestorTitles":["useStudentsViewModel"],"fullName":"useStudentsViewModel should group students by product correctly using Convex query","status":"passed","title":"should group students by product correctly using Convex query","duration":8.992199999999912,"failureMessages":[],"meta":{}},{"ancestorTitles":["useStudentsViewModel"],"fullName":"useStudentsViewModel should show all students in grid view (no client-side pagination for groups)","status":"passed","title":"should show all students in grid view (no client-side pagination for groups)","duration":2.1604999999999563,"failureMessages":[],"meta":{}}],"startTime":1766148092720,"endTime":1766148092731.1604,"status":"passed","message":"","name":"D:/Coders/gpus/src/hooks/use-students-view-model.test.ts"},{"assertionResults":[{"ancestorTitles":["cn utility"],"fullName":"cn utility merges class names correctly","status":"passed","title":"merges class names correctly","duration":3.962600000000066,"failureMessages":[],"meta":{}},{"ancestorTitles":["cn utility"],"fullName":"cn utility handles conditional classes","status":"passed","title":"handles conditional classes","duration":0.21100000000001273,"failureMessages":[],"meta":{}},{"ancestorTitles":["cn utility"],"fullName":"cn utility merges tailwind classes","status":"passed","title":"merges tailwind classes","duration":0.4295999999999367,"failureMessages":[],"meta":{}}],"startTime":1766148092642,"endTime":1766148092646.4297,"status":"passed","message":"","name":"D:/Coders/gpus/src/lib/utils.test.ts"},{"assertionResults":[{"ancestorTitles":["HEADER_KEYWORDS"],"fullName":"HEADER_KEYWORDS should contain common Portuguese header terms","status":"passed","title":"should contain common Portuguese header terms","duration":1.9751000000001113,"failureMessages":[],"meta":{}},{"ancestorTitles":["HEADER_KEYWORDS"],"fullName":"HEADER_KEYWORDS should contain address-related keywords","status":"passed","title":"should contain address-related keywords","duration":0.2882999999999356,"failureMessages":[],"meta":{}},{"ancestorTitles":["HEADER_KEYWORDS"],"fullName":"HEADER_KEYWORDS should contain professional keywords for health aesthetics","status":"passed","title":"should contain professional keywords for health aesthetics","duration":0.18460000000004584,"failureMessages":[],"meta":{}},{"ancestorTitles":["HEADER_KEYWORDS"],"fullName":"HEADER_KEYWORDS should contain course/enrollment keywords","status":"passed","title":"should contain course/enrollment keywords","duration":0.14789999999993597,"failureMessages":[],"meta":{}},{"ancestorTitles":["detectHeaderRow","simple cases - header in row 0"],"fullName":"detectHeaderRow simple cases - header in row 0 should detect header in first row when no metadata rows exist","status":"passed","title":"should detect header in first row when no metadata rows exist","duration":3.261099999999942,"failureMessages":[],"meta":{}},{"ancestorTitles":["detectHeaderRow","simple cases - header in row 0"],"fullName":"detectHeaderRow simple cases - header in row 0 should return headers as strings trimmed","status":"passed","title":"should return headers as strings trimmed","duration":1.4050999999999476,"failureMessages":[],"meta":{}},{"ancestorTitles":["detectHeaderRow","metadata rows before header"],"fullName":"detectHeaderRow metadata rows before header should detect header in row 3 when preceded by metadata","status":"passed","title":"should detect header in row 3 when preceded by metadata","duration":2.432800000000043,"failureMessages":[],"meta":{}},{"ancestorTitles":["detectHeaderRow","metadata rows before header"],"fullName":"detectHeaderRow metadata rows before header should detect header after company logo and metadata rows","status":"passed","title":"should detect header after company logo and metadata rows","duration":1.6519000000000688,"failureMessages":[],"meta":{}},{"ancestorTitles":["detectHeaderRow","metadata rows before header"],"fullName":"detectHeaderRow metadata rows before header should prefer row with more keyword matches","status":"passed","title":"should prefer row with more keyword matches","duration":1.5398999999999887,"failureMessages":[],"meta":{}},{"ancestorTitles":["detectHeaderRow","edge cases"],"fullName":"detectHeaderRow edge cases should handle empty spreadsheet","status":"passed","title":"should handle empty spreadsheet","duration":0.1875999999999749,"failureMessages":[],"meta":{}},{"ancestorTitles":["detectHeaderRow","edge cases"],"fullName":"detectHeaderRow edge cases should handle spreadsheet with only empty rows","status":"passed","title":"should handle spreadsheet with only empty rows","duration":0.15449999999987085,"failureMessages":[],"meta":{}},{"ancestorTitles":["detectHeaderRow","edge cases"],"fullName":"detectHeaderRow edge cases should handle null/undefined values in rows","status":"passed","title":"should handle null/undefined values in rows","duration":0.690900000000056,"failureMessages":[],"meta":{}},{"ancestorTitles":["detectHeaderRow","edge cases"],"fullName":"detectHeaderRow edge cases should not consider pure number rows as headers","status":"passed","title":"should not consider pure number rows as headers","duration":1.213799999999992,"failureMessages":[],"meta":{}},{"ancestorTitles":["detectHeaderRow","edge cases"],"fullName":"detectHeaderRow edge cases should not consider date rows as headers","status":"passed","title":"should not consider date rows as headers","duration":0.8088000000000193,"failureMessages":[],"meta":{}},{"ancestorTitles":["detectHeaderRow","edge cases"],"fullName":"detectHeaderRow edge cases should respect maxRowsToScan parameter","status":"passed","title":"should respect maxRowsToScan parameter","duration":0.3350999999997839,"failureMessages":[],"meta":{}},{"ancestorTitles":["detectHeaderRow","edge cases"],"fullName":"detectHeaderRow edge cases should detect header when scanning enough rows","status":"passed","title":"should detect header when scanning enough rows","duration":0.9637000000000171,"failureMessages":[],"meta":{}},{"ancestorTitles":["detectHeaderRow","confidence scoring"],"fullName":"detectHeaderRow confidence scoring should have higher confidence when multiple keywords match","status":"passed","title":"should have higher confidence when multiple keywords match","duration":4.393100000000004,"failureMessages":[],"meta":{}},{"ancestorTitles":["detectHeaderRow","confidence scoring"],"fullName":"detectHeaderRow confidence scoring should return candidates sorted by score descending","status":"passed","title":"should return candidates sorted by score descending","duration":0.8235999999999422,"failureMessages":[],"meta":{}},{"ancestorTitles":["detectHeaderRow","keyword matching"],"fullName":"detectHeaderRow keyword matching should match keywords case-insensitively","status":"passed","title":"should match keywords case-insensitively","duration":0.4692000000000007,"failureMessages":[],"meta":{}},{"ancestorTitles":["detectHeaderRow","keyword matching"],"fullName":"detectHeaderRow keyword matching should match partial keywords (contains check)","status":"passed","title":"should match partial keywords (contains check)","duration":0.5946999999998752,"failureMessages":[],"meta":{}},{"ancestorTitles":["extractDataWithHeaders","basic extraction"],"fullName":"extractDataWithHeaders basic extraction should extract data using specified header row","status":"passed","title":"should extract data using specified header row","duration":0.3772000000001299,"failureMessages":[],"meta":{}},{"ancestorTitles":["extractDataWithHeaders","basic extraction"],"fullName":"extractDataWithHeaders basic extraction should handle header row at index 0","status":"passed","title":"should handle header row at index 0","duration":0.11489999999980682,"failureMessages":[],"meta":{}},{"ancestorTitles":["extractDataWithHeaders","basic extraction"],"fullName":"extractDataWithHeaders basic extraction should skip metadata rows above header","status":"passed","title":"should skip metadata rows above header","duration":0.10509999999999309,"failureMessages":[],"meta":{}},{"ancestorTitles":["extractDataWithHeaders","error handling"],"fullName":"extractDataWithHeaders error handling should throw error for negative header index","status":"passed","title":"should throw error for negative header index","duration":0.5687000000000353,"failureMessages":[],"meta":{}},{"ancestorTitles":["extractDataWithHeaders","error handling"],"fullName":"extractDataWithHeaders error handling should throw error for header index beyond array length","status":"passed","title":"should throw error for header index beyond array length","duration":0.24279999999998836,"failureMessages":[],"meta":{}},{"ancestorTitles":["extractDataWithHeaders","error handling"],"fullName":"extractDataWithHeaders error handling should throw error when header row has no valid headers","status":"passed","title":"should throw error when header row has no valid headers","duration":0.11400000000003274,"failureMessages":[],"meta":{}},{"ancestorTitles":["extractDataWithHeaders","data transformation"],"fullName":"extractDataWithHeaders data transformation should handle rows with fewer columns than headers","status":"passed","title":"should handle rows with fewer columns than headers","duration":0.08020000000010441,"failureMessages":[],"meta":{}},{"ancestorTitles":["extractDataWithHeaders","data transformation"],"fullName":"extractDataWithHeaders data transformation should handle null and undefined values in data","status":"passed","title":"should handle null and undefined values in data","duration":0.05889999999999418,"failureMessages":[],"meta":{}},{"ancestorTitles":["extractDataWithHeaders","data transformation"],"fullName":"extractDataWithHeaders data transformation should trim header names but preserve data values","status":"passed","title":"should trim header names but preserve data values","duration":0.0546999999999116,"failureMessages":[],"meta":{}},{"ancestorTitles":["parseXLSXWithPassword","error handling"],"fullName":"parseXLSXWithPassword error handling should handle invalid/garbage buffer gracefully","status":"passed","title":"should handle invalid/garbage buffer gracefully","duration":0.7733000000000629,"failureMessages":[],"meta":{}},{"ancestorTitles":["parseXLSXWithPassword","error handling"],"fullName":"parseXLSXWithPassword error handling should detect password-protected files","status":"passed","title":"should detect password-protected files","duration":0.05340000000001055,"failureMessages":[],"meta":{}},{"ancestorTitles":["parseXLSXWithPassword","error handling"],"fullName":"parseXLSXWithPassword error handling should return correct structure on success","status":"passed","title":"should return correct structure on success","duration":0.10799999999994725,"failureMessages":[],"meta":{}},{"ancestorTitles":["parseXLSXWithPassword","success cases"],"fullName":"parseXLSXWithPassword success cases should accept ArrayBuffer type","status":"passed","title":"should accept ArrayBuffer type","duration":0.19049999999992906,"failureMessages":[],"meta":{}},{"ancestorTitles":["getRowsFromWorkbook","error handling"],"fullName":"getRowsFromWorkbook error handling should throw error for workbook with no sheets","status":"passed","title":"should throw error for workbook with no sheets","duration":0.1249000000000251,"failureMessages":[],"meta":{}},{"ancestorTitles":["getRowsFromWorkbook","error handling"],"fullName":"getRowsFromWorkbook error handling should throw error when sheet cannot be accessed","status":"passed","title":"should throw error when sheet cannot be accessed","duration":0.07670000000007349,"failureMessages":[],"meta":{}},{"ancestorTitles":["getRowsFromWorkbook","success cases"],"fullName":"getRowsFromWorkbook success cases should extract rows from first sheet","status":"passed","title":"should extract rows from first sheet","duration":0.2617000000000189,"failureMessages":[],"meta":{}},{"ancestorTitles":["integration: detectHeaderRow + extractDataWithHeaders"],"fullName":"integration: detectHeaderRow + extractDataWithHeaders should correctly process spreadsheet with metadata rows","status":"passed","title":"should correctly process spreadsheet with metadata rows","duration":1.9277000000001863,"failureMessages":[],"meta":{}},{"ancestorTitles":["integration: detectHeaderRow + extractDataWithHeaders"],"fullName":"integration: detectHeaderRow + extractDataWithHeaders should handle spreadsheet where row 0 is the header","status":"passed","title":"should handle spreadsheet where row 0 is the header","duration":0.711699999999837,"failureMessages":[],"meta":{}}],"startTime":1766148092740,"endTime":1766148092770.7117,"status":"passed","message":"","name":"D:/Coders/gpus/src/lib/xlsx-helper.test.ts"},{"assertionResults":[{"ancestorTitles":["PipelineKanban"],"fullName":"PipelineKanban renders correctly with leads","status":"passed","title":"renders correctly with leads","duration":52.58770000000004,"failureMessages":[],"meta":{}},{"ancestorTitles":["PipelineKanban"],"fullName":"PipelineKanban calls onLeadClick when a lead is clicked","status":"passed","title":"calls onLeadClick when a lead is clicked","duration":28.694100000000162,"failureMessages":[],"meta":{}}],"startTime":1766148094185,"endTime":1766148094265.694,"status":"passed","message":"","name":"D:/Coders/gpus/src/components/crm/pipeline-kanban.test.tsx"},{"assertionResults":[{"ancestorTitles":["ThemeProvider"],"fullName":"ThemeProvider should use default theme when no storage value exists","status":"passed","title":"should use default theme when no storage value exists","duration":9.149700000000166,"failureMessages":[],"meta":{}},{"ancestorTitles":["ThemeProvider"],"fullName":"ThemeProvider uses default theme (system) if no storage","status":"passed","title":"uses default theme (system) if no storage","duration":5.918599999999969,"failureMessages":[],"meta":{}},{"ancestorTitles":["ThemeProvider"],"fullName":"ThemeProvider uses stored theme from localStorage","status":"passed","title":"uses stored theme from localStorage","duration":0.8850999999999658,"failureMessages":[],"meta":{}},{"ancestorTitles":["ThemeProvider"],"fullName":"ThemeProvider updates theme and storage when setTheme is called","status":"passed","title":"updates theme and storage when setTheme is called","duration":1.4621999999999389,"failureMessages":[],"meta":{}},{"ancestorTitles":["ThemeProvider"],"fullName":"ThemeProvider falls back to default theme for invalid stored values","status":"failed","title":"falls back to default theme for invalid stored values","duration":4.041899999999941,"failureMessages":["AssertionError: expected 'system' to be 'invalid-theme' // Object.is equality\n    at D:/Coders/gpus/src/components/__tests__/theme-provider.test.tsx:62:32\n    at file:///D:/Coders/gpus/node_modules/@vitest/runner/dist/index.js:145:11\n    at file:///D:/Coders/gpus/node_modules/@vitest/runner/dist/index.js:915:26\n    at file:///D:/Coders/gpus/node_modules/@vitest/runner/dist/index.js:1240:20\n    at new Promise (<anonymous>)\n    at runWithTimeout (file:///D:/Coders/gpus/node_modules/@vitest/runner/dist/index.js:1206:10)\n    at file:///D:/Coders/gpus/node_modules/@vitest/runner/dist/index.js:1650:37\n    at Traces.$ (file:///D:/Coders/gpus/node_modules/vitest/dist/chunks/traces.U4xDYhzZ.js:115:27)\n    at trace (file:///D:/Coders/gpus/node_modules/vitest/dist/chunks/test.BT8LKgU9.js:239:21)\n    at runTest (file:///D:/Coders/gpus/node_modules/@vitest/runner/dist/index.js:1650:12)"],"meta":{}},{"ancestorTitles":["ThemeProvider"],"fullName":"ThemeProvider updates theme and storage when setTheme is called","status":"passed","title":"updates theme and storage when setTheme is called","duration":6.125,"failureMessages":[],"meta":{}},{"ancestorTitles":["ThemeProvider"],"fullName":"ThemeProvider respects custom defaultTheme prop","status":"passed","title":"respects custom defaultTheme prop","duration":1.1404999999999745,"failureMessages":[],"meta":{}},{"ancestorTitles":["ThemeProvider"],"fullName":"ThemeProvider falls back to system theme for invalid stored values","status":"passed","title":"falls back to system theme for invalid stored values","duration":1.1614999999999327,"failureMessages":[],"meta":{}}],"startTime":1766148092662,"endTime":1766148092692.1616,"status":"failed","message":"","name":"D:/Coders/gpus/src/components/__tests__/theme-provider.test.tsx"},{"assertionResults":[{"ancestorTitles":["ThemeToggle","Rendering"],"fullName":"ThemeToggle Rendering renders the toggle button","status":"passed","title":"renders the toggle button","duration":73.37310000000002,"failureMessages":[],"meta":{}},{"ancestorTitles":["ThemeToggle","Rendering"],"fullName":"ThemeToggle Rendering renders with accessible label in Portuguese when dark","status":"passed","title":"renders with accessible label in Portuguese when dark","duration":8.934299999999894,"failureMessages":[],"meta":{}},{"ancestorTitles":["ThemeToggle","Rendering"],"fullName":"ThemeToggle Rendering renders with accessible label in Portuguese when light","status":"passed","title":"renders with accessible label in Portuguese when light","duration":8.41229999999996,"failureMessages":[],"meta":{}},{"ancestorTitles":["ThemeToggle","Rendering"],"fullName":"ThemeToggle Rendering renders sun and moon icons in the button","status":"passed","title":"renders sun and moon icons in the button","duration":1.4710000000000036,"failureMessages":[],"meta":{}},{"ancestorTitles":["ThemeToggle","Rendering"],"fullName":"ThemeToggle Rendering renders correctly with container","status":"passed","title":"renders correctly with container","duration":1.7210999999999785,"failureMessages":[],"meta":{}},{"ancestorTitles":["ThemeToggle","Toggle Behavior"],"fullName":"ThemeToggle Toggle Behavior toggles from dark to light when clicked","status":"passed","title":"toggles from dark to light when clicked","duration":9.182999999999993,"failureMessages":[],"meta":{}},{"ancestorTitles":["ThemeToggle","Toggle Behavior"],"fullName":"ThemeToggle Toggle Behavior toggles from light to dark when clicked","status":"passed","title":"toggles from light to dark when clicked","duration":4.963100000000168,"failureMessages":[],"meta":{}},{"ancestorTitles":["ThemeToggle","Click Coordinates"],"fullName":"ThemeToggle Click Coordinates passes click coordinates to animateThemeChange","status":"passed","title":"passes click coordinates to animateThemeChange","duration":4.442099999999982,"failureMessages":[],"meta":{}},{"ancestorTitles":["ThemeToggle","Theme Persistence"],"fullName":"ThemeToggle Theme Persistence saves theme to localStorage when toggled","status":"passed","title":"saves theme to localStorage when toggled","duration":3.772699999999986,"failureMessages":[],"meta":{}},{"ancestorTitles":["ThemeToggle","Theme Persistence"],"fullName":"ThemeToggle Theme Persistence alternates theme correctly on multiple clicks","status":"passed","title":"alternates theme correctly on multiple clicks","duration":4.38779999999997,"failureMessages":[],"meta":{}},{"ancestorTitles":["ThemeToggle","Accessibility"],"fullName":"ThemeToggle Accessibility is keyboard accessible","status":"passed","title":"is keyboard accessible","duration":4.930599999999913,"failureMessages":[],"meta":{}},{"ancestorTitles":["ThemeToggle","Accessibility"],"fullName":"ThemeToggle Accessibility has aria-label that updates with theme","status":"passed","title":"has aria-label that updates with theme","duration":9.476899999999887,"failureMessages":[],"meta":{}}],"startTime":1766148092697,"endTime":1766148092832.4768,"status":"passed","message":"","name":"D:/Coders/gpus/src/components/__tests__/theme-toggle.test.tsx"}]}
