convex/activities.ts(35,19): error TS7006: Parameter 'ctx' implicitly has an 'any' type.
convex/activities.ts(35,24): error TS7006: Parameter 'args' implicitly has an 'any' type.
convex/activities.ts(40,30): error TS7006: Parameter 'q' implicitly has an 'any' type.
convex/activities.ts(48,19): error TS7006: Parameter 'ctx' implicitly has an 'any' type.
convex/activities.ts(48,24): error TS7006: Parameter 'args' implicitly has an 'any' type.
convex/activities.ts(53,33): error TS7006: Parameter 'q' implicitly has an 'any' type.
convex/activities.ts(67,19): error TS7006: Parameter 'ctx' implicitly has an 'any' type.
convex/activities.ts(67,24): error TS7006: Parameter 'args' implicitly has an 'any' type.
convex/asaas/actions.ts(19,19): error TS7006: Parameter 'ctx' implicitly has an 'any' type.
convex/asaas/actions.ts(19,24): error TS7006: Parameter 'args' implicitly has an 'any' type.
convex/asaas/actions.ts(65,19): error TS7006: Parameter 'ctx' implicitly has an 'any' type.
convex/asaas/actions.ts(65,24): error TS7006: Parameter 'args' implicitly has an 'any' type.
convex/asaas/actions.ts(140,19): error TS7006: Parameter 'ctx' implicitly has an 'any' type.
convex/asaas/actions.ts(140,24): error TS7006: Parameter 'args' implicitly has an 'any' type.
convex/asaas/actions.ts(241,19): error TS7006: Parameter 'ctx' implicitly has an 'any' type.
convex/asaas/actions.ts(241,24): error TS7006: Parameter 'args' implicitly has an 'any' type.
convex/asaas/actions.ts(292,19): error TS7006: Parameter 'ctx' implicitly has an 'any' type.
convex/asaas/actions.ts(378,5): error TS7006: Parameter 'ctx' implicitly has an 'any' type.
convex/asaas/actions.ts(379,5): error TS7006: Parameter 'args' implicitly has an 'any' type.
convex/asaas/actions.ts(471,5): error TS7006: Parameter 'ctx' implicitly has an 'any' type.
convex/asaas/actions.ts(563,19): error TS7006: Parameter 'ctx' implicitly has an 'any' type.
convex/asaas/actions.ts(563,24): error TS7006: Parameter 'args' implicitly has an 'any' type.
convex/asaas/actions.ts(713,19): error TS7006: Parameter 'ctx' implicitly has an 'any' type.
convex/asaas/actions.ts(713,24): error TS7006: Parameter 'args' implicitly has an 'any' type.
convex/asaas/actions.ts(878,19): error TS7006: Parameter 'ctx' implicitly has an 'any' type.
convex/asaas/actions.ts(878,24): error TS7006: Parameter 'args' implicitly has an 'any' type.
convex/asaas/actions.ts(1032,19): error TS7006: Parameter 'ctx' implicitly has an 'any' type.
convex/asaas/actions.ts(1032,24): error TS7006: Parameter 'args' implicitly has an 'any' type.
convex/asaas/actions.ts(1112,19): error TS7006: Parameter 'ctx' implicitly has an 'any' type.
convex/asaas/actions.ts(1112,24): error TS7006: Parameter 'args' implicitly has an 'any' type.
convex/asaas/actions/retry.ts(24,19): error TS7006: Parameter 'ctx' implicitly has an 'any' type.
convex/asaas/actions/retry.ts(24,24): error TS7006: Parameter 'args' implicitly has an 'any' type.
convex/asaas/actions/retry.ts(31,32): error TS7006: Parameter 'q' implicitly has an 'any' type.
convex/asaas/actions/retry.ts(35,54): error TS7006: Parameter 'w' implicitly has an 'any' type.
convex/asaas/actions/retry.ts(97,19): error TS7006: Parameter 'ctx' implicitly has an 'any' type.
convex/asaas/actions/retry.ts(97,24): error TS7006: Parameter 'args' implicitly has an 'any' type.
convex/asaas/actions/retry.ts(103,32): error TS7006: Parameter 'q' implicitly has an 'any' type.
convex/asaas/actions/retry.ts(109,16): error TS7006: Parameter 'w' implicitly has an 'any' type.
convex/asaas/actions/retry.ts(145,19): error TS7006: Parameter 'ctx' implicitly has an 'any' type.
convex/asaas/actions/retry.ts(145,24): error TS7006: Parameter 'args' implicitly has an 'any' type.
convex/asaas/actions/retry.ts(148,34): error TS7006: Parameter 'q' implicitly has an 'any' type.
convex/asaas/actions/retry.ts(177,19): error TS7006: Parameter 'ctx' implicitly has an 'any' type.
convex/asaas/actions/retry.ts(180,32): error TS7006: Parameter 'q' implicitly has an 'any' type.
convex/asaas/alerts.ts(46,19): error TS7006: Parameter 'ctx' implicitly has an 'any' type.
convex/asaas/alerts.ts(46,24): error TS7006: Parameter 'args' implicitly has an 'any' type.
convex/asaas/alerts.ts(98,19): error TS7006: Parameter 'ctx' implicitly has an 'any' type.
convex/asaas/alerts.ts(98,24): error TS7006: Parameter 'args' implicitly has an 'any' type.
convex/asaas/alerts.ts(126,19): error TS7006: Parameter 'ctx' implicitly has an 'any' type.
convex/asaas/alerts.ts(126,24): error TS7006: Parameter 'args' implicitly has an 'any' type.
convex/asaas/alerts.ts(151,19): error TS7006: Parameter 'ctx' implicitly has an 'any' type.
convex/asaas/alerts.ts(151,24): error TS7006: Parameter 'args' implicitly has an 'any' type.
convex/asaas/alerts.ts(181,19): error TS7006: Parameter 'ctx' implicitly has an 'any' type.
convex/asaas/alerts.ts(181,24): error TS7006: Parameter 'args' implicitly has an 'any' type.
convex/asaas/alerts.ts(203,19): error TS7006: Parameter 'ctx' implicitly has an 'any' type.
convex/asaas/alerts.ts(203,24): error TS7006: Parameter 'args' implicitly has an 'any' type.
convex/asaas/alerts.ts(225,19): error TS7006: Parameter 'ctx' implicitly has an 'any' type.
convex/asaas/alerts.ts(225,24): error TS7006: Parameter 'args' implicitly has an 'any' type.
convex/asaas/alerts.ts(251,19): error TS7006: Parameter 'ctx' implicitly has an 'any' type.
convex/asaas/audit.ts(13,19): error TS7006: Parameter 'ctx' implicitly has an 'any' type.
convex/asaas/audit.ts(13,24): error TS7006: Parameter 'args' implicitly has an 'any' type.
convex/asaas/conflict_resolution.ts(38,19): error TS7006: Parameter 'ctx' implicitly has an 'any' type.
convex/asaas/conflict_resolution.ts(38,24): error TS7006: Parameter 'args' implicitly has an 'any' type.
convex/asaas/conflict_resolution.ts(42,32): error TS7006: Parameter 'q' implicitly has an 'any' type.
convex/asaas/conflict_resolution.ts(50,10): error TS7006: Parameter 'c' implicitly has an 'any' type.
convex/asaas/conflict_resolution.ts(54,37): error TS7006: Parameter 'c' implicitly has an 'any' type.
convex/asaas/conflict_resolution.ts(76,19): error TS7006: Parameter 'ctx' implicitly has an 'any' type.
convex/asaas/conflict_resolution.ts(76,24): error TS7006: Parameter 'args' implicitly has an 'any' type.
convex/asaas/conflict_resolution.ts(157,19): error TS7006: Parameter 'ctx' implicitly has an 'any' type.
convex/asaas/conflict_resolution.ts(157,24): error TS7006: Parameter 'args' implicitly has an 'any' type.
convex/asaas/conflict_resolution.ts(193,19): error TS7006: Parameter 'ctx' implicitly has an 'any' type.
convex/asaas/conflict_resolution.ts(193,24): error TS7006: Parameter 'args' implicitly has an 'any' type.
convex/asaas/conflict_resolution.ts(199,32): error TS7006: Parameter 'q' implicitly has an 'any' type.
convex/asaas/conflict_resolution.ts(200,16): error TS7006: Parameter 'q' implicitly has an 'any' type.
convex/asaas/conflict_resolution.ts(257,19): error TS7006: Parameter 'ctx' implicitly has an 'any' type.
convex/asaas/conflict_resolution.ts(257,24): error TS7006: Parameter 'args' implicitly has an 'any' type.
convex/asaas/conflict_resolution.ts(302,19): error TS7006: Parameter 'ctx' implicitly has an 'any' type.
convex/asaas/conflict_resolution.ts(302,24): error TS7006: Parameter 'args' implicitly has an 'any' type.
convex/asaas/conflict_resolution.ts(311,34): error TS7006: Parameter 'q' implicitly has an 'any' type.
convex/asaas/conflict_resolution.ts(318,34): error TS7006: Parameter 'q' implicitly has an 'any' type.
convex/asaas/conflict_resolution.ts(344,19): error TS7006: Parameter 'ctx' implicitly has an 'any' type.
convex/asaas/conflict_resolution.ts(344,24): error TS7006: Parameter 'args' implicitly has an 'any' type.
convex/asaas/conflict_resolution.ts(351,30): error TS7006: Parameter 'c' implicitly has an 'any' type.
convex/asaas/export.ts(27,5): error TS7006: Parameter 'ctx' implicitly has an 'any' type.
convex/asaas/export.ts(28,5): error TS7006: Parameter 'args' implicitly has an 'any' type.
convex/asaas/export.ts(89,5): error TS7006: Parameter 'ctx' implicitly has an 'any' type.
convex/asaas/export.ts(90,5): error TS7006: Parameter 'args' implicitly has an 'any' type.
convex/asaas/export.ts(156,5): error TS7006: Parameter 'ctx' implicitly has an 'any' type.
convex/asaas/export.ts(157,5): error TS7006: Parameter 'args' implicitly has an 'any' type.
convex/asaas/export.ts(249,5): error TS7006: Parameter 'ctx' implicitly has an 'any' type.
convex/asaas/export.ts(250,5): error TS7006: Parameter 'args' implicitly has an 'any' type.
convex/asaas/helpers.ts(45,31): error TS7006: Parameter 'q' implicitly has an 'any' type.
convex/asaas/helpers.ts(46,14): error TS7006: Parameter 'q' implicitly has an 'any' type.
convex/asaas/helpers.ts(76,49): error TS7006: Parameter 'e' implicitly has an 'any' type.
convex/asaas/idempotency.ts(41,18): error TS7006: Parameter 'ctx' implicitly has an 'any' type.
convex/asaas/idempotency.ts(41,23): error TS7006: Parameter 'args' implicitly has an 'any' type.
convex/asaas/idempotency.ts(47,26): error TS7006: Parameter 'q' implicitly has an 'any' type.
convex/asaas/idempotency.ts(77,18): error TS7006: Parameter 'ctx' implicitly has an 'any' type.
convex/asaas/idempotency.ts(77,23): error TS7006: Parameter 'args' implicitly has an 'any' type.
convex/asaas/idempotency.ts(91,26): error TS7006: Parameter 'q' implicitly has an 'any' type.
convex/asaas/idempotency.ts(117,18): error TS7006: Parameter 'ctx' implicitly has an 'any' type.
convex/asaas/idempotency.ts(125,49): error TS7006: Parameter 'r' implicitly has an 'any' type.
convex/asaas/monitoring.ts(114,18): error TS7006: Parameter 'ctx' implicitly has an 'any' type.
convex/asaas/monitoring.ts(114,23): error TS7006: Parameter 'args' implicitly has an 'any' type.
convex/asaas/monitoring.ts(128,18): error TS7006: Parameter 'ctx' implicitly has an 'any' type.
convex/asaas/monitoring.ts(128,23): error TS7006: Parameter 'args' implicitly has an 'any' type.
convex/asaas/monitoring.ts(188,18): error TS7006: Parameter 'ctx' implicitly has an 'any' type.
convex/asaas/monitoring.ts(188,23): error TS7006: Parameter 'args' implicitly has an 'any' type.
convex/asaas/monitoring.ts(198,29): error TS7006: Parameter 'q' implicitly has an 'any' type.
convex/asaas/monitoring.ts(204,5): error TS7006: Parameter 'a' implicitly has an 'any' type.
convex/asaas/monitoring.ts(209,28): error TS7006: Parameter 'a' implicitly has an 'any' type.
convex/asaas/monitoring.ts(212,28): error TS7006: Parameter 'a' implicitly has an 'any' type.
convex/asaas/monitoring.ts(217,16): error TS7006: Parameter 'a' implicitly has an 'any' type.
convex/asaas/monitoring.ts(217,19): error TS7006: Parameter 'b' implicitly has an 'any' type.
convex/asaas/monitoring.ts(219,5): error TS7053: Element implicitly has an 'any' type because expression of type 'any' can't be used to index type '{ critical: number; high: number; medium: number; low: number; }'.
convex/asaas/monitoring.ts(219,33): error TS7053: Element implicitly has an 'any' type because expression of type 'any' can't be used to index type '{ critical: number; high: number; medium: number; low: number; }'.
convex/asaas/monitoring.ts(235,18): error TS7006: Parameter 'ctx' implicitly has an 'any' type.
convex/asaas/monitoring.ts(235,23): error TS7006: Parameter 'args' implicitly has an 'any' type.
convex/asaas/monitoring.ts(244,35): error TS7006: Parameter 'q' implicitly has an 'any' type.
convex/asaas/monitoring.ts(249,5): error TS7006: Parameter 'a' implicitly has an 'any' type.
convex/asaas/monitoring.ts(265,39): error TS7006: Parameter 'a' implicitly has an 'any' type.
convex/asaas/monitoring.ts(305,18): error TS7006: Parameter 'ctx' implicitly has an 'any' type.
convex/asaas/monitoring.ts(305,23): error TS7006: Parameter 'args' implicitly has an 'any' type.
convex/asaas/monitoring.ts(332,18): error TS7006: Parameter 'ctx' implicitly has an 'any' type.
convex/asaas/monitoring.ts(332,23): error TS7006: Parameter 'args' implicitly has an 'any' type.
convex/asaas/monitoring.ts(352,18): error TS7006: Parameter 'ctx' implicitly has an 'any' type.
convex/asaas/monitoring.ts(367,29): error TS7006: Parameter 'q' implicitly has an 'any' type.
convex/asaas/monitoring.ts(372,7): error TS7006: Parameter 'a' implicitly has an 'any' type.
convex/asaas/monitoring.ts(377,7): error TS7006: Parameter 'a' implicitly has an 'any' type.
convex/asaas/monitoring.ts(384,32): error TS7006: Parameter 'q' implicitly has an 'any' type.
convex/asaas/monitoring.ts(387,43): error TS7006: Parameter 'l' implicitly has an 'any' type.
convex/asaas/monitoring.ts(396,29): error TS7006: Parameter 'q' implicitly has an 'any' type.
convex/asaas/monitoring.ts(400,31): error TS7006: Parameter 'c' implicitly has an 'any' type.
convex/asaas/monitoring.ts(407,40): error TS7006: Parameter 'l' implicitly has an 'any' type.
convex/asaas/monitoring.ts(409,36): error TS7006: Parameter 'l' implicitly has an 'any' type.
convex/asaas/monitoring.ts(413,44): error TS7006: Parameter 'a' implicitly has an 'any' type.
convex/asaas/monitoring.ts(415,40): error TS7006: Parameter 'a' implicitly has an 'any' type.
convex/asaas/monitoring.ts(423,31): error TS7006: Parameter 'sum' implicitly has an 'any' type.
convex/asaas/monitoring.ts(423,36): error TS7006: Parameter 'l' implicitly has an 'any' type.
convex/asaas/mutations.ts(116,19): error TS7006: Parameter 'ctx' implicitly has an 'any' type.
convex/asaas/mutations.ts(116,24): error TS7006: Parameter 'args' implicitly has an 'any' type.
convex/asaas/mutations.ts(137,19): error TS7006: Parameter 'ctx' implicitly has an 'any' type.
convex/asaas/mutations.ts(137,24): error TS7006: Parameter 'args' implicitly has an 'any' type.
convex/asaas/mutations.ts(176,19): error TS7006: Parameter 'ctx' implicitly has an 'any' type.
convex/asaas/mutations.ts(176,24): error TS7006: Parameter 'args' implicitly has an 'any' type.
convex/asaas/mutations.ts(226,19): error TS7006: Parameter 'ctx' implicitly has an 'any' type.
convex/asaas/mutations.ts(226,24): error TS7006: Parameter 'args' implicitly has an 'any' type.
convex/asaas/mutations.ts(279,19): error TS7006: Parameter 'ctx' implicitly has an 'any' type.
convex/asaas/mutations.ts(279,24): error TS7006: Parameter 'args' implicitly has an 'any' type.
convex/asaas/mutations.ts(282,42): error TS7006: Parameter 'q' implicitly has an 'any' type.
convex/asaas/mutations.ts(312,19): error TS7006: Parameter 'ctx' implicitly has an 'any' type.
convex/asaas/mutations.ts(312,24): error TS7006: Parameter 'args' implicitly has an 'any' type.
convex/asaas/mutations.ts(347,44): error TS7006: Parameter 'q' implicitly has an 'any' type.
convex/asaas/mutations.ts(368,19): error TS7006: Parameter 'ctx' implicitly has an 'any' type.
convex/asaas/mutations.ts(368,24): error TS7006: Parameter 'args' implicitly has an 'any' type.
convex/asaas/mutations.ts(387,19): error TS7006: Parameter 'ctx' implicitly has an 'any' type.
convex/asaas/mutations.ts(387,24): error TS7006: Parameter 'args' implicitly has an 'any' type.
convex/asaas/mutations.ts(390,16): error TS7006: Parameter 'q' implicitly has an 'any' type.
convex/asaas/mutations.ts(403,19): error TS7006: Parameter 'ctx' implicitly has an 'any' type.
convex/asaas/mutations.ts(403,24): error TS7006: Parameter 'args' implicitly has an 'any' type.
convex/asaas/mutations.ts(408,33): error TS7006: Parameter 'q' implicitly has an 'any' type.
convex/asaas/mutations.ts(419,36): error TS7006: Parameter 'q' implicitly has an 'any' type.
convex/asaas/mutations.ts(434,19): error TS7006: Parameter 'ctx' implicitly has an 'any' type.
convex/asaas/mutations.ts(434,24): error TS7006: Parameter 'args' implicitly has an 'any' type.
convex/asaas/mutations.ts(437,42): error TS7006: Parameter 'q' implicitly has an 'any' type.
convex/asaas/mutations.ts(449,19): error TS7006: Parameter 'ctx' implicitly has an 'any' type.
convex/asaas/mutations.ts(449,24): error TS7006: Parameter 'args' implicitly has an 'any' type.
convex/asaas/mutations.ts(452,47): error TS7006: Parameter 'q' implicitly has an 'any' type.
convex/asaas/mutations.ts(475,19): error TS7006: Parameter 'ctx' implicitly has an 'any' type.
convex/asaas/mutations.ts(475,24): error TS7006: Parameter 'args' implicitly has an 'any' type.
convex/asaas/mutations.ts(513,19): error TS7006: Parameter 'ctx' implicitly has an 'any' type.
convex/asaas/mutations.ts(513,24): error TS7006: Parameter 'args' implicitly has an 'any' type.
convex/asaas/mutations.ts(551,19): error TS7006: Parameter 'ctx' implicitly has an 'any' type.
convex/asaas/mutations.ts(551,24): error TS7006: Parameter 'args' implicitly has an 'any' type.
convex/asaas/mutations.ts(595,19): error TS7006: Parameter 'ctx' implicitly has an 'any' type.
convex/asaas/mutations.ts(595,24): error TS7006: Parameter 'args' implicitly has an 'any' type.
convex/asaas/mutations.ts(623,19): error TS7006: Parameter 'ctx' implicitly has an 'any' type.
convex/asaas/mutations.ts(623,24): error TS7006: Parameter 'args' implicitly has an 'any' type.
convex/asaas/mutations.ts(683,19): error TS7006: Parameter 'ctx' implicitly has an 'any' type.
convex/asaas/mutations.ts(683,24): error TS7006: Parameter 'args' implicitly has an 'any' type.
convex/asaas/mutations.ts(706,19): error TS7006: Parameter 'ctx' implicitly has an 'any' type.
convex/asaas/mutations.ts(706,24): error TS7006: Parameter 'args' implicitly has an 'any' type.
convex/asaas/mutations.ts(709,47): error TS7006: Parameter 'q' implicitly has an 'any' type.
convex/asaas/mutations.ts(742,19): error TS7006: Parameter 'ctx' implicitly has an 'any' type.
convex/asaas/mutations.ts(742,24): error TS7006: Parameter 'args' implicitly has an 'any' type.
convex/asaas/organization_keys.ts(47,18): error TS7006: Parameter 'ctx' implicitly has an 'any' type.
convex/asaas/organization_keys.ts(54,35): error TS7006: Parameter 'q' implicitly has an 'any' type.
convex/asaas/organization_keys.ts(103,18): error TS7006: Parameter 'ctx' implicitly has an 'any' type.
convex/asaas/organization_keys.ts(103,23): error TS7006: Parameter 'args' implicitly has an 'any' type.
convex/asaas/organization_keys.ts(106,42): error TS7006: Parameter 'q' implicitly has an 'any' type.
convex/asaas/organization_keys.ts(161,18): error TS7006: Parameter 'ctx' implicitly has an 'any' type.
convex/asaas/organization_keys.ts(161,23): error TS7006: Parameter 'args' implicitly has an 'any' type.
convex/asaas/organization_keys.ts(175,35): error TS7006: Parameter 'q' implicitly has an 'any' type.
convex/asaas/organization_keys.ts(217,18): error TS7006: Parameter 'ctx' implicitly has an 'any' type.
convex/asaas/organization_keys.ts(223,35): error TS7006: Parameter 'q' implicitly has an 'any' type.
convex/asaas/organization_keys.ts(245,18): error TS7006: Parameter 'ctx' implicitly has an 'any' type.
convex/asaas/organization_keys.ts(245,23): error TS7006: Parameter 'args' implicitly has an 'any' type.
convex/asaas/organization_keys.ts(273,18): error TS7006: Parameter '_ctx' implicitly has an 'any' type.
convex/asaas/organization_keys.ts(273,24): error TS7006: Parameter 'args' implicitly has an 'any' type.
convex/asaas/queries.ts(24,19): error TS7006: Parameter 'ctx' implicitly has an 'any' type.
convex/asaas/queries.ts(24,24): error TS7006: Parameter 'args' implicitly has an 'any' type.
convex/asaas/queries.ts(39,19): error TS7006: Parameter 'ctx' implicitly has an 'any' type.
convex/asaas/queries.ts(39,24): error TS7006: Parameter 'args' implicitly has an 'any' type.
convex/asaas/queries.ts(52,19): error TS7006: Parameter 'ctx' implicitly has an 'any' type.
convex/asaas/queries.ts(52,24): error TS7006: Parameter 'args' implicitly has an 'any' type.
convex/asaas/queries.ts(90,19): error TS7006: Parameter 'ctx' implicitly has an 'any' type.
convex/asaas/queries.ts(90,24): error TS7006: Parameter 'args' implicitly has an 'any' type.
convex/asaas/queries.ts(103,19): error TS7006: Parameter 'ctx' implicitly has an 'any' type.
convex/asaas/queries.ts(103,24): error TS7006: Parameter 'args' implicitly has an 'any' type.
convex/asaas/queries.ts(106,35): error TS7006: Parameter 'q' implicitly has an 'any' type.
convex/asaas/queries.ts(110,29): error TS7006: Parameter 'w' implicitly has an 'any' type.
convex/asaas/queries.ts(119,19): error TS7006: Parameter 'ctx' implicitly has an 'any' type.
convex/asaas/queries.ts(119,24): error TS7006: Parameter 'args' implicitly has an 'any' type.
convex/asaas/queries.ts(124,32): error TS7006: Parameter 'q' implicitly has an 'any' type.
convex/asaas/queries.ts(135,19): error TS7006: Parameter 'ctx' implicitly has an 'any' type.
convex/asaas/queries.ts(135,24): error TS7006: Parameter 'args' implicitly has an 'any' type.
convex/asaas/queries.ts(140,32): error TS7006: Parameter 'q' implicitly has an 'any' type.
convex/asaas/queries.ts(151,19): error TS7006: Parameter 'ctx' implicitly has an 'any' type.
convex/asaas/queries.ts(151,24): error TS7006: Parameter 'args' implicitly has an 'any' type.
convex/asaas/queries.ts(209,19): error TS7006: Parameter 'ctx' implicitly has an 'any' type.
convex/asaas/queries.ts(214,32): error TS7006: Parameter 'q' implicitly has an 'any' type.
convex/asaas/queries.ts(219,32): error TS7006: Parameter 'q' implicitly has an 'any' type.
convex/asaas/queries.ts(237,19): error TS7006: Parameter 'ctx' implicitly has an 'any' type.
convex/asaas/queries.ts(237,24): error TS7006: Parameter 'args' implicitly has an 'any' type.
convex/asaas/queries.ts(240,35): error TS7006: Parameter 'q' implicitly has an 'any' type.
convex/asaas/queries.ts(252,19): error TS7006: Parameter 'ctx' implicitly has an 'any' type.
convex/asaas/queries.ts(252,24): error TS7006: Parameter 'args' implicitly has an 'any' type.
convex/asaas/queries.ts(256,40): error TS7006: Parameter 'q' implicitly has an 'any' type.
convex/asaas/queries.ts(271,19): error TS7006: Parameter 'ctx' implicitly has an 'any' type.
convex/asaas/queries.ts(271,24): error TS7006: Parameter 'args' implicitly has an 'any' type.
convex/asaas/queries.ts(290,19): error TS7006: Parameter 'ctx' implicitly has an 'any' type.
convex/asaas/queries.ts(290,24): error TS7006: Parameter 'args' implicitly has an 'any' type.
convex/asaas/queries.ts(296,49): error TS7006: Parameter 'q' implicitly has an 'any' type.
convex/asaas/queries.ts(311,19): error TS7006: Parameter 'ctx' implicitly has an 'any' type.
convex/asaas/queries.ts(311,24): error TS7006: Parameter 'args' implicitly has an 'any' type.
convex/asaas/queries.ts(317,46): error TS7006: Parameter 'q' implicitly has an 'any' type.
convex/asaas/queries.ts(332,19): error TS7006: Parameter 'ctx' implicitly has an 'any' type.
convex/asaas/queries.ts(342,19): error TS7006: Parameter 'ctx' implicitly has an 'any' type.
convex/asaas/queries.ts(416,19): error TS7006: Parameter 'ctx' implicitly has an 'any' type.
convex/asaas/queries.ts(425,45): error TS7006: Parameter 'q' implicitly has an 'any' type.
convex/asaas/queries.ts(433,45): error TS7006: Parameter 'q' implicitly has an 'any' type.
convex/asaas/queries.ts(438,52): error TS7006: Parameter 'p' implicitly has an 'any' type.
convex/asaas/queries.ts(452,19): error TS7006: Parameter 'ctx' implicitly has an 'any' type.
convex/asaas/queries.ts(452,24): error TS7006: Parameter 'args' implicitly has an 'any' type.
convex/asaas/queries.ts(462,38): error TS7006: Parameter 'q' implicitly has an 'any' type.
convex/asaas/queries.ts(465,50): error TS7006: Parameter 'p' implicitly has an 'any' type.
convex/asaas/queries.ts(473,10): error TS7006: Parameter 'p' implicitly has an 'any' type.
convex/asaas/queries.ts(478,16): error TS7006: Parameter 'sum' implicitly has an 'any' type.
convex/asaas/queries.ts(478,21): error TS7006: Parameter 'p' implicitly has an 'any' type.
convex/asaas/queries.ts(482,16): error TS7006: Parameter 'p' implicitly has an 'any' type.
convex/asaas/queries.ts(483,16): error TS7006: Parameter 'sum' implicitly has an 'any' type.
convex/asaas/queries.ts(483,21): error TS7006: Parameter 'p' implicitly has an 'any' type.
convex/asaas/queries.ts(488,45): error TS7006: Parameter 'q' implicitly has an 'any' type.
convex/asaas/queries.ts(493,51): error TS7006: Parameter 'sum' implicitly has an 'any' type.
convex/asaas/queries.ts(493,56): error TS7006: Parameter 'p' implicitly has an 'any' type.
convex/asaas/queries.ts(498,45): error TS7006: Parameter 'q' implicitly has an 'any' type.
convex/asaas/queries.ts(503,51): error TS7006: Parameter 'sum' implicitly has an 'any' type.
convex/asaas/queries.ts(503,56): error TS7006: Parameter 'p' implicitly has an 'any' type.
convex/asaas/queries.ts(541,19): error TS7006: Parameter 'ctx' implicitly has an 'any' type.
convex/asaas/queries.ts(541,24): error TS7006: Parameter 'args' implicitly has an 'any' type.
convex/asaas/queries.ts(560,47): error TS7006: Parameter 'q' implicitly has an 'any' type.
convex/asaas/queries.ts(570,8): error TS7006: Parameter 'p' implicitly has an 'any' type.
convex/asaas/queries.ts(576,45): error TS7006: Parameter 'q' implicitly has an 'any' type.
convex/asaas/queries.ts(582,45): error TS7006: Parameter 'q' implicitly has an 'any' type.
convex/asaas/queries.ts(588,45): error TS7006: Parameter 'q' implicitly has an 'any' type.
convex/asaas/queries.ts(607,45): error TS7006: Parameter 'q' implicitly has an 'any' type.
convex/asaas/queries.ts(613,45): error TS7006: Parameter 'q' implicitly has an 'any' type.
convex/asaas/queries.ts(617,52): error TS7006: Parameter 'p' implicitly has an 'any' type.
convex/asaas/queries.ts(640,51): error TS7006: Parameter 'q' implicitly has an 'any' type.
convex/asaas/queries.ts(649,12): error TS7006: Parameter 'p' implicitly has an 'any' type.
convex/asaas/queries.ts(658,41): error TS7006: Parameter 'sum' implicitly has an 'any' type.
convex/asaas/queries.ts(658,46): error TS7006: Parameter 'p' implicitly has an 'any' type.
convex/asaas/queries.ts(665,50): error TS7006: Parameter 'sum' implicitly has an 'any' type.
convex/asaas/queries.ts(665,55): error TS7006: Parameter 'p' implicitly has an 'any' type.
convex/asaas/queries.ts(691,19): error TS7006: Parameter 'ctx' implicitly has an 'any' type.
convex/asaas/queries.ts(691,24): error TS7006: Parameter 'args' implicitly has an 'any' type.
convex/asaas/queries.ts(698,47): error TS7006: Parameter 'q' implicitly has an 'any' type.
convex/asaas/queries.ts(709,35): error TS7006: Parameter 'p' implicitly has an 'any' type.
convex/asaas/queries.ts(734,19): error TS7006: Parameter 'ctx' implicitly has an 'any' type.
convex/asaas/queries.ts(734,24): error TS7006: Parameter 'args' implicitly has an 'any' type.
convex/asaas/queries.ts(752,47): error TS7006: Parameter 'q' implicitly has an 'any' type.
convex/asaas/queries.ts(773,20): error TS7006: Parameter 'p' implicitly has an 'any' type.
convex/asaas/queries.ts(774,20): error TS7006: Parameter 's' implicitly has an 'any' type.
convex/asaas/queries.ts(774,23): error TS7006: Parameter 'p' implicitly has an 'any' type.
convex/asaas/queries.ts(776,20): error TS7006: Parameter 'p' implicitly has an 'any' type.
convex/asaas/queries.ts(777,20): error TS7006: Parameter 's' implicitly has an 'any' type.
convex/asaas/queries.ts(777,23): error TS7006: Parameter 'p' implicitly has an 'any' type.
convex/asaas/queries.ts(779,20): error TS7006: Parameter 'p' implicitly has an 'any' type.
convex/asaas/queries.ts(780,20): error TS7006: Parameter 's' implicitly has an 'any' type.
convex/asaas/queries.ts(780,23): error TS7006: Parameter 'p' implicitly has an 'any' type.
convex/asaas/queries.ts(800,19): error TS7006: Parameter 'ctx' implicitly has an 'any' type.
convex/asaas/queries.ts(800,24): error TS7006: Parameter 'args' implicitly has an 'any' type.
convex/asaas/queries.ts(815,47): error TS7006: Parameter 'q' implicitly has an 'any' type.
convex/asaas/queries.ts(824,48): error TS7006: Parameter 'q' implicitly has an 'any' type.
convex/asaas/queries.ts(833,49): error TS7006: Parameter 'q' implicitly has an 'any' type.
convex/asaas/queries.ts(845,40): error TS7006: Parameter 'q' implicitly has an 'any' type.
convex/asaas/queries.ts(890,19): error TS7006: Parameter 'ctx' implicitly has an 'any' type.
convex/asaas/queries.ts(890,24): error TS7006: Parameter 'args' implicitly has an 'any' type.
convex/asaas/queries.ts(896,35): error TS7006: Parameter 'q' implicitly has an 'any' type.
convex/asaas/queries.ts(909,36): error TS7006: Parameter 'l' implicitly has an 'any' type.
convex/asaas/queries.ts(911,20): error TS7006: Parameter 'sum' implicitly has an 'any' type.
convex/asaas/queries.ts(911,25): error TS7006: Parameter 'l' implicitly has an 'any' type.
convex/asaas/queries.ts(968,19): error TS7006: Parameter 'ctx' implicitly has an 'any' type.
convex/asaas/queries.ts(989,19): error TS7006: Parameter 'ctx' implicitly has an 'any' type.
convex/asaas/queries.ts(999,35): error TS7006: Parameter 'q' implicitly has an 'any' type.
convex/asaas/queries.ts(1002,36): error TS7006: Parameter 'l' implicitly has an 'any' type.
convex/asaas/queries.ts(1007,35): error TS7006: Parameter 'sum' implicitly has an 'any' type.
convex/asaas/queries.ts(1007,40): error TS7006: Parameter 'l' implicitly has an 'any' type.
convex/asaas/queries.ts(1020,39): error TS7006: Parameter 'w' implicitly has an 'any' type.
convex/asaas/queries.ts(1021,38): error TS7006: Parameter 'w' implicitly has an 'any' type.
convex/asaas/queries.ts(1026,32): error TS7006: Parameter 'q' implicitly has an 'any' type.
convex/asaas/queries.ts(1030,32): error TS7006: Parameter 'q' implicitly has an 'any' type.
convex/asaas/queries.ts(1042,32): error TS7006: Parameter 'q' implicitly has an 'any' type.
convex/asaas/queries.ts(1124,33): error TS7006: Parameter 'a' implicitly has an 'any' type.
convex/asaas/queries.ts(1125,29): error TS7006: Parameter 'a' implicitly has an 'any' type.
convex/asaas/queries/health.ts(29,19): error TS7006: Parameter 'ctx' implicitly has an 'any' type.
convex/asaas/queries/health.ts(34,34): error TS7006: Parameter 'q' implicitly has an 'any' type.
convex/asaas/queries/health.ts(38,34): error TS7006: Parameter 'q' implicitly has an 'any' type.
convex/asaas/queries/health.ts(42,34): error TS7006: Parameter 'q' implicitly has an 'any' type.
convex/asaas/queries/health.ts(46,34): error TS7006: Parameter 'q' implicitly has an 'any' type.
convex/asaas/queries/health.ts(57,14): error TS7006: Parameter 'oldest' implicitly has an 'any' type.
convex/asaas/queries/health.ts(57,22): error TS7006: Parameter 'w' implicitly has an 'any' type.
convex/asaas/queries/health.ts(65,14): error TS7006: Parameter 'oldest' implicitly has an 'any' type.
convex/asaas/queries/health.ts(65,22): error TS7006: Parameter 'w' implicitly has an 'any' type.
convex/asaas/queries/health.ts(95,19): error TS7006: Parameter 'ctx' implicitly has an 'any' type.
convex/asaas/queries/health.ts(98,32): error TS7006: Parameter 'q' implicitly has an 'any' type.
convex/asaas/queries/health.ts(103,32): error TS7006: Parameter 'q' implicitly has an 'any' type.
convex/asaas/queries/health.ts(130,19): error TS7006: Parameter 'ctx' implicitly has an 'any' type.
convex/asaas/queries/health.ts(130,24): error TS7006: Parameter 'args' implicitly has an 'any' type.
convex/asaas/queries/health.ts(136,33): error TS7006: Parameter 'q' implicitly has an 'any' type.
convex/asaas/queries/health.ts(140,50): error TS7006: Parameter 'w' implicitly has an 'any' type.
convex/asaas/queries/health.ts(144,55): error TS7006: Parameter 'w' implicitly has an 'any' type.
convex/asaas/queries/health.ts(148,51): error TS7006: Parameter 'w' implicitly has an 'any' type.
convex/asaas/queries/health.ts(185,19): error TS7006: Parameter 'ctx' implicitly has an 'any' type.
convex/asaas/queries/health.ts(185,24): error TS7006: Parameter 'args' implicitly has an 'any' type.
convex/asaas/queries/health.ts(188,34): error TS7006: Parameter 'q' implicitly has an 'any' type.
convex/asaas/sync.ts(36,18): error TS7006: Parameter 'ctx' implicitly has an 'any' type.
convex/asaas/sync.ts(36,23): error TS7006: Parameter 'args' implicitly has an 'any' type.
convex/asaas/sync.ts(73,18): error TS7006: Parameter 'ctx' implicitly has an 'any' type.
convex/asaas/sync.ts(73,23): error TS7006: Parameter 'args' implicitly has an 'any' type.
convex/asaas/sync.ts(105,18): error TS7006: Parameter 'ctx' implicitly has an 'any' type.
convex/asaas/sync.ts(105,23): error TS7006: Parameter 'args' implicitly has an 'any' type.
convex/asaas/sync.ts(124,18): error TS7006: Parameter 'ctx' implicitly has an 'any' type.
convex/asaas/sync.ts(132,33): error TS7006: Parameter 'q' implicitly has an 'any' type.
convex/asaas/sync.ts(162,18): error TS7006: Parameter 'ctx' implicitly has an 'any' type.
convex/asaas/sync.ts(162,23): error TS7006: Parameter 'args' implicitly has an 'any' type.
convex/asaas/sync.ts(170,33): error TS7006: Parameter 'q' implicitly has an 'any' type.
convex/asaas/sync.ts(171,14): error TS7006: Parameter 'q' implicitly has an 'any' type.
convex/asaas/sync.ts(180,30): error TS7006: Parameter 'q' implicitly has an 'any' type.
convex/asaas/sync.ts(189,33): error TS7006: Parameter 'q' implicitly has an 'any' type.
convex/asaas/sync.ts(207,18): error TS7006: Parameter 'ctx' implicitly has an 'any' type.
convex/asaas/sync.ts(207,23): error TS7006: Parameter 'args' implicitly has an 'any' type.
convex/asaas/sync.ts(222,18): error TS7006: Parameter 'ctx' implicitly has an 'any' type.
convex/asaas/sync.ts(222,23): error TS7006: Parameter 'args' implicitly has an 'any' type.
convex/asaas/sync.ts(239,18): error TS7006: Parameter 'ctx' implicitly has an 'any' type.
convex/asaas/sync.ts(239,23): error TS7006: Parameter 'args' implicitly has an 'any' type.
convex/asaas/sync.ts(242,29): error TS7006: Parameter 'q' implicitly has an 'any' type.
convex/asaas/sync.ts(243,13): error TS7006: Parameter 'q' implicitly has an 'any' type.
convex/asaas/sync.ts(263,18): error TS7006: Parameter 'ctx' implicitly has an 'any' type.
convex/asaas/sync.ts(263,23): error TS7006: Parameter 'args' implicitly has an 'any' type.
convex/asaas/sync.ts(271,29): error TS7006: Parameter 'q' implicitly has an 'any' type.
convex/asaas/sync.ts(277,38): error TS7006: Parameter 'sync' implicitly has an 'any' type.
convex/asaas/sync.ts(283,27): error TS7006: Parameter 'sync' implicitly has an 'any' type.
convex/asaas/sync.ts(362,18): error TS7006: Parameter 'ctx' implicitly has an 'any' type.
convex/asaas/sync.ts(368,26): error TS7006: Parameter 'q' implicitly has an 'any' type.
convex/asaas/sync.ts(390,18): error TS7006: Parameter 'ctx' implicitly has an 'any' type.
convex/asaas/sync.ts(390,23): error TS7006: Parameter 'args' implicitly has an 'any' type.
convex/asaas/sync.ts(396,26): error TS7006: Parameter 'q' implicitly has an 'any' type.
convex/asaas/sync.ts(428,18): error TS7006: Parameter 'ctx' implicitly has an 'any' type.
convex/asaas/sync.ts(466,18): error TS7006: Parameter 'ctx' implicitly has an 'any' type.
convex/asaas/sync.ts(491,18): error TS7006: Parameter 'ctx' implicitly has an 'any' type.
convex/asaas/test_payloads.ts(255,19): error TS7006: Parameter 'ctx' implicitly has an 'any' type.
convex/asaas/test_payloads.ts(255,24): error TS7006: Parameter 'args' implicitly has an 'any' type.
convex/asaas/test_payloads.ts(362,19): error TS7006: Parameter 'ctx' implicitly has an 'any' type.
convex/asaas/test_payloads.ts(362,24): error TS7006: Parameter 'args' implicitly has an 'any' type.
convex/asaas/test_payloads.ts(380,24): error TS7053: Element implicitly has an 'any' type because expression of type 'any' can't be used to index type '{ PAYMENT_CREATED: (customerId?: string | undefined) => { id: string; event: string; payment: { id: string; customer: string; value: number; netValue: number; billingType: "PIX"; status: "PENDING"; dueDate: string; description: string; externalReference: string; dateCreated: string; }; }; ... 10 more ...; DUPLICATE_...'.
convex/asaas/test_sync.ts(27,19): error TS7006: Parameter 'ctx' implicitly has an 'any' type.
convex/asaas/test_sync.ts(27,24): error TS7006: Parameter 'args' implicitly has an 'any' type.
convex/asaas/test_sync.ts(207,19): error TS7006: Parameter 'ctx' implicitly has an 'any' type.
convex/asaas/test_sync.ts(207,24): error TS7006: Parameter 'args' implicitly has an 'any' type.
convex/asaas/webhooks.ts(56,19): error TS7006: Parameter 'ctx' implicitly has an 'any' type.
convex/asaas/webhooks.ts(56,24): error TS7006: Parameter 'args' implicitly has an 'any' type.
convex/asaas/webhooks.ts(59,34): error TS7006: Parameter 'q' implicitly has an 'any' type.
convex/asaas/webhooks.ts(69,19): error TS7006: Parameter 'ctx' implicitly has an 'any' type.
convex/asaas/webhooks.ts(69,24): error TS7006: Parameter 'args' implicitly has an 'any' type.
convex/asaas/webhooks.ts(86,19): error TS7006: Parameter 'ctx' implicitly has an 'any' type.
convex/asaas/webhooks.ts(86,24): error TS7006: Parameter 'args' implicitly has an 'any' type.
convex/asaas/webhooks.ts(135,19): error TS7006: Parameter 'ctx' implicitly has an 'any' type.
convex/asaas/webhooks.ts(135,24): error TS7006: Parameter 'args' implicitly has an 'any' type.
convex/asaas/webhooks.ts(166,19): error TS7006: Parameter 'ctx' implicitly has an 'any' type.
convex/asaas/webhooks.ts(166,24): error TS7006: Parameter 'args' implicitly has an 'any' type.
convex/asaas/webhooks.ts(209,19): error TS7006: Parameter 'ctx' implicitly has an 'any' type.
convex/asaas/webhooks.ts(209,24): error TS7006: Parameter 'args' implicitly has an 'any' type.
convex/asaas/webhooks.ts(420,19): error TS7006: Parameter 'ctx' implicitly has an 'any' type.
convex/asaas/webhooks.ts(420,24): error TS7006: Parameter 'args' implicitly has an 'any' type.
convex/asaas/webhooks.ts(462,19): error TS7006: Parameter 'ctx' implicitly has an 'any' type.
convex/asaas/webhooks.ts(462,24): error TS7006: Parameter 'args' implicitly has an 'any' type.
convex/asaas/webhooks.ts(466,32): error TS7006: Parameter 'q' implicitly has an 'any' type.
convex/asaas/webhooks.ts(478,19): error TS7006: Parameter 'ctx' implicitly has an 'any' type.
convex/asaas/webhooks.ts(482,36): error TS7006: Parameter 'q' implicitly has an 'any' type.
convex/asaas/webhooks.ts(502,19): error TS7006: Parameter 'ctx' implicitly has an 'any' type.
convex/asaas/webhooks.ts(506,41): error TS7006: Parameter 'q' implicitly has an 'any' type.
convex/auth.config.ts(1,33): error TS2307: Cannot find module 'convex/server' or its corresponding type declarations.
convex/conversations.ts(23,19): error TS7006: Parameter 'ctx' implicitly has an 'any' type.
convex/conversations.ts(23,24): error TS7006: Parameter 'args' implicitly has an 'any' type.
convex/conversations.ts(31,38): error TS7006: Parameter 'q' implicitly has an 'any' type.
convex/conversations.ts(45,44): error TS7006: Parameter 'c' implicitly has an 'any' type.
convex/conversations.ts(51,27): error TS7006: Parameter 'c' implicitly has an 'any' type.
convex/conversations.ts(75,32): error TS7006: Parameter 'c' implicitly has an 'any' type.
convex/conversations.ts(89,42): error TS7006: Parameter 'q' implicitly has an 'any' type.
convex/conversations.ts(117,19): error TS7006: Parameter 'ctx' implicitly has an 'any' type.
convex/conversations.ts(117,24): error TS7006: Parameter 'args' implicitly has an 'any' type.
convex/conversations.ts(146,19): error TS7006: Parameter 'ctx' implicitly has an 'any' type.
convex/conversations.ts(146,24): error TS7006: Parameter 'args' implicitly has an 'any' type.
convex/conversations.ts(151,33): error TS7006: Parameter 'q' implicitly has an 'any' type.
convex/conversations.ts(158,19): error TS7006: Parameter 'ctx' implicitly has an 'any' type.
convex/conversations.ts(158,24): error TS7006: Parameter 'args' implicitly has an 'any' type.
convex/conversations.ts(163,30): error TS7006: Parameter 'q' implicitly has an 'any' type.
convex/conversations.ts(192,19): error TS7006: Parameter 'ctx' implicitly has an 'any' type.
convex/conversations.ts(192,24): error TS7006: Parameter 'args' implicitly has an 'any' type.
convex/conversations.ts(233,19): error TS7006: Parameter 'ctx' implicitly has an 'any' type.
convex/conversations.ts(233,24): error TS7006: Parameter 'args' implicitly has an 'any' type.
convex/crons.ts(1,26): error TS2307: Cannot find module 'convex/server' or its corresponding type declarations.
convex/debug_access.ts(5,19): error TS7006: Parameter 'ctx' implicitly has an 'any' type.
convex/debug_access.ts(9,37): error TS7006: Parameter 'q' implicitly has an 'any' type.
convex/debug_access.ts(13,23): error TS7006: Parameter 'e' implicitly has an 'any' type.
convex/debug_tool.ts(9,18): error TS7006: Parameter 'ctx' implicitly has an 'any' type.
convex/debug_tool.ts(12,24): error TS7006: Parameter 's' implicitly has an 'any' type.
convex/debug_tool.ts(37,18): error TS7006: Parameter 'ctx' implicitly has an 'any' type.
convex/debug_tool.ts(81,18): error TS7006: Parameter 'ctx' implicitly has an 'any' type.
convex/debug_users.ts(5,19): error TS7006: Parameter 'ctx' implicitly has an 'any' type.
convex/debug_users.ts(7,22): error TS7006: Parameter 'u' implicitly has an 'any' type.
convex/emailMarketing.ts(21,41): error TS2307: Cannot find module 'convex/server' or its corresponding type declarations.
convex/emailMarketing.ts(68,19): error TS7006: Parameter 'ctx' implicitly has an 'any' type.
convex/emailMarketing.ts(68,24): error TS7006: Parameter 'args' implicitly has an 'any' type.
convex/emailMarketing.ts(80,38): error TS7006: Parameter 'q' implicitly has an 'any' type.
convex/emailMarketing.ts(89,10): error TS7006: Parameter 'c' implicitly has an 'any' type.
convex/emailMarketing.ts(93,35): error TS7006: Parameter 'c' implicitly has an 'any' type.
convex/emailMarketing.ts(121,19): error TS7006: Parameter 'ctx' implicitly has an 'any' type.
convex/emailMarketing.ts(121,24): error TS7006: Parameter 'args' implicitly has an 'any' type.
convex/emailMarketing.ts(126,38): error TS7006: Parameter 'q' implicitly has an 'any' type.
convex/emailMarketing.ts(131,27): error TS7006: Parameter 'q' implicitly has an 'any' type.
convex/emailMarketing.ts(152,10): error TS7006: Parameter 'c' implicitly has an 'any' type.
convex/emailMarketing.ts(168,19): error TS7006: Parameter 'ctx' implicitly has an 'any' type.
convex/emailMarketing.ts(168,24): error TS7006: Parameter 'args' implicitly has an 'any' type.
convex/emailMarketing.ts(185,19): error TS7006: Parameter 'ctx' implicitly has an 'any' type.
convex/emailMarketing.ts(185,24): error TS7006: Parameter 'args' implicitly has an 'any' type.
convex/emailMarketing.ts(190,31): error TS7006: Parameter 'q' implicitly has an 'any' type.
convex/emailMarketing.ts(206,19): error TS7006: Parameter 'ctx' implicitly has an 'any' type.
convex/emailMarketing.ts(206,24): error TS7006: Parameter 'args' implicitly has an 'any' type.
convex/emailMarketing.ts(216,19): error TS7006: Parameter 'ctx' implicitly has an 'any' type.
convex/emailMarketing.ts(216,24): error TS7006: Parameter 'args' implicitly has an 'any' type.
convex/emailMarketing.ts(219,31): error TS7006: Parameter 'q' implicitly has an 'any' type.
convex/emailMarketing.ts(236,19): error TS7006: Parameter 'ctx' implicitly has an 'any' type.
convex/emailMarketing.ts(236,24): error TS7006: Parameter 'args' implicitly has an 'any' type.
convex/emailMarketing.ts(252,30): error TS7006: Parameter 'q' implicitly has an 'any' type.
convex/emailMarketing.ts(299,19): error TS7006: Parameter 'ctx' implicitly has an 'any' type.
convex/emailMarketing.ts(299,24): error TS7006: Parameter 'args' implicitly has an 'any' type.
convex/emailMarketing.ts(316,33): error TS7006: Parameter 'q' implicitly has an 'any' type.
convex/emailMarketing.ts(373,19): error TS7006: Parameter 'ctx' implicitly has an 'any' type.
convex/emailMarketing.ts(373,24): error TS7006: Parameter 'args' implicitly has an 'any' type.
convex/emailMarketing.ts(409,19): error TS7006: Parameter 'ctx' implicitly has an 'any' type.
convex/emailMarketing.ts(409,24): error TS7006: Parameter 'args' implicitly has an 'any' type.
convex/emailMarketing.ts(430,19): error TS7006: Parameter 'ctx' implicitly has an 'any' type.
convex/emailMarketing.ts(430,24): error TS7006: Parameter 'args' implicitly has an 'any' type.
convex/emailMarketing.ts(433,31): error TS7006: Parameter 'q' implicitly has an 'any' type.
convex/emailMarketing.ts(454,19): error TS7006: Parameter 'ctx' implicitly has an 'any' type.
convex/emailMarketing.ts(454,24): error TS7006: Parameter 'args' implicitly has an 'any' type.
convex/emailMarketing.ts(471,30): error TS7006: Parameter 'q' implicitly has an 'any' type.
convex/emailMarketing.ts(514,19): error TS7006: Parameter 'ctx' implicitly has an 'any' type.
convex/emailMarketing.ts(514,24): error TS7006: Parameter 'args' implicitly has an 'any' type.
convex/emailMarketing.ts(533,33): error TS7006: Parameter 'q' implicitly has an 'any' type.
convex/emailMarketing.ts(582,19): error TS7006: Parameter 'ctx' implicitly has an 'any' type.
convex/emailMarketing.ts(582,24): error TS7006: Parameter 'args' implicitly has an 'any' type.
convex/emailMarketing.ts(593,31): error TS7006: Parameter 'q' implicitly has an 'any' type.
convex/emailMarketing.ts(648,19): error TS7006: Parameter 'ctx' implicitly has an 'any' type.
convex/emailMarketing.ts(648,24): error TS7006: Parameter 'args' implicitly has an 'any' type.
convex/emailMarketing.ts(714,19): error TS7006: Parameter 'ctx' implicitly has an 'any' type.
convex/emailMarketing.ts(714,24): error TS7006: Parameter 'args' implicitly has an 'any' type.
convex/emailMarketing.ts(719,38): error TS7006: Parameter 'q' implicitly has an 'any' type.
convex/emailMarketing.ts(726,29): error TS7006: Parameter 'l' implicitly has an 'any' type.
convex/emailMarketing.ts(738,19): error TS7006: Parameter 'ctx' implicitly has an 'any' type.
convex/emailMarketing.ts(738,24): error TS7006: Parameter 'args' implicitly has an 'any' type.
convex/emailMarketing.ts(755,19): error TS7006: Parameter 'ctx' implicitly has an 'any' type.
convex/emailMarketing.ts(755,24): error TS7006: Parameter 'args' implicitly has an 'any' type.
convex/emailMarketing.ts(772,19): error TS7006: Parameter 'ctx' implicitly has an 'any' type.
convex/emailMarketing.ts(772,24): error TS7006: Parameter 'args' implicitly has an 'any' type.
convex/emailMarketing.ts(822,19): error TS7006: Parameter 'ctx' implicitly has an 'any' type.
convex/emailMarketing.ts(822,24): error TS7006: Parameter 'args' implicitly has an 'any' type.
convex/emailMarketing.ts(843,37): error TS7006: Parameter 's' implicitly has an 'any' type.
convex/emailMarketing.ts(852,22): error TS7006: Parameter 'e' implicitly has an 'any' type.
convex/emailMarketing.ts(853,19): error TS7006: Parameter 'e' implicitly has an 'any' type.
convex/emailMarketing.ts(855,37): error TS7006: Parameter 's' implicitly has an 'any' type.
convex/emailMarketing.ts(882,12): error TS7006: Parameter 'l' implicitly has an 'any' type.
convex/emailMarketing.ts(889,31): error TS7006: Parameter 'l' implicitly has an 'any' type.
convex/emailMarketing.ts(892,31): error TS7006: Parameter 'l' implicitly has an 'any' type.
convex/emailMarketing.ts(932,33): error TS7006: Parameter 'q' implicitly has an 'any' type.
convex/emailMarketing.ts(993,19): error TS7006: Parameter 'ctx' implicitly has an 'any' type.
convex/emailMarketing.ts(993,24): error TS7006: Parameter 'args' implicitly has an 'any' type.
convex/emailMarketing.ts(1007,37): error TS7006: Parameter 's' implicitly has an 'any' type.
convex/emailMarketing.ts(1014,22): error TS7006: Parameter 'e' implicitly has an 'any' type.
convex/emailMarketing.ts(1015,19): error TS7006: Parameter 'e' implicitly has an 'any' type.
convex/emailMarketing.ts(1017,37): error TS7006: Parameter 's' implicitly has an 'any' type.
convex/emailMarketing.ts(1031,40): error TS7006: Parameter 'q' implicitly has an 'any' type.
convex/emailMarketing.ts(1038,12): error TS7006: Parameter 'l' implicitly has an 'any' type.
convex/emailMarketing.ts(1044,31): error TS7006: Parameter 'l' implicitly has an 'any' type.
convex/emailMarketing.ts(1046,31): error TS7006: Parameter 'l' implicitly has an 'any' type.
convex/emailMarketing.ts(1070,19): error TS7006: Parameter 'ctx' implicitly has an 'any' type.
convex/emailMarketing.ts(1070,24): error TS7006: Parameter 'args' implicitly has an 'any' type.
convex/emailMarketing.ts(1103,19): error TS7006: Parameter 'ctx' implicitly has an 'any' type.
convex/emailMarketing.ts(1103,24): error TS7006: Parameter 'args' implicitly has an 'any' type.
convex/emailMarketing.ts(1134,19): error TS7006: Parameter 'ctx' implicitly has an 'any' type.
convex/emailMarketing.ts(1134,24): error TS7006: Parameter 'args' implicitly has an 'any' type.
convex/emailMarketing.ts(1183,19): error TS7006: Parameter 'ctx' implicitly has an 'any' type.
convex/emailMarketing.ts(1183,24): error TS7006: Parameter 'args' implicitly has an 'any' type.
convex/emailMarketing.ts(1201,41): error TS7006: Parameter 'id' implicitly has an 'any' type.
convex/emailMarketing.ts(1232,19): error TS7006: Parameter 'ctx' implicitly has an 'any' type.
convex/emailMarketing.ts(1232,24): error TS7006: Parameter 'args' implicitly has an 'any' type.
convex/emailMarketing.ts(1260,19): error TS7006: Parameter 'ctx' implicitly has an 'any' type.
convex/emailMarketing.ts(1260,24): error TS7006: Parameter 'args' implicitly has an 'any' type.
convex/emailMarketing.ts(1279,19): error TS7006: Parameter 'ctx' implicitly has an 'any' type.
convex/emailMarketing.ts(1279,24): error TS7006: Parameter 'args' implicitly has an 'any' type.
convex/emailMarketing.ts(1281,29): error TS7006: Parameter 'c' implicitly has an 'any' type.
convex/emailMarketing.ts(1290,19): error TS7006: Parameter 'ctx' implicitly has an 'any' type.
convex/emailMarketing.ts(1290,24): error TS7006: Parameter 'args' implicitly has an 'any' type.
convex/emailMarketing.ts(1403,19): error TS7006: Parameter 'ctx' implicitly has an 'any' type.
convex/emailMarketing.ts(1403,24): error TS7006: Parameter 'args' implicitly has an 'any' type.
convex/emailMarketing.ts(1408,38): error TS7006: Parameter 'q' implicitly has an 'any' type.
convex/emailMarketing.ts(1415,37): error TS7006: Parameter 'c' implicitly has an 'any' type.
convex/emailMarketing.ts(1431,19): error TS7006: Parameter 'ctx' implicitly has an 'any' type.
convex/emailMarketing.ts(1431,24): error TS7006: Parameter 'args' implicitly has an 'any' type.
convex/emailMarketing.ts(1448,19): error TS7006: Parameter 'ctx' implicitly has an 'any' type.
convex/emailMarketing.ts(1448,24): error TS7006: Parameter 'args' implicitly has an 'any' type.
convex/emailMarketing.ts(1468,19): error TS7006: Parameter 'ctx' implicitly has an 'any' type.
convex/emailMarketing.ts(1468,24): error TS7006: Parameter 'args' implicitly has an 'any' type.
convex/emailMarketing.ts(1476,34): error TS7006: Parameter 'q' implicitly has an 'any' type.
convex/emailMarketing.ts(1524,19): error TS7006: Parameter 'ctx' implicitly has an 'any' type.
convex/emailMarketing.ts(1524,24): error TS7006: Parameter 'args' implicitly has an 'any' type.
convex/emailMarketing.ts(1563,19): error TS7006: Parameter 'ctx' implicitly has an 'any' type.
convex/emailMarketing.ts(1563,24): error TS7006: Parameter 'args' implicitly has an 'any' type.
convex/emailMarketing.ts(1598,19): error TS7006: Parameter 'ctx' implicitly has an 'any' type.
convex/emailMarketing.ts(1598,24): error TS7006: Parameter 'args' implicitly has an 'any' type.
convex/emailMarketing.ts(1622,19): error TS7006: Parameter 'ctx' implicitly has an 'any' type.
convex/emailMarketing.ts(1622,24): error TS7006: Parameter 'args' implicitly has an 'any' type.
convex/emailMarketing.ts(1649,19): error TS7006: Parameter 'ctx' implicitly has an 'any' type.
convex/emailMarketing.ts(1649,24): error TS7006: Parameter 'args' implicitly has an 'any' type.
convex/emailMarketing.ts(1666,19): error TS7006: Parameter 'ctx' implicitly has an 'any' type.
convex/emailMarketing.ts(1666,24): error TS7006: Parameter 'args' implicitly has an 'any' type.
convex/emailMarketing.ts(1733,19): error TS7006: Parameter 'ctx' implicitly has an 'any' type.
convex/emailMarketing.ts(1733,24): error TS7006: Parameter 'args' implicitly has an 'any' type.
convex/emailMarketing.ts(1759,19): error TS7006: Parameter 'ctx' implicitly has an 'any' type.
convex/emailMarketing.ts(1759,24): error TS7006: Parameter 'args' implicitly has an 'any' type.
convex/emailMarketing.ts(1815,19): error TS7006: Parameter 'ctx' implicitly has an 'any' type.
convex/emailMarketing.ts(1815,24): error TS7006: Parameter 'args' implicitly has an 'any' type.
convex/emailMarketing.ts(1842,19): error TS7006: Parameter 'ctx' implicitly has an 'any' type.
convex/emailMarketing.ts(1842,24): error TS7006: Parameter 'args' implicitly has an 'any' type.
convex/emailMarketing.ts(1891,19): error TS7006: Parameter 'ctx' implicitly has an 'any' type.
convex/emailMarketing.ts(1891,24): error TS7006: Parameter 'args' implicitly has an 'any' type.
convex/emailMarketing.ts(1896,38): error TS7006: Parameter 'q' implicitly has an 'any' type.
convex/emailMarketing.ts(1903,37): error TS7006: Parameter 't' implicitly has an 'any' type.
convex/emailMarketing.ts(1907,37): error TS7006: Parameter 't' implicitly has an 'any' type.
convex/emailMarketing.ts(1919,19): error TS7006: Parameter 'ctx' implicitly has an 'any' type.
convex/emailMarketing.ts(1919,24): error TS7006: Parameter 'args' implicitly has an 'any' type.
convex/emailMarketing.ts(1936,19): error TS7006: Parameter 'ctx' implicitly has an 'any' type.
convex/emailMarketing.ts(1936,24): error TS7006: Parameter 'args' implicitly has an 'any' type.
convex/emailMarketing.ts(1955,19): error TS7006: Parameter 'ctx' implicitly has an 'any' type.
convex/emailMarketing.ts(1955,24): error TS7006: Parameter 'args' implicitly has an 'any' type.
convex/emailMarketing.ts(1997,19): error TS7006: Parameter 'ctx' implicitly has an 'any' type.
convex/emailMarketing.ts(1997,24): error TS7006: Parameter 'args' implicitly has an 'any' type.
convex/emailMarketing.ts(2032,19): error TS7006: Parameter 'ctx' implicitly has an 'any' type.
convex/emailMarketing.ts(2032,24): error TS7006: Parameter 'args' implicitly has an 'any' type.
convex/emailMarketing.ts(2063,19): error TS7006: Parameter 'ctx' implicitly has an 'any' type.
convex/emailMarketing.ts(2063,24): error TS7006: Parameter 'args' implicitly has an 'any' type.
convex/emailMarketing.ts(2080,19): error TS7006: Parameter 'ctx' implicitly has an 'any' type.
convex/emailMarketing.ts(2080,24): error TS7006: Parameter 'args' implicitly has an 'any' type.
convex/emailMarketing.ts(2139,19): error TS7006: Parameter 'ctx' implicitly has an 'any' type.
convex/emailMarketing.ts(2139,24): error TS7006: Parameter 'args' implicitly has an 'any' type.
convex/emailMarketing.ts(2211,39): error TS7006: Parameter 'q' implicitly has an 'any' type.
convex/emailMarketing.ts(2214,53): error TS7006: Parameter 'e' implicitly has an 'any' type.
convex/emailMarketing.ts(2252,19): error TS7006: Parameter 'ctx' implicitly has an 'any' type.
convex/emailMarketing.ts(2252,24): error TS7006: Parameter 'args' implicitly has an 'any' type.
convex/emailMarketing.ts(2259,33): error TS7006: Parameter 'q' implicitly has an 'any' type.
convex/emailMarketing.ts(2323,19): error TS7006: Parameter 'ctx' implicitly has an 'any' type.
convex/emailMarketing.ts(2323,24): error TS7006: Parameter 'args' implicitly has an 'any' type.
convex/emailMarketing.ts(2464,19): error TS7006: Parameter 'ctx' implicitly has an 'any' type.
convex/emailMarketing.ts(2464,24): error TS7006: Parameter 'args' implicitly has an 'any' type.
convex/emailMarketing.ts(2498,19): error TS7006: Parameter 'ctx' implicitly has an 'any' type.
convex/emailMarketing.ts(2498,24): error TS7006: Parameter 'args' implicitly has an 'any' type.
convex/emailMarketing.ts(2509,34): error TS7006: Parameter 'q' implicitly has an 'any' type.
convex/emailMarketing.ts(2514,31): error TS7006: Parameter 'e' implicitly has an 'any' type.
convex/emailMarketing.ts(2533,19): error TS7006: Parameter 'ctx' implicitly has an 'any' type.
convex/emailMarketing.ts(2533,24): error TS7006: Parameter 'args' implicitly has an 'any' type.
convex/emailMarketing.ts(2544,33): error TS7006: Parameter 'q' implicitly has an 'any' type.
convex/enrollments.ts(38,19): error TS7006: Parameter 'ctx' implicitly has an 'any' type.
convex/enrollments.ts(38,24): error TS7006: Parameter 'args' implicitly has an 'any' type.
convex/enrollments.ts(61,31): error TS7006: Parameter 'q' implicitly has an 'any' type.
convex/enrollments.ts(62,14): error TS7006: Parameter 'q' implicitly has an 'any' type.
convex/enrollments.ts(65,56): error TS7006: Parameter 'e' implicitly has an 'any' type.
convex/enrollments.ts(101,19): error TS7006: Parameter 'ctx' implicitly has an 'any' type.
convex/enrollments.ts(101,24): error TS7006: Parameter 'args' implicitly has an 'any' type.
convex/enrollments.ts(121,19): error TS7006: Parameter 'ctx' implicitly has an 'any' type.
convex/enrollments.ts(121,24): error TS7006: Parameter 'args' implicitly has an 'any' type.
convex/enrollments.ts(127,33): error TS7006: Parameter 'q' implicitly has an 'any' type.
convex/enrollments.ts(147,18): error TS7006: Parameter 'ctx' implicitly has an 'any' type.
convex/enrollments.ts(147,23): error TS7006: Parameter 'args' implicitly has an 'any' type.
convex/fix_admin.ts(13,19): error TS7006: Parameter 'ctx' implicitly has an 'any' type.
convex/fix_admin.ts(13,24): error TS7006: Parameter 'args' implicitly has an 'any' type.
convex/fix_admin.ts(22,34): error TS7006: Parameter 'q' implicitly has an 'any' type.
convex/http.ts(9,28): error TS2307: Cannot find module 'convex/server' or its corresponding type declarations.
convex/http.ts(44,30): error TS7006: Parameter 'ctx' implicitly has an 'any' type.
convex/http.ts(44,35): error TS7006: Parameter 'request' implicitly has an 'any' type.
convex/http.ts(131,30): error TS7006: Parameter 'ctx' implicitly has an 'any' type.
convex/http.ts(131,35): error TS7006: Parameter 'request' implicitly has an 'any' type.
convex/http.ts(366,30): error TS7006: Parameter 'ctx' implicitly has an 'any' type.
convex/http.ts(366,35): error TS7006: Parameter 'request' implicitly has an 'any' type.
convex/http.ts(474,30): error TS7006: Parameter 'ctx' implicitly has an 'any' type.
convex/http.ts(474,35): error TS7006: Parameter 'request' implicitly has an 'any' type.
convex/integrations.ts(16,19): error TS7006: Parameter 'ctx' implicitly has an 'any' type.
convex/integrations.ts(16,24): error TS7006: Parameter 'args' implicitly has an 'any' type.
convex/integrations.ts(55,35): error TS7006: Parameter 'q' implicitly has an 'any' type.
convex/integrations.ts(128,19): error TS7006: Parameter 'ctx' implicitly has an 'any' type.
convex/integrations.ts(128,24): error TS7006: Parameter 'args' implicitly has an 'any' type.
convex/integrations.ts(169,77): error TS7006: Parameter 'q' implicitly has an 'any' type.
convex/integrations.ts(181,76): error TS7006: Parameter 'q' implicitly has an 'any' type.
convex/integrations.ts(200,21): error TS7006: Parameter 'ctx' implicitly has an 'any' type.
convex/integrations.ts(213,84): error TS7006: Parameter 'q' implicitly has an 'any' type.
convex/integrations/actions.ts(14,19): error TS7006: Parameter '_ctx' implicitly has an 'any' type.
convex/integrations/actions.ts(14,25): error TS7006: Parameter 'args' implicitly has an 'any' type.
convex/integrations/actions.ts(62,19): error TS7006: Parameter 'ctx' implicitly has an 'any' type.
convex/integrations/actions.ts(62,24): error TS7006: Parameter 'args' implicitly has an 'any' type.
convex/integrations/actions.ts(114,19): error TS7006: Parameter '_ctx' implicitly has an 'any' type.
convex/integrations/actions.ts(114,25): error TS7006: Parameter 'args' implicitly has an 'any' type.
convex/integrations/actions.ts(170,19): error TS7006: Parameter '_ctx' implicitly has an 'any' type.
convex/integrations/actions.ts(170,25): error TS7006: Parameter 'args' implicitly has an 'any' type.
convex/leads.ts(3,41): error TS2307: Cannot find module 'convex/server' or its corresponding type declarations.
convex/leads.ts(70,19): error TS7006: Parameter 'ctx' implicitly has an 'any' type.
convex/leads.ts(86,49): error TS7006: Parameter 'q' implicitly has an 'any' type.
convex/leads.ts(92,43): error TS7006: Parameter 'q' implicitly has an 'any' type.
convex/leads.ts(95,26): error TS7006: Parameter 'q' implicitly has an 'any' type.
convex/leads.ts(147,44): error TS7006: Parameter 'l' implicitly has an 'any' type.
convex/leads.ts(163,19): error TS7006: Parameter 'ctx' implicitly has an 'any' type.
convex/leads.ts(163,24): error TS7006: Parameter 'args' implicitly has an 'any' type.
convex/leads.ts(171,48): error TS7006: Parameter 'q' implicitly has an 'any' type.
convex/leads.ts(220,21): error TS7006: Parameter 'ctx' implicitly has an 'any' type.
convex/leads.ts(220,26): error TS7006: Parameter 'args' implicitly has an 'any' type.
convex/leads.ts(226,52): error TS7006: Parameter 'q' implicitly has an 'any' type.
convex/leads.ts(227,25): error TS7006: Parameter 'q' implicitly has an 'any' type.
convex/leads.ts(248,53): error TS7006: Parameter 'q' implicitly has an 'any' type.
convex/leads.ts(254,40): error TS7006: Parameter 'q' implicitly has an 'any' type.
convex/leads.ts(306,21): error TS7006: Parameter 'ctx' implicitly has an 'any' type.
convex/leads.ts(306,26): error TS7006: Parameter 'args' implicitly has an 'any' type.
convex/leads.ts(379,21): error TS7006: Parameter 'ctx' implicitly has an 'any' type.
convex/leads.ts(397,19): error TS7006: Parameter 'ctx' implicitly has an 'any' type.
convex/leads.ts(397,24): error TS7006: Parameter 'args' implicitly has an 'any' type.
convex/leads.ts(416,19): error TS7006: Parameter 'ctx' implicitly has an 'any' type.
convex/leads.ts(416,24): error TS7006: Parameter 'args' implicitly has an 'any' type.
convex/leads.ts(437,41): error TS7006: Parameter 'q' implicitly has an 'any' type.
convex/leads.ts(460,19): error TS7006: Parameter 'ctx' implicitly has an 'any' type.
convex/leads.ts(460,24): error TS7006: Parameter 'args' implicitly has an 'any' type.
convex/leads.ts(468,38): error TS7006: Parameter 'q' implicitly has an 'any' type.
convex/leads.ts(489,21): error TS7006: Parameter 'a' implicitly has an 'any' type.
convex/leads.ts(489,24): error TS7006: Parameter 'b' implicitly has an 'any' type.
convex/leads.ts(494,36): error TS7006: Parameter 'l' implicitly has an 'any' type.
convex/lib/auditLogging.ts(273,30): error TS7006: Parameter 'q' implicitly has an 'any' type.
convex/lib/auditLogging.ts(360,28): error TS7006: Parameter 'r' implicitly has an 'any' type.
convex/lib/auditLogging.ts(364,28): error TS7006: Parameter 'r' implicitly has an 'any' type.
convex/lib/auditLogging.ts(368,28): error TS7006: Parameter 'r' implicitly has an 'any' type.
convex/lib/auditLogging.ts(372,28): error TS7006: Parameter 'r' implicitly has an 'any' type.
convex/lib/auditLogging.ts(376,28): error TS7006: Parameter 'r' implicitly has an 'any' type.
convex/lib/auditLogging.ts(380,28): error TS7006: Parameter 'r' implicitly has an 'any' type.
convex/lib/lgpdDataRights.ts(182,28): error TS7006: Parameter 'q' implicitly has an 'any' type.
convex/lib/lgpdDataRights.ts(188,28): error TS7006: Parameter 'q' implicitly has an 'any' type.
convex/lib/lgpdDataRights.ts(203,26): error TS7006: Parameter 'consent' implicitly has an 'any' type.
convex/lib/lgpdDataRights.ts(209,30): error TS7006: Parameter 'log' implicitly has an 'any' type.
convex/lib/lgpdDataRights.ts(387,29): error TS7006: Parameter 'q' implicitly has an 'any' type.
convex/lib/lgpdDataRights.ts(408,28): error TS7006: Parameter 'q' implicitly has an 'any' type.
convex/lib/lgpdDataRights.ts(414,34): error TS7006: Parameter 'q' implicitly has an 'any' type.
convex/lib/lgpdDataRights.ts(480,28): error TS7006: Parameter 'q' implicitly has an 'any' type.
convex/lib/lgpdDataRights.ts(486,28): error TS7006: Parameter 'q' implicitly has an 'any' type.
convex/lib/lgpdDataRights.ts(537,28): error TS7006: Parameter 'q' implicitly has an 'any' type.
convex/lib/lgpdDataRights.ts(597,41): error TS7006: Parameter 'req' implicitly has an 'any' type.
convex/lib/lgpdDataRights.ts(604,43): error TS7006: Parameter 'log' implicitly has an 'any' type.
convex/lib/lgpdDataRights.ts(614,35): error TS7006: Parameter 'acc' implicitly has an 'any' type.
convex/lib/lgpdDataRights.ts(614,40): error TS7006: Parameter 'req' implicitly has an 'any' type.
convex/lib/lgpdDataRights.ts(618,37): error TS7006: Parameter 'acc' implicitly has an 'any' type.
convex/lib/lgpdDataRights.ts(618,42): error TS7006: Parameter 'req' implicitly has an 'any' type.
convex/lib/lgpdDataRights.ts(625,38): error TS7006: Parameter 'acc' implicitly has an 'any' type.
convex/lib/lgpdDataRights.ts(625,43): error TS7006: Parameter 'log' implicitly has an 'any' type.
convex/lib/lgpdDataRights.ts(629,40): error TS7006: Parameter 'acc' implicitly has an 'any' type.
convex/lib/lgpdDataRights.ts(629,45): error TS7006: Parameter 'log' implicitly has an 'any' type.
convex/lib/lgpdDataRights.ts(636,30): error TS7006: Parameter 'req' implicitly has an 'any' type.
convex/lib/rateLimit.ts(14,19): error TS7006: Parameter 'ctx' implicitly has an 'any' type.
convex/lib/rateLimit.ts(14,24): error TS7006: Parameter 'args' implicitly has an 'any' type.
convex/lib/rateLimit.ts(24,43): error TS7006: Parameter 'q' implicitly has an 'any' type.
convex/lib/rateLimit.ts(27,16): error TS7006: Parameter 'q' implicitly has an 'any' type.
convex/lib/rateLimit.ts(46,19): error TS7006: Parameter 'ctx' implicitly has an 'any' type.
convex/lib/rateLimit.ts(46,24): error TS7006: Parameter 'args' implicitly has an 'any' type.
convex/lib/securityHealth.ts(122,11): error TS7006: Parameter 'q' implicitly has an 'any' type.
convex/lib/securityHealth.ts(178,11): error TS7006: Parameter 'q' implicitly has an 'any' type.
convex/lib/securityHealth.ts(199,11): error TS7006: Parameter 'q' implicitly has an 'any' type.
convex/lib/securityHealth.ts(220,11): error TS7006: Parameter 'q' implicitly has an 'any' type.
convex/lib/securityHealth.ts(262,11): error TS7006: Parameter 'q' implicitly has an 'any' type.
convex/lib/securityHealth.ts(280,11): error TS7006: Parameter 'q' implicitly has an 'any' type.
convex/lib/securityHealth.ts(303,71): error TS7006: Parameter 'c' implicitly has an 'any' type.
convex/lib/securityHealth.ts(431,11): error TS7006: Parameter 'q' implicitly has an 'any' type.
convex/lib/securityHealth.ts(449,11): error TS7006: Parameter 'q' implicitly has an 'any' type.
convex/lib/securityMiddleware.ts(60,31): error TS7006: Parameter 'q' implicitly has an 'any' type.
convex/lib/securityMiddleware.ts(537,33): error TS7006: Parameter 'q' implicitly has an 'any' type.
convex/lib/securityMiddleware.ts(541,52): error TS7006: Parameter 'e' implicitly has an 'any' type.
convex/marketingLeads.ts(3,41): error TS2307: Cannot find module 'convex/server' or its corresponding type declarations.
convex/marketingLeads.ts(38,19): error TS7006: Parameter 'ctx' implicitly has an 'any' type.
convex/marketingLeads.ts(38,24): error TS7006: Parameter 'args' implicitly has an 'any' type.
convex/marketingLeads.ts(56,48): error TS7006: Parameter 'q' implicitly has an 'any' type.
convex/marketingLeads.ts(57,21): error TS7006: Parameter 'q' implicitly has an 'any' type.
convex/marketingLeads.ts(83,30): error TS7006: Parameter 'q' implicitly has an 'any' type.
convex/marketingLeads.ts(162,19): error TS7006: Parameter 'ctx' implicitly has an 'any' type.
convex/marketingLeads.ts(174,46): error TS7006: Parameter 'q' implicitly has an 'any' type.
convex/marketingLeads.ts(179,47): error TS7006: Parameter 'q' implicitly has an 'any' type.
convex/marketingLeads.ts(217,19): error TS7006: Parameter 'ctx' implicitly has an 'any' type.
convex/marketingLeads.ts(217,24): error TS7006: Parameter 'args' implicitly has an 'any' type.
convex/marketingLeads.ts(243,19): error TS7006: Parameter 'ctx' implicitly has an 'any' type.
convex/marketingLeads.ts(243,24): error TS7006: Parameter 'args' implicitly has an 'any' type.
convex/marketingLeads.ts(287,19): error TS7006: Parameter 'ctx' implicitly has an 'any' type.
convex/marketingLeads.ts(287,24): error TS7006: Parameter 'args' implicitly has an 'any' type.
convex/marketingLeads.ts(297,47): error TS7006: Parameter 'q' implicitly has an 'any' type.
convex/marketingLeads.ts(300,40): error TS7006: Parameter 'q' implicitly has an 'any' type.
convex/marketingLeads.ts(309,55): error TS7006: Parameter 'q' implicitly has an 'any' type.
convex/marketingLeads.ts(319,28): error TS7006: Parameter 'l' implicitly has an 'any' type.
convex/marketingLeads.ts(324,28): error TS7006: Parameter 'l' implicitly has an 'any' type.
convex/marketingLeads.ts(332,22): error TS7006: Parameter 'l' implicitly has an 'any' type.
convex/marketingLeads.ts(358,19): error TS7006: Parameter 'ctx' implicitly has an 'any' type.
convex/marketingLeads.ts(358,24): error TS7006: Parameter 'args' implicitly has an 'any' type.
convex/marketingLeads.ts(368,30): error TS7006: Parameter 'q' implicitly has an 'any' type.
convex/messages.ts(7,19): error TS7006: Parameter 'ctx' implicitly has an 'any' type.
convex/messages.ts(7,24): error TS7006: Parameter 'args' implicitly has an 'any' type.
convex/messages.ts(12,38): error TS7006: Parameter 'q' implicitly has an 'any' type.
convex/messages.ts(32,19): error TS7006: Parameter 'ctx' implicitly has an 'any' type.
convex/messages.ts(32,24): error TS7006: Parameter 'args' implicitly has an 'any' type.
convex/messages.ts(42,34): error TS7006: Parameter 'q' implicitly has an 'any' type.
convex/messages.ts(89,19): error TS7006: Parameter 'ctx' implicitly has an 'any' type.
convex/messages.ts(89,24): error TS7006: Parameter 'args' implicitly has an 'any' type.
convex/messageTemplates.ts(10,19): error TS7006: Parameter 'ctx' implicitly has an 'any' type.
convex/messageTemplates.ts(10,24): error TS7006: Parameter 'args' implicitly has an 'any' type.
convex/messageTemplates.ts(19,36): error TS7006: Parameter 't' implicitly has an 'any' type.
convex/messageTemplates.ts(23,36): error TS7006: Parameter 't' implicitly has an 'any' type.
convex/messageTemplates.ts(32,19): error TS7006: Parameter 'ctx' implicitly has an 'any' type.
convex/messageTemplates.ts(32,24): error TS7006: Parameter 'args' implicitly has an 'any' type.
convex/messageTemplates.ts(67,19): error TS7006: Parameter 'ctx' implicitly has an 'any' type.
convex/messageTemplates.ts(67,24): error TS7006: Parameter 'args' implicitly has an 'any' type.
convex/messageTemplates.ts(88,19): error TS7006: Parameter 'ctx' implicitly has an 'any' type.
convex/messageTemplates.ts(88,24): error TS7006: Parameter 'args' implicitly has an 'any' type.
convex/messageTemplates.ts(102,19): error TS7006: Parameter 'ctx' implicitly has an 'any' type.
convex/messageTemplates.ts(102,24): error TS7006: Parameter 'args' implicitly has an 'any' type.
convex/messageTemplates.ts(112,19): error TS7006: Parameter 'ctx' implicitly has an 'any' type.
convex/messageTemplates.ts(112,24): error TS7006: Parameter 'args' implicitly has an 'any' type.
convex/metrics.ts(10,18): error TS7006: Parameter 'ctx' implicitly has an 'any' type.
convex/metrics.ts(10,23): error TS7006: Parameter 'args' implicitly has an 'any' type.
convex/metrics.ts(19,13): error TS7006: Parameter 'p' implicitly has an 'any' type.
convex/metrics.ts(20,13): error TS7006: Parameter 'sum' implicitly has an 'any' type.
convex/metrics.ts(20,18): error TS7006: Parameter 'p' implicitly has an 'any' type.
convex/metrics.ts(23,13): error TS7006: Parameter 'p' implicitly has an 'any' type.
convex/metrics.ts(24,13): error TS7006: Parameter 'sum' implicitly has an 'any' type.
convex/metrics.ts(24,18): error TS7006: Parameter 'p' implicitly has an 'any' type.
convex/metrics.ts(27,13): error TS7006: Parameter 'p' implicitly has an 'any' type.
convex/metrics.ts(28,13): error TS7006: Parameter 'sum' implicitly has an 'any' type.
convex/metrics.ts(28,18): error TS7006: Parameter 'p' implicitly has an 'any' type.
convex/metrics.ts(44,35): error TS7006: Parameter 'q' implicitly has an 'any' type.
convex/metrics.ts(62,19): error TS7006: Parameter 'ctx' implicitly has an 'any' type.
convex/metrics.ts(62,24): error TS7006: Parameter 'args' implicitly has an 'any' type.
convex/metrics.ts(75,20): error TS7053: Element implicitly has an 'any' type because expression of type 'any' can't be used to index type '{ '7d': number; '30d': number; '90d': number; year: number; }'.
convex/metrics.ts(83,56): error TS7006: Parameter 'q' implicitly has an 'any' type.
convex/metrics.ts(91,39): error TS7006: Parameter 'q' implicitly has an 'any' type.
convex/metrics.ts(112,35): error TS7006: Parameter 'q' implicitly has an 'any' type.
convex/metrics.ts(117,53): error TS7006: Parameter 'l' implicitly has an 'any' type.
convex/metrics.ts(118,55): error TS7006: Parameter 'l' implicitly has an 'any' type.
convex/metrics.ts(132,38): error TS7006: Parameter 'q' implicitly has an 'any' type.
convex/metrics.ts(140,62): error TS7006: Parameter 'q' implicitly has an 'any' type.
convex/metrics.ts(148,39): error TS7006: Parameter 'q' implicitly has an 'any' type.
convex/metrics.ts(153,65): error TS7006: Parameter 'sum' implicitly has an 'any' type.
convex/metrics.ts(153,70): error TS7006: Parameter 'e' implicitly has an 'any' type.
convex/metrics.ts(154,57): error TS7006: Parameter 'sum' implicitly has an 'any' type.
convex/metrics.ts(154,62): error TS7006: Parameter 'e' implicitly has an 'any' type.
convex/metrics.ts(164,59): error TS7006: Parameter 'q' implicitly has an 'any' type.
convex/metrics.ts(171,47): error TS7006: Parameter 'c' implicitly has an 'any' type.
convex/metrics.ts(174,37): error TS7006: Parameter 'q' implicitly has an 'any' type.
convex/metrics.ts(175,20): error TS7006: Parameter 'c' implicitly has an 'any' type.
convex/metrics.ts(183,39): error TS7006: Parameter 'q' implicitly has an 'any' type.
convex/metrics.ts(186,22): error TS7006: Parameter 'c' implicitly has an 'any' type.
convex/metrics.ts(193,39): error TS7006: Parameter 'sum' implicitly has an 'any' type.
convex/metrics.ts(193,44): error TS7006: Parameter 'c' implicitly has an 'any' type.
convex/metrics.ts(207,34): error TS7006: Parameter 'l' implicitly has an 'any' type.
convex/metrics.ts(208,46): error TS7006: Parameter 'l' implicitly has an 'any' type.
convex/metrics.ts(209,41): error TS7006: Parameter 'l' implicitly has an 'any' type.
convex/metrics.ts(210,38): error TS7006: Parameter 'l' implicitly has an 'any' type.
convex/metrics.ts(211,40): error TS7006: Parameter 'l' implicitly has an 'any' type.
convex/metrics.ts(212,43): error TS7006: Parameter 'l' implicitly has an 'any' type.
convex/metrics.ts(217,27): error TS7006: Parameter 'l' implicitly has an 'any' type.
convex/metrics.ts(225,16): error TS7006: Parameter 'm' implicitly has an 'any' type.
convex/metrics.ts(226,14): error TS7006: Parameter 'a' implicitly has an 'any' type.
convex/metrics.ts(226,17): error TS7006: Parameter 'b' implicitly has an 'any' type.
convex/metrics.ts(279,19): error TS7006: Parameter 'ctx' implicitly has an 'any' type.
convex/metrics.ts(279,24): error TS7006: Parameter 'args' implicitly has an 'any' type.
convex/metrics.ts(288,18): error TS7053: Element implicitly has an 'any' type because expression of type 'any' can't be used to index type '{ '7d': number; '30d': number; '90d': number; year: number; }'.
convex/metrics.ts(293,44): error TS7006: Parameter 'q' implicitly has an 'any' type.
convex/metrics.ts(299,41): error TS7006: Parameter 'l' implicitly has an 'any' type.
convex/metrics.ts(311,37): error TS7006: Parameter 'q' implicitly has an 'any' type.
convex/metrics.ts(314,31): error TS7006: Parameter 'u' implicitly has an 'any' type.
convex/metrics.ts(323,25): error TS7006: Parameter 'a' implicitly has an 'any' type.
convex/metrics.ts(323,28): error TS7006: Parameter 'b' implicitly has an 'any' type.
convex/migrations.ts(10,18): error TS7006: Parameter 'ctx' implicitly has an 'any' type.
convex/migrations.ts(10,23): error TS7006: Parameter 'args' implicitly has an 'any' type.
convex/migrations.ts(16,13): error TS7006: Parameter 's' implicitly has an 'any' type.
convex/migrations.ts(31,22): error TS7006: Parameter 's' implicitly has an 'any' type.
convex/migrations.ts(41,18): error TS7006: Parameter 'ctx' implicitly has an 'any' type.
convex/migrations.ts(41,23): error TS7006: Parameter 'args' implicitly has an 'any' type.
convex/migrations.ts(46,44): error TS7006: Parameter 's' implicitly has an 'any' type.
convex/migrations.ts(88,18): error TS7006: Parameter 'ctx' implicitly has an 'any' type.
convex/migrations.ts(88,23): error TS7006: Parameter 'args' implicitly has an 'any' type.
convex/migrations.ts(94,12): error TS7006: Parameter 's' implicitly has an 'any' type.
convex/migrations.ts(122,37): error TS7006: Parameter 's' implicitly has an 'any' type.
convex/migrations.ts(143,18): error TS7006: Parameter 'ctx' implicitly has an 'any' type.
convex/migrations.ts(143,23): error TS7006: Parameter 'args' implicitly has an 'any' type.
convex/migrations.ts(147,32): error TS7006: Parameter 'q' implicitly has an 'any' type.
convex/migrations.ts(197,18): error TS7006: Parameter 'ctx' implicitly has an 'any' type.
convex/migrations.ts(197,23): error TS7006: Parameter 'args' implicitly has an 'any' type.
convex/migrations.ts(353,18): error TS7006: Parameter 'ctx' implicitly has an 'any' type.
convex/migrations.ts(353,23): error TS7006: Parameter 'args' implicitly has an 'any' type.
convex/migrations/syncExistingClerkUsers.ts(21,19): error TS7006: Parameter 'ctx' implicitly has an 'any' type.
convex/migrations/syncExistingClerkUsers.ts(21,24): error TS7006: Parameter 'args' implicitly has an 'any' type.
convex/migrations/syncExistingClerkUsers.ts(143,19): error TS7006: Parameter 'ctx' implicitly has an 'any' type.
convex/migrations/syncExistingClerkUsers.ts(143,24): error TS7006: Parameter 'args' implicitly has an 'any' type.
convex/migrations/syncExistingClerkUsers.ts(147,34): error TS7006: Parameter 'q' implicitly has an 'any' type.
convex/migrations/updateRoles.ts(21,19): error TS7006: Parameter 'ctx' implicitly has an 'any' type.
convex/migrations/updateRoles.ts(21,24): error TS7006: Parameter 'args' implicitly has an 'any' type.
convex/migrationTrigger.ts(12,19): error TS7006: Parameter 'ctx' implicitly has an 'any' type.
convex/migrationTrigger.ts(12,24): error TS7006: Parameter 'args' implicitly has an 'any' type.
convex/migrationTrigger.ts(37,19): error TS7006: Parameter 'ctx' implicitly has an 'any' type.
convex/migrationTrigger.ts(37,24): error TS7006: Parameter 'args' implicitly has an 'any' type.
convex/notifications.ts(19,18): error TS7006: Parameter 'ctx' implicitly has an 'any' type.
convex/notifications.ts(19,23): error TS7006: Parameter 'args' implicitly has an 'any' type.
convex/notifications.ts(89,18): error TS7006: Parameter 'ctx' implicitly has an 'any' type.
convex/notifications.ts(89,23): error TS7006: Parameter 'args' implicitly has an 'any' type.
convex/notifications.ts(164,18): error TS7006: Parameter 'ctx' implicitly has an 'any' type.
convex/notifications.ts(164,23): error TS7006: Parameter 'args' implicitly has an 'any' type.
convex/schema.ts(1,43): error TS2307: Cannot find module 'convex/server' or its corresponding type declarations.
convex/scripts.ts(10,19): error TS7006: Parameter 'ctx' implicitly has an 'any' type.
convex/scripts.ts(34,19): error TS7006: Parameter 'ctx' implicitly has an 'any' type.
convex/scripts.ts(34,24): error TS7006: Parameter 'args' implicitly has an 'any' type.
convex/scripts/syncUsers.ts(10,19): error TS7006: Parameter 'ctx' implicitly has an 'any' type.
convex/scripts/syncUsers.ts(10,24): error TS7006: Parameter 'args' implicitly has an 'any' type.
convex/scripts/syncUsers.ts(99,19): error TS7006: Parameter 'ctx' implicitly has an 'any' type.
convex/scripts/syncUsers.ts(99,24): error TS7006: Parameter 'args' implicitly has an 'any' type.
convex/scripts/syncUsers.ts(102,34): error TS7006: Parameter 'q' implicitly has an 'any' type.
convex/settings.ts(63,19): error TS7006: Parameter 'ctx' implicitly has an 'any' type.
convex/settings.ts(78,19): error TS7006: Parameter 'ctx' implicitly has an 'any' type.
convex/settings.ts(78,24): error TS7006: Parameter 'args' implicitly has an 'any' type.
convex/settings.ts(84,29): error TS7006: Parameter 'q' implicitly has an 'any' type.
convex/settings.ts(107,19): error TS7006: Parameter 'ctx' implicitly has an 'any' type.
convex/settings.ts(107,24): error TS7006: Parameter 'args' implicitly has an 'any' type.
convex/settings.ts(131,29): error TS7006: Parameter 'q' implicitly has an 'any' type.
convex/settings.ts(152,19): error TS7006: Parameter 'ctx' implicitly has an 'any' type.
convex/settings.ts(152,24): error TS7006: Parameter 'args' implicitly has an 'any' type.
convex/settings.ts(165,29): error TS7006: Parameter 'q' implicitly has an 'any' type.
convex/settings.ts(170,29): error TS7006: Parameter 'q' implicitly has an 'any' type.
convex/settings.ts(175,29): error TS7006: Parameter 'q' implicitly has an 'any' type.
convex/settings.ts(210,19): error TS7006: Parameter 'ctx' implicitly has an 'any' type.
convex/settings.ts(210,24): error TS7006: Parameter 'args' implicitly has an 'any' type.
convex/settings.ts(236,19): error TS7006: Parameter 'ctx' implicitly has an 'any' type.
convex/settings.ts(236,24): error TS7006: Parameter 'args' implicitly has an 'any' type.
convex/settings.ts(244,34): error TS7006: Parameter 'q' implicitly has an 'any' type.
convex/settings.ts(252,29): error TS7006: Parameter 'q' implicitly has an 'any' type.
convex/settings.ts(265,19): error TS7006: Parameter 'ctx' implicitly has an 'any' type.
convex/settings.ts(265,24): error TS7006: Parameter 'args' implicitly has an 'any' type.
convex/settings.ts(273,34): error TS7006: Parameter 'q' implicitly has an 'any' type.
convex/settings.ts(282,29): error TS7006: Parameter 'q' implicitly has an 'any' type.
convex/students.ts(19,19): error TS7006: Parameter 'ctx' implicitly has an 'any' type.
convex/students.ts(19,24): error TS7006: Parameter 'args' implicitly has an 'any' type.
convex/students.ts(33,38): error TS7006: Parameter 'q' implicitly has an 'any' type.
convex/students.ts(40,34): error TS7006: Parameter 'q' implicitly has an 'any' type.
convex/students.ts(41,18): error TS7006: Parameter 'q' implicitly has an 'any' type.
convex/students.ts(45,38): error TS7006: Parameter 'q' implicitly has an 'any' type.
convex/students.ts(46,18): error TS7006: Parameter 'q' implicitly has an 'any' type.
convex/students.ts(55,10): error TS7006: Parameter 's' implicitly has an 'any' type.
convex/students.ts(65,19): error TS7006: Parameter 'ctx' implicitly has an 'any' type.
convex/students.ts(65,24): error TS7006: Parameter 'args' implicitly has an 'any' type.
convex/students.ts(105,19): error TS7006: Parameter 'ctx' implicitly has an 'any' type.
convex/students.ts(111,52): error TS7006: Parameter 's' implicitly has an 'any' type.
convex/students.ts(115,8): error TS7006: Parameter 's' implicitly has an 'any' type.
convex/students.ts(123,69): error TS7006: Parameter 's' implicitly has an 'any' type.
convex/students.ts(153,19): error TS7006: Parameter 'ctx' implicitly has an 'any' type.
convex/students.ts(217,19): error TS7006: Parameter 'ctx' implicitly has an 'any' type.
convex/students.ts(226,38): error TS7006: Parameter 'q' implicitly has an 'any' type.
convex/students.ts(231,38): error TS7006: Parameter 'q' implicitly has an 'any' type.
convex/students.ts(252,37): error TS7006: Parameter 'q' implicitly has an 'any' type.
convex/students.ts(253,20): error TS7006: Parameter 'q' implicitly has an 'any' type.
convex/students.ts(289,19): error TS7006: Parameter 'ctx' implicitly has an 'any' type.
convex/students.ts(296,38): error TS7006: Parameter 'q' implicitly has an 'any' type.
convex/students.ts(382,19): error TS7006: Parameter 'ctx' implicitly has an 'any' type.
convex/students.ts(382,24): error TS7006: Parameter 'args' implicitly has an 'any' type.
convex/students.ts(389,31): error TS7006: Parameter 'q' implicitly has an 'any' type.
convex/students.ts(499,19): error TS7006: Parameter 'ctx' implicitly has an 'any' type.
convex/students.ts(499,24): error TS7006: Parameter 'args' implicitly has an 'any' type.
convex/students.ts(553,19): error TS7006: Parameter 'ctx' implicitly has an 'any' type.
convex/students.ts(553,24): error TS7006: Parameter 'args' implicitly has an 'any' type.
convex/students.ts(559,16): error TS7006: Parameter 'q' implicitly has an 'any' type.
convex/studentsImport.ts(158,3): error TS7006: Parameter 'ctx' implicitly has an 'any' type.
convex/studentsImport.ts(159,3): error TS7006: Parameter 'args' implicitly has an 'any' type.
convex/studentsImport.ts(189,35): error TS7006: Parameter 'q' implicitly has an 'any' type.
convex/studentsImport.ts(192,29): error TS7006: Parameter 's' implicitly has an 'any' type.
convex/studentsImport.ts(192,49): error TS7006: Parameter 's' implicitly has an 'any' type.
convex/studentsImport.ts(195,29): error TS7006: Parameter 's' implicitly has an 'any' type.
convex/studentsImport.ts(195,47): error TS7006: Parameter 's' implicitly has an 'any' type.
convex/studentsImport.ts(198,26): error TS7006: Parameter 's' implicitly has an 'any' type.
convex/studentsImport.ts(318,30): error TS2339: Property 'organizationId' does not exist on type '{}'.
convex/studentsImport.ts(387,35): error TS2339: Property '_id' does not exist on type '{}'.
convex/studentsImport.ts(388,28): error TS2339: Property '_id' does not exist on type '{}'.
convex/studentsImport.ts(394,28): error TS2339: Property '_id' does not exist on type '{}'.
convex/studentsImport.ts(416,28): error TS2339: Property '_id' does not exist on type '{}'.
convex/studentsImport.ts(475,32): error TS7006: Parameter 'q' implicitly has an 'any' type.
convex/studentsImport.ts(476,15): error TS7006: Parameter 'q' implicitly has an 'any' type.
convex/studentsImport.ts(556,3): error TS7006: Parameter 'ctx' implicitly has an 'any' type.
convex/studentsImport.ts(557,3): error TS7006: Parameter 'args' implicitly has an 'any' type.
convex/studentsImport.ts(582,35): error TS7006: Parameter 'q' implicitly has an 'any' type.
convex/studentsImport.ts(585,29): error TS7006: Parameter 's' implicitly has an 'any' type.
convex/studentsImport.ts(585,49): error TS7006: Parameter 's' implicitly has an 'any' type.
convex/studentsImport.ts(588,29): error TS7006: Parameter 's' implicitly has an 'any' type.
convex/studentsImport.ts(588,47): error TS7006: Parameter 's' implicitly has an 'any' type.
convex/studentsImport.ts(591,26): error TS7006: Parameter 's' implicitly has an 'any' type.
convex/templates.ts(31,19): error TS7006: Parameter 'ctx' implicitly has an 'any' type.
convex/templates.ts(31,24): error TS7006: Parameter 'args' implicitly has an 'any' type.
convex/templates.ts(39,36): error TS7006: Parameter 'q' implicitly has an 'any' type.
convex/templates.ts(47,36): error TS7006: Parameter 't' implicitly has an 'any' type.
convex/templates.ts(50,36): error TS7006: Parameter 't' implicitly has an 'any' type.
convex/templates.ts(53,28): error TS7006: Parameter 'a' implicitly has an 'any' type.
convex/templates.ts(53,31): error TS7006: Parameter 'b' implicitly has an 'any' type.
convex/templates.ts(72,19): error TS7006: Parameter 'ctx' implicitly has an 'any' type.
convex/templates.ts(72,24): error TS7006: Parameter 'args' implicitly has an 'any' type.
convex/templates.ts(77,34): error TS7006: Parameter 'q' implicitly has an 'any' type.
convex/templates.ts(78,16): error TS7006: Parameter 'q' implicitly has an 'any' type.
convex/templates.ts(112,19): error TS7006: Parameter 'ctx' implicitly has an 'any' type.
convex/templates.ts(112,24): error TS7006: Parameter 'args' implicitly has an 'any' type.
convex/templates.ts(163,19): error TS7006: Parameter 'ctx' implicitly has an 'any' type.
convex/templates.ts(163,24): error TS7006: Parameter 'args' implicitly has an 'any' type.
convex/templates.ts(178,19): error TS7006: Parameter 'ctx' implicitly has an 'any' type.
convex/templates.ts(178,24): error TS7006: Parameter 'args' implicitly has an 'any' type.
convex/test/helpers.ts(8,19): error TS7006: Parameter 'ctx' implicitly has an 'any' type.
convex/test/helpers.ts(8,24): error TS7006: Parameter 'args' implicitly has an 'any' type.
convex/test/helpers.ts(15,19): error TS7006: Parameter 'ctx' implicitly has an 'any' type.
convex/test/helpers.ts(15,24): error TS7006: Parameter 'args' implicitly has an 'any' type.
convex/test/helpers.ts(22,19): error TS7006: Parameter 'ctx' implicitly has an 'any' type.
convex/transactionalEmails.ts(37,18): error TS7006: Parameter 'ctx' implicitly has an 'any' type.
convex/transactionalEmails.ts(37,23): error TS7006: Parameter 'args' implicitly has an 'any' type.
convex/transactionalEmails.ts(47,18): error TS7006: Parameter 'ctx' implicitly has an 'any' type.
convex/transactionalEmails.ts(47,23): error TS7006: Parameter 'args' implicitly has an 'any' type.
convex/transactionalEmails.ts(66,18): error TS7006: Parameter 'ctx' implicitly has an 'any' type.
convex/transactionalEmails.ts(66,23): error TS7006: Parameter 'args' implicitly has an 'any' type.
convex/transactionalEmails.ts(93,18): error TS7006: Parameter 'ctx' implicitly has an 'any' type.
convex/transactionalEmails.ts(93,23): error TS7006: Parameter 'args' implicitly has an 'any' type.
convex/transactionalEmails.ts(180,18): error TS7006: Parameter 'ctx' implicitly has an 'any' type.
convex/transactionalEmails.ts(180,23): error TS7006: Parameter 'args' implicitly has an 'any' type.
convex/transactionalEmails.ts(271,18): error TS7006: Parameter 'ctx' implicitly has an 'any' type.
convex/transactionalEmails.ts(271,23): error TS7006: Parameter 'args' implicitly has an 'any' type.
convex/transactionalEmails.ts(350,18): error TS7006: Parameter 'ctx' implicitly has an 'any' type.
convex/transactionalEmails.ts(350,23): error TS7006: Parameter 'args' implicitly has an 'any' type.
convex/transactionalEmails.ts(385,18): error TS7006: Parameter 'ctx' implicitly has an 'any' type.
convex/transactionalEmails.ts(385,23): error TS7006: Parameter 'args' implicitly has an 'any' type.
convex/users.ts(19,19): error TS7006: Parameter 'ctx' implicitly has an 'any' type.
convex/users.ts(25,34): error TS7006: Parameter 'q' implicitly has an 'any' type.
convex/users.ts(36,19): error TS7006: Parameter 'ctx' implicitly has an 'any' type.
convex/users.ts(45,38): error TS7006: Parameter 'q' implicitly has an 'any' type.
convex/users.ts(57,19): error TS7006: Parameter 'ctx' implicitly has an 'any' type.
convex/users.ts(67,38): error TS7006: Parameter 'q' implicitly has an 'any' type.
convex/users.ts(71,42): error TS7006: Parameter 'u' implicitly has an 'any' type.
convex/users.ts(74,31): error TS7006: Parameter 'user' implicitly has an 'any' type.
convex/users.ts(88,19): error TS7006: Parameter 'ctx' implicitly has an 'any' type.
convex/users.ts(96,38): error TS7006: Parameter 'q' implicitly has an 'any' type.
convex/users.ts(163,19): error TS7006: Parameter 'ctx' implicitly has an 'any' type.
convex/users.ts(163,24): error TS7006: Parameter 'args' implicitly has an 'any' type.
convex/users.ts(173,34): error TS7006: Parameter 'q' implicitly has an 'any' type.
convex/users.ts(181,38): error TS7006: Parameter 'q' implicitly has an 'any' type.
convex/users.ts(204,36): error TS7006: Parameter 'q' implicitly has an 'any' type.
convex/users.ts(235,19): error TS7006: Parameter 'ctx' implicitly has an 'any' type.
convex/users.ts(235,24): error TS7006: Parameter 'args' implicitly has an 'any' type.
convex/users.ts(241,34): error TS7006: Parameter 'q' implicitly has an 'any' type.
convex/users.ts(257,19): error TS7006: Parameter 'ctx' implicitly has an 'any' type.
convex/users.ts(257,24): error TS7006: Parameter 'args' implicitly has an 'any' type.
convex/users.ts(263,34): error TS7006: Parameter 'q' implicitly has an 'any' type.
convex/users.ts(286,19): error TS7006: Parameter 'ctx' implicitly has an 'any' type.
convex/users.ts(286,24): error TS7006: Parameter 'args' implicitly has an 'any' type.
convex/users.ts(292,34): error TS7006: Parameter 'q' implicitly has an 'any' type.
convex/users.ts(316,19): error TS7006: Parameter 'ctx' implicitly has an 'any' type.
convex/users.ts(322,34): error TS7006: Parameter 'q' implicitly has an 'any' type.
convex/users.ts(334,38): error TS7006: Parameter 'q' implicitly has an 'any' type.
convex/users.ts(338,25): error TS7006: Parameter 'u' implicitly has an 'any' type.
convex/users.ts(361,19): error TS7006: Parameter 'ctx' implicitly has an 'any' type.
convex/users.ts(361,24): error TS7006: Parameter 'args' implicitly has an 'any' type.
convex/users.ts(376,19): error TS7006: Parameter 'ctx' implicitly has an 'any' type.
convex/users.ts(381,34): error TS7006: Parameter 'q' implicitly has an 'any' type.
convex/users.ts(395,19): error TS7006: Parameter 'ctx' implicitly has an 'any' type.
convex/users.ts(395,24): error TS7006: Parameter 'args' implicitly has an 'any' type.
convex/users.ts(447,21): error TS7006: Parameter 'ctx' implicitly has an 'any' type.
convex/users.ts(447,26): error TS7006: Parameter 'args' implicitly has an 'any' type.
convex/users.ts(448,76): error TS7006: Parameter 'q' implicitly has an 'any' type.
convex/users.ts(485,19): error TS7006: Parameter 'ctx' implicitly has an 'any' type.
convex/users.ts(485,24): error TS7006: Parameter 'args' implicitly has an 'any' type.
convex/users.ts(546,19): error TS7006: Parameter 'ctx' implicitly has an 'any' type.
convex/users.ts(546,24): error TS7006: Parameter 'args' implicitly has an 'any' type.
convex/users.ts(592,21): error TS7006: Parameter 'ctx' implicitly has an 'any' type.
convex/users.ts(592,26): error TS7006: Parameter 'args' implicitly has an 'any' type.
convex/users.ts(593,75): error TS7006: Parameter 'q' implicitly has an 'any' type.
convex/users.ts(605,21): error TS7006: Parameter 'ctx' implicitly has an 'any' type.
convex/users.ts(605,26): error TS7006: Parameter 'args' implicitly has an 'any' type.
convex/users.ts(606,75): error TS7006: Parameter 'q' implicitly has an 'any' type.
convex/users.ts(621,19): error TS7006: Parameter 'ctx' implicitly has an 'any' type.
convex/users.ts(621,24): error TS7006: Parameter 'args' implicitly has an 'any' type.
convex/users.ts(630,48): error TS7006: Parameter 'q' implicitly has an 'any' type.
convex/users.ts(640,42): error TS7006: Parameter 'q' implicitly has an 'any' type.
convex/users.ts(647,21): error TS7006: Parameter 'ctx' implicitly has an 'any' type.
convex/users.ts(647,26): error TS7006: Parameter 'args' implicitly has an 'any' type.
convex/users.ts(648,69): error TS7006: Parameter 'q' implicitly has an 'any' type.
src/components/admin/asaas/sync-history/admin-sync-history.tsx(164,29): error TS7053: Element implicitly has an 'any' type because expression of type 'any' can't be used to index type '{ completed: { label: string; variant: "default"; }; failed: { label: string; variant: "destructive"; }; running: { label: string; variant: "secondary"; }; pending: { label: string; variant: "outline"; }; }'.
src/components/admin/asaas/sync-history/admin-sync-history.tsx(165,15): error TS7053: Element implicitly has an 'any' type because expression of type 'any' can't be used to index type '{ completed: { label: string; variant: "default"; }; failed: { label: string; variant: "destructive"; }; running: { label: string; variant: "secondary"; }; pending: { label: string; variant: "outline"; }; }'.
src/components/admin/asaas/sync-history/admin-sync-history.tsx(245,26): error TS7053: Element implicitly has an 'any' type because expression of type 'any' can't be used to index type '{ completed: { label: string; variant: "default"; }; failed: { label: string; variant: "destructive"; }; running: { label: string; variant: "secondary"; }; pending: { label: string; variant: "outline"; }; }'.
src/components/admin/asaas/sync-history/admin-sync-history.tsx(246,12): error TS7053: Element implicitly has an 'any' type because expression of type 'any' can't be used to index type '{ completed: { label: string; variant: "default"; }; failed: { label: string; variant: "destructive"; }; running: { label: string; variant: "secondary"; }; pending: { label: string; variant: "outline"; }; }'.
src/components/admin/asaas/sync-history/admin-sync-history.tsx(293,37): error TS7006: Parameter 'error' implicitly has an 'any' type.
src/components/admin/asaas/sync-history/admin-sync-history.tsx(293,44): error TS7006: Parameter 'i' implicitly has an 'any' type.
src/components/asaas/sync-history.tsx(57,27): error TS7053: Element implicitly has an 'any' type because expression of type 'any' can't be used to index type '{ completed: { label: string; variant: "default"; }; failed: { label: string; variant: "destructive"; }; running: { label: string; variant: "secondary"; }; pending: { label: string; variant: "outline"; }; }'.
src/components/asaas/sync-history.tsx(58,13): error TS7053: Element implicitly has an 'any' type because expression of type 'any' can't be used to index type '{ completed: { label: string; variant: "default"; }; failed: { label: string; variant: "destructive"; }; running: { label: string; variant: "secondary"; }; pending: { label: string; variant: "outline"; }; }'.
src/components/chat/conversation-list.tsx(5,22): error TS2307: Cannot find module '@tanstack/react-router' or its corresponding type declarations.
src/components/dashboard/recent-leads.tsx(2,22): error TS2307: Cannot find module '@tanstack/react-router' or its corresponding type declarations.
src/components/dashboard/recent-leads.tsx(54,25): error TS7053: Element implicitly has an 'any' type because expression of type 'any' can't be used to index type '{ readonly quente: { readonly icon: ForwardRefExoticComponent<Omit<LucideProps, "ref"> & RefAttributes<SVGSVGElement>>; readonly color: "text-red-500"; readonly bg: "bg-red-500/10"; }; readonly morno: { ...; }; readonly frio: { ...; }; }'.
src/components/dashboard/recent-leads.tsx(64,19): error TS7006: Parameter 'n' implicitly has an 'any' type.
src/components/dashboard/recent-leads.tsx(76,51): error TS7053: Element implicitly has an 'any' type because expression of type 'any' can't be used to index type '{ readonly quente: { readonly icon: ForwardRefExoticComponent<Omit<LucideProps, "ref"> & RefAttributes<SVGSVGElement>>; readonly color: "text-red-500"; readonly bg: "bg-red-500/10"; }; readonly morno: { ...; }; readonly frio: { ...; }; }'.
src/components/dashboard/recent-leads.tsx(77,50): error TS7053: Element implicitly has an 'any' type because expression of type 'any' can't be used to index type '{ readonly quente: { readonly icon: ForwardRefExoticComponent<Omit<LucideProps, "ref"> & RefAttributes<SVGSVGElement>>; readonly color: "text-red-500"; readonly bg: "bg-red-500/10"; }; readonly morno: { ...; }; readonly frio: { ...; }; }'.
src/components/financial/payment-calendar.tsx(166,23): error TS7006: Parameter 'date' implicitly has an 'any' type.
src/components/financial/payment-calendar.tsx(171,22): error TS7006: Parameter 'date' implicitly has an 'any' type.
src/components/financial/payment-calendar.tsx(178,22): error TS7031: Binding element 'day' implicitly has an 'any' type.
src/components/financial/payment-calendar.tsx(178,27): error TS7031: Binding element 'modifiers' implicitly has an 'any' type.
src/components/landing/footer.tsx(3,22): error TS2307: Cannot find module '@tanstack/react-router' or its corresponding type declarations.
src/components/layout/app-sidebar.tsx(2,22): error TS2307: Cannot find module '@tanstack/react-router' or its corresponding type declarations.
src/components/layout/main-layout.tsx(2,29): error TS2307: Cannot find module '@tanstack/react-router' or its corresponding type declarations.
src/components/lead-capture/lead-capture-form-fields.tsx(1,22): error TS2307: Cannot find module '@tanstack/react-router' or its corresponding type declarations.
src/components/marketing/lead-capture-filters.tsx(4,32): error TS2307: Cannot find module 'react-day-picker' or its corresponding type declarations.
src/components/not-found.tsx(1,22): error TS2307: Cannot find module '@tanstack/react-router' or its corresponding type declarations.
src/components/students/student-table.tsx(67,14): error TS7053: Element implicitly has an 'any' type because expression of type 'any' can't be used to index type '{ baixo: number; medio: number; alto: number; }'.
src/components/students/student-table.tsx(68,14): error TS7053: Element implicitly has an 'any' type because expression of type 'any' can't be used to index type '{ baixo: number; medio: number; alto: number; }'.
src/components/students/tabs/student-conversations-tab.tsx(5,22): error TS2307: Cannot find module '@tanstack/react-router' or its corresponding type declarations.
src/components/ui/aceternity-sidebar.tsx(3,37): error TS2307: Cannot find module '@tanstack/react-router' or its corresponding type declarations.
src/components/ui/aceternity-sidebar.tsx(187,18): error TS7006: Parameter 'e' implicitly has an 'any' type.
src/components/ui/calendar.tsx(3,65): error TS2307: Cannot find module 'react-day-picker' or its corresponding type declarations.
src/components/ui/calendar.tsx(33,27): error TS7006: Parameter 'date' implicitly has an 'any' type.
src/components/ui/calendar.tsx(106,14): error TS7031: Binding element 'className' implicitly has an 'any' type.
src/components/ui/calendar.tsx(106,25): error TS7031: Binding element 'rootRef' implicitly has an 'any' type.
src/components/ui/calendar.tsx(109,17): error TS7031: Binding element 'className' implicitly has an 'any' type.
src/components/ui/calendar.tsx(109,28): error TS7031: Binding element 'orientation' implicitly has an 'any' type.
src/components/ui/calendar.tsx(121,20): error TS7031: Binding element 'children' implicitly has an 'any' type.
src/components/ui/date-range-picker.tsx(7,32): error TS2307: Cannot find module 'react-day-picker' or its corresponding type declarations.
src/components/ui/floating-navbar.tsx(1,22): error TS2307: Cannot find module '@tanstack/react-router' or its corresponding type declarations.
src/hooks/use-campaigns-view-model.ts(2,29): error TS2307: Cannot find module '@tanstack/react-router' or its corresponding type declarations.
src/hooks/use-contacts-view-model.ts(3,29): error TS2307: Cannot find module '@tanstack/react-router' or its corresponding type declarations.
src/hooks/use-marketing-leads-view-model.ts(3,29): error TS2307: Cannot find module '@tanstack/react-router' or its corresponding type declarations.
src/hooks/use-marketing-leads-view-model.ts(176,18): error TS7006: Parameter 'row' implicitly has an 'any' type.
src/hooks/use-students-view-model.ts(2,29): error TS2307: Cannot find module '@tanstack/react-router' or its corresponding type declarations.
src/hooks/use-templates-view-model.ts(3,29): error TS2307: Cannot find module '@tanstack/react-router' or its corresponding type declarations.
src/lib/utils/utm-capture.ts(1,27): error TS2307: Cannot find module '@tanstack/react-router' or its corresponding type declarations.
src/main.tsx(2,46): error TS2307: Cannot find module '@tanstack/react-router' or its corresponding type declarations.
src/main.tsx(24,16): error TS2664: Invalid module name in augmentation, module '@tanstack/react-router' cannot be found.
src/routes/__root.tsx(1,52): error TS2307: Cannot find module '@tanstack/react-router' or its corresponding type declarations.
src/routes/_authenticated.tsx(1,51): error TS2307: Cannot find module '@tanstack/react-router' or its corresponding type declarations.
src/routes/_authenticated.tsx(8,17): error TS7031: Binding element 'context' implicitly has an 'any' type.
src/routes/_authenticated/admin/asaas/index.tsx(11,33): error TS2307: Cannot find module '@tanstack/react-router' or its corresponding type declarations.
src/routes/_authenticated/chat.tsx(2,59): error TS2307: Cannot find module '@tanstack/react-router' or its corresponding type declarations.
src/routes/_authenticated/chat.tsx(59,40): error TS7006: Parameter 'm' implicitly has an 'any' type.
src/routes/_authenticated/chat.tsx(64,42): error TS7006: Parameter 'm' implicitly has an 'any' type.
src/routes/_authenticated/chat/$department.tsx(1,41): error TS2307: Cannot find module '@tanstack/react-router' or its corresponding type declarations.
src/routes/_authenticated/chat/$department/$id.tsx(2,46): error TS2307: Cannot find module '@tanstack/react-router' or its corresponding type declarations.
src/routes/_authenticated/chat/$department/index.tsx(1,33): error TS2307: Cannot find module '@tanstack/react-router' or its corresponding type declarations.
src/routes/_authenticated/chat/index.tsx(1,43): error TS2307: Cannot find module '@tanstack/react-router' or its corresponding type declarations.
src/routes/_authenticated/crm.tsx(2,33): error TS2307: Cannot find module '@tanstack/react-router' or its corresponding type declarations.
src/routes/_authenticated/dashboard.tsx(4,33): error TS2307: Cannot find module '@tanstack/react-router' or its corresponding type declarations.
src/routes/_authenticated/financial.tsx(4,33): error TS2307: Cannot find module '@tanstack/react-router' or its corresponding type declarations.
src/routes/_authenticated/financial/dashboard.tsx(2,33): error TS2307: Cannot find module '@tanstack/react-router' or its corresponding type declarations.
src/routes/_authenticated/financial/payments.tsx(5,33): error TS2307: Cannot find module '@tanstack/react-router' or its corresponding type declarations.
src/routes/_authenticated/financial/reports.tsx(3,33): error TS2307: Cannot find module '@tanstack/react-router' or its corresponding type declarations.
src/routes/_authenticated/marketing.tsx(1,60): error TS2307: Cannot find module '@tanstack/react-router' or its corresponding type declarations.
src/routes/_authenticated/marketing/$campaignId.tsx(3,33): error TS2307: Cannot find module '@tanstack/react-router' or its corresponding type declarations.
src/routes/_authenticated/marketing/$campaignId/edit.tsx(3,46): error TS2307: Cannot find module '@tanstack/react-router' or its corresponding type declarations.
src/routes/_authenticated/marketing/campanhas.tsx(2,39): error TS2307: Cannot find module '@tanstack/react-router' or its corresponding type declarations.
src/routes/_authenticated/marketing/contatos.tsx(1,33): error TS2307: Cannot find module '@tanstack/react-router' or its corresponding type declarations.
src/routes/_authenticated/marketing/dashboard.tsx(1,33): error TS2307: Cannot find module '@tanstack/react-router' or its corresponding type declarations.
src/routes/_authenticated/marketing/index.tsx(1,43): error TS2307: Cannot find module '@tanstack/react-router' or its corresponding type declarations.
src/routes/_authenticated/marketing/leads.tsx(1,33): error TS2307: Cannot find module '@tanstack/react-router' or its corresponding type declarations.
src/routes/_authenticated/marketing/listas.tsx(3,33): error TS2307: Cannot find module '@tanstack/react-router' or its corresponding type declarations.
src/routes/_authenticated/marketing/listas/$listId.tsx(3,33): error TS2307: Cannot find module '@tanstack/react-router' or its corresponding type declarations.
src/routes/_authenticated/marketing/nova.tsx(4,33): error TS2307: Cannot find module '@tanstack/react-router' or its corresponding type declarations.
src/routes/_authenticated/marketing/templates.tsx(2,52): error TS2307: Cannot find module '@tanstack/react-router' or its corresponding type declarations.
src/routes/_authenticated/marketing/templates/$templateId.tsx(3,46): error TS2307: Cannot find module '@tanstack/react-router' or its corresponding type declarations.
src/routes/_authenticated/marketing/templates/novo.tsx(1,33): error TS2307: Cannot find module '@tanstack/react-router' or its corresponding type declarations.
src/routes/_authenticated/reports.tsx(2,39): error TS2307: Cannot find module '@tanstack/react-router' or its corresponding type declarations.
src/routes/_authenticated/reports/sales.tsx(2,33): error TS2307: Cannot find module '@tanstack/react-router' or its corresponding type declarations.
src/routes/_authenticated/reports/team.tsx(3,33): error TS2307: Cannot find module '@tanstack/react-router' or its corresponding type declarations.
src/routes/_authenticated/settings.tsx(1,41): error TS2307: Cannot find module '@tanstack/react-router' or its corresponding type declarations.
src/routes/_authenticated/settings/appearance.tsx(1,33): error TS2307: Cannot find module '@tanstack/react-router' or its corresponding type declarations.
src/routes/_authenticated/settings/index.tsx(1,39): error TS2307: Cannot find module '@tanstack/react-router' or its corresponding type declarations.
src/routes/_authenticated/settings/integrations.tsx(3,33): error TS2307: Cannot find module '@tanstack/react-router' or its corresponding type declarations.
src/routes/_authenticated/settings/notifications.tsx(2,33): error TS2307: Cannot find module '@tanstack/react-router' or its corresponding type declarations.
src/routes/_authenticated/settings/profile.tsx(4,33): error TS2307: Cannot find module '@tanstack/react-router' or its corresponding type declarations.
src/routes/_authenticated/settings/roles.tsx(2,33): error TS2307: Cannot find module '@tanstack/react-router' or its corresponding type declarations.
src/routes/_authenticated/settings/security.tsx(2,33): error TS2307: Cannot find module '@tanstack/react-router' or its corresponding type declarations.
src/routes/_authenticated/settings/team.tsx(3,33): error TS2307: Cannot find module '@tanstack/react-router' or its corresponding type declarations.
src/routes/_authenticated/settings/team.tsx(19,17): error TS7031: Binding element 'context' implicitly has an 'any' type.
src/routes/_authenticated/settings/team/-components/user-table.tsx(90,20): error TS7006: Parameter 'n' implicitly has an 'any' type.
src/routes/_authenticated/settings/templates.tsx(4,33): error TS2307: Cannot find module '@tanstack/react-router' or its corresponding type declarations.
src/routes/_authenticated/students.tsx(2,33): error TS2307: Cannot find module '@tanstack/react-router' or its corresponding type declarations.
src/routes/_authenticated/students/$studentId.tsx(2,33): error TS2307: Cannot find module '@tanstack/react-router' or its corresponding type declarations.
src/routes/_authenticated/students/$studentId.tsx(26,40): error TS7006: Parameter 'prev' implicitly has an 'any' type.
src/routes/captura/index.tsx(1,33): error TS2307: Cannot find module '@tanstack/react-router' or its corresponding type declarations.
src/routes/captura/index.tsx(31,19): error TS7006: Parameter 'search' implicitly has an 'any' type.
src/routes/index.tsx(1,33): error TS2307: Cannot find module '@tanstack/react-router' or its corresponding type declarations.
src/routes/sign-in/$.tsx(4,33): error TS2307: Cannot find module '@tanstack/react-router' or its corresponding type declarations.
src/routes/sign-in/index.tsx(4,33): error TS2307: Cannot find module '@tanstack/react-router' or its corresponding type declarations.
src/routes/sign-in/sso-callback.tsx(4,33): error TS2307: Cannot find module '@tanstack/react-router' or its corresponding type declarations.
src/routes/sign-up/$.tsx(4,33): error TS2307: Cannot find module '@tanstack/react-router' or its corresponding type declarations.
src/routes/sign-up/index.tsx(4,33): error TS2307: Cannot find module '@tanstack/react-router' or its corresponding type declarations.
src/routes/sign-up/sso-callback.tsx(4,33): error TS2307: Cannot find module '@tanstack/react-router' or its corresponding type declarations.
