<?xml version="1.0" encoding="UTF-8"?>
<coverage generated="1766068128025" clover="3.2.0">
  <project timestamp="1766068128025" name="All files">
    <metrics statements="117" coveredstatements="77" conditionals="70" coveredconditionals="29" methods="41" coveredmethods="23" elements="228" coveredelements="129" complexity="0" loc="117" ncloc="117" packages="3" files="8" classes="8"/>
    <package name="components.crm">
      <metrics statements="67" coveredstatements="35" conditionals="62" coveredconditionals="23" methods="27" coveredmethods="13"/>
      <file name="lead-card.tsx" path="D:\Coders\gpus\src\components\crm\lead-card.tsx">
        <metrics statements="13" coveredstatements="7" conditionals="26" coveredconditionals="10" methods="6" coveredmethods="2"/>
        <line num="33" count="1" type="stmt"/>
        <line num="39" count="1" type="stmt"/>
        <line num="49" count="1" type="stmt"/>
        <line num="53" count="6" type="cond" truecount="1" falsecount="1"/>
        <line num="54" count="6" type="stmt"/>
        <line num="56" count="6" type="stmt"/>
        <line num="72" count="12" type="stmt"/>
        <line num="113" count="0" type="stmt"/>
        <line num="119" count="0" type="cond" truecount="0" falsecount="4"/>
        <line num="120" count="0" type="stmt"/>
        <line num="132" count="0" type="stmt"/>
        <line num="138" count="0" type="cond" truecount="0" falsecount="4"/>
        <line num="139" count="0" type="stmt"/>
      </file>
      <file name="pipeline-kanban.tsx" path="D:\Coders\gpus\src\components\crm\pipeline-kanban.tsx">
        <metrics statements="54" coveredstatements="28" conditionals="36" coveredconditionals="13" methods="21" coveredmethods="11"/>
        <line num="11" count="1" type="stmt"/>
        <line num="54" count="6" type="stmt"/>
        <line num="56" count="6" type="stmt"/>
        <line num="58" count="0" type="stmt"/>
        <line num="61" count="0" type="stmt"/>
        <line num="62" count="0" type="cond" truecount="0" falsecount="2"/>
        <line num="64" count="0" type="stmt"/>
        <line num="65" count="0" type="stmt"/>
        <line num="66" count="0" type="cond" truecount="0" falsecount="2"/>
        <line num="72" count="0" type="cond" truecount="0" falsecount="2"/>
        <line num="73" count="0" type="stmt"/>
        <line num="75" count="0" type="stmt"/>
        <line num="82" count="6" type="stmt"/>
        <line num="91" count="0" type="stmt"/>
        <line num="111" count="1" type="cond" truecount="3" falsecount="1"/>
        <line num="112" count="0" type="stmt"/>
        <line num="114" count="1" type="cond" truecount="1" falsecount="1"/>
        <line num="115" count="1" type="stmt"/>
        <line num="119" count="0" type="cond" truecount="0" falsecount="4"/>
        <line num="120" count="0" type="stmt"/>
        <line num="121" count="0" type="cond" truecount="0" falsecount="2"/>
        <line num="122" count="0" type="stmt"/>
        <line num="134" count="0" type="stmt"/>
        <line num="135" count="0" type="cond" truecount="0" falsecount="2"/>
        <line num="136" count="0" type="stmt"/>
        <line num="140" count="0" type="stmt"/>
        <line num="173" count="12" type="stmt"/>
        <line num="175" count="24" type="stmt"/>
        <line num="210" count="0" type="stmt"/>
        <line num="216" count="6" type="stmt"/>
        <line num="249" count="4" type="stmt"/>
        <line num="252" count="4" type="stmt"/>
        <line num="255" count="4" type="cond" truecount="2" falsecount="0"/>
        <line num="258" count="4" type="stmt"/>
        <line num="259" count="2" type="stmt"/>
        <line num="260" count="2" type="stmt"/>
        <line num="261" count="36" type="stmt"/>
        <line num="263" count="2" type="stmt"/>
        <line num="267" count="4" type="stmt"/>
        <line num="268" count="24" type="cond" truecount="2" falsecount="0"/>
        <line num="269" count="12" type="stmt"/>
        <line num="271" count="12" type="stmt"/>
        <line num="276" count="4" type="stmt"/>
        <line num="278" count="0" type="stmt"/>
        <line num="279" count="0" type="cond" truecount="0" falsecount="2"/>
        <line num="280" count="0" type="stmt"/>
        <line num="281" count="0" type="stmt"/>
        <line num="288" count="4" type="stmt"/>
        <line num="291" count="0" type="stmt"/>
        <line num="293" count="0" type="stmt"/>
        <line num="299" count="4" type="stmt"/>
        <line num="300" count="2" type="stmt"/>
        <line num="303" count="4" type="stmt"/>
        <line num="307" count="24" type="stmt"/>
      </file>
    </package>
    <package name="components.ui">
      <metrics statements="35" coveredstatements="32" conditionals="8" coveredconditionals="6" methods="12" coveredmethods="9"/>
      <file name="avatar.tsx" path="D:\Coders\gpus\src\components\ui\avatar.tsx">
        <metrics statements="9" coveredstatements="8" conditionals="0" coveredconditionals="0" methods="3" coveredmethods="2"/>
        <line num="8" count="1" type="stmt"/>
        <line num="12" count="6" type="stmt"/>
        <line num="18" count="1" type="stmt"/>
        <line num="20" count="1" type="stmt"/>
        <line num="24" count="0" type="stmt"/>
        <line num="30" count="1" type="stmt"/>
        <line num="32" count="1" type="stmt"/>
        <line num="36" count="6" type="stmt"/>
        <line num="45" count="1" type="stmt"/>
      </file>
      <file name="badge.tsx" path="D:\Coders\gpus\src\components\ui\badge.tsx">
        <metrics statements="2" coveredstatements="2" conditionals="0" coveredconditionals="0" methods="1" coveredmethods="1"/>
        <line num="6" count="1" type="stmt"/>
        <line num="30" count="12" type="stmt"/>
      </file>
      <file name="card.tsx" path="D:\Coders\gpus\src\components\ui\card.tsx">
        <metrics statements="18" coveredstatements="16" conditionals="3" coveredconditionals="2" methods="6" coveredmethods="4"/>
        <line num="9" count="1" type="stmt"/>
        <line num="11" count="18" type="stmt"/>
        <line num="22" count="1" type="stmt"/>
        <line num="24" count="1" type="stmt"/>
        <line num="26" count="12" type="stmt"/>
        <line num="29" count="1" type="stmt"/>
        <line num="31" count="1" type="stmt"/>
        <line num="33" count="12" type="stmt"/>
        <line num="40" count="1" type="stmt"/>
        <line num="42" count="1" type="stmt"/>
        <line num="44" count="0" type="stmt"/>
        <line num="47" count="1" type="stmt"/>
        <line num="49" count="1" type="stmt"/>
        <line num="51" count="12" type="stmt"/>
        <line num="54" count="1" type="stmt"/>
        <line num="56" count="1" type="stmt"/>
        <line num="58" count="0" type="stmt"/>
        <line num="61" count="1" type="stmt"/>
      </file>
      <file name="scroll-area.tsx" path="D:\Coders\gpus\src\components\ui\scroll-area.tsx">
        <metrics statements="6" coveredstatements="6" conditionals="5" coveredconditionals="4" methods="2" coveredmethods="2"/>
        <line num="6" count="1" type="stmt"/>
        <line num="10" count="12" type="stmt"/>
        <line num="22" count="1" type="stmt"/>
        <line num="24" count="1" type="stmt"/>
        <line num="28" count="12" type="stmt"/>
        <line num="42" count="1" type="stmt"/>
      </file>
    </package>
    <package name="lib">
      <metrics statements="15" coveredstatements="10" conditionals="0" coveredconditionals="0" methods="2" coveredmethods="1"/>
      <file name="motion-config.ts" path="D:\Coders\gpus\src\lib\motion-config.ts">
        <metrics statements="14" coveredstatements="9" conditionals="0" coveredconditionals="0" methods="1" coveredmethods="0"/>
        <line num="18" count="1" type="stmt"/>
        <line num="28" count="1" type="stmt"/>
        <line num="38" count="1" type="stmt"/>
        <line num="48" count="1" type="stmt"/>
        <line num="61" count="1" type="stmt"/>
        <line num="71" count="1" type="stmt"/>
        <line num="85" count="1" type="stmt"/>
        <line num="118" count="1" type="stmt"/>
        <line num="140" count="1" type="stmt"/>
        <line num="165" count="0" type="stmt"/>
        <line num="166" count="0" type="stmt"/>
        <line num="169" count="0" type="stmt"/>
        <line num="170" count="0" type="stmt"/>
        <line num="172" count="0" type="stmt"/>
      </file>
      <file name="utils.ts" path="D:\Coders\gpus\src\lib\utils.ts">
        <metrics statements="1" coveredstatements="1" conditionals="0" coveredconditionals="0" methods="1" coveredmethods="1"/>
        <line num="5" count="102" type="stmt"/>
      </file>
    </package>
  </project>
</coverage>
