{"D:\\Coders\\gpus\\src\\components\\crm\\lead-card.tsx": {"path":"D:\\Coders\\gpus\\src\\components\\crm\\lead-card.tsx","statementMap":{"0":{"start":{"line":33,"column":78},"end":{"line":37,"column":null}},"1":{"start":{"line":39,"column":46},"end":{"line":46,"column":null}},"2":{"start":{"line":49,"column":19},"end":{"line":49,"column":null}},"3":{"start":{"line":53,"column":18},"end":{"line":53,"column":null}},"4":{"start":{"line":54,"column":15},"end":{"line":54,"column":null}},"5":{"start":{"line":56,"column":1},"end":{"line":162,"column":null}},"6":{"start":{"line":72,"column":19},"end":{"line":72,"column":23}},"7":{"start":{"line":113,"column":8},"end":{"line":113,"column":null}},"8":{"start":{"line":119,"column":8},"end":{"line":122,"column":null}},"9":{"start":{"line":120,"column":9},"end":{"line":120,"column":null}},"10":{"start":{"line":132,"column":8},"end":{"line":132,"column":null}},"11":{"start":{"line":138,"column":8},"end":{"line":141,"column":null}},"12":{"start":{"line":139,"column":9},"end":{"line":139,"column":null}}},"fnMap":{"0":{"name":"LeadCard","decl":{"start":{"line":51,"column":16},"end":{"line":51,"column":25}},"loc":{"start":{"line":51,"column":50},"end":{"line":164,"column":null}},"line":51},"1":{"name":"(anonymous_1)","decl":{"start":{"line":72,"column":12},"end":{"line":72,"column":13}},"loc":{"start":{"line":72,"column":19},"end":{"line":72,"column":23}},"line":72},"2":{"name":"(anonymous_2)","decl":{"start":{"line":112,"column":16},"end":{"line":112,"column":17}},"loc":{"start":{"line":112,"column":23},"end":{"line":115,"column":null}},"line":112},"3":{"name":"(anonymous_3)","decl":{"start":{"line":118,"column":18},"end":{"line":118,"column":19}},"loc":{"start":{"line":118,"column":25},"end":{"line":123,"column":null}},"line":118},"4":{"name":"(anonymous_4)","decl":{"start":{"line":131,"column":16},"end":{"line":131,"column":17}},"loc":{"start":{"line":131,"column":23},"end":{"line":134,"column":null}},"line":131},"5":{"name":"(anonymous_5)","decl":{"start":{"line":137,"column":18},"end":{"line":137,"column":19}},"loc":{"start":{"line":137,"column":25},"end":{"line":142,"column":null}},"line":137}},"branchMap":{"0":{"loc":{"start":{"line":53,"column":18},"end":{"line":53,"column":null}},"type":"binary-expr","locations":[{"start":{"line":53,"column":18},"end":{"line":53,"column":62}},{"start":{"line":53,"column":62},"end":{"line":53,"column":null}}],"line":53},"1":{"loc":{"start":{"line":83,"column":16},"end":{"line":83,"column":null}},"type":"cond-expr","locations":[{"start":{"line":83,"column":24},"end":{"line":83,"column":32}},{"start":{"line":83,"column":32},"end":{"line":83,"column":null}}],"line":83},"2":{"loc":{"start":{"line":87,"column":51},"end":{"line":87,"column":69}},"type":"cond-expr","locations":[{"start":{"line":87,"column":59},"end":{"line":87,"column":67}},{"start":{"line":87,"column":67},"end":{"line":87,"column":69}}],"line":87},"3":{"loc":{"start":{"line":87,"column":73},"end":{"line":87,"column":141}},"type":"binary-expr","locations":[{"start":{"line":87,"column":73},"end":{"line":87,"column":118}},{"start":{"line":87,"column":118},"end":{"line":87,"column":141}}],"line":87},"4":{"loc":{"start":{"line":91,"column":6},"end":{"line":92,"column":null}},"type":"binary-expr","locations":[{"start":{"line":91,"column":6},"end":{"line":91,"column":null}},{"start":{"line":92,"column":6},"end":{"line":92,"column":null}}],"line":91},"5":{"loc":{"start":{"line":94,"column":6},"end":{"line":98,"column":null}},"type":"binary-expr","locations":[{"start":{"line":94,"column":6},"end":{"line":94,"column":null}},{"start":{"line":95,"column":6},"end":{"line":98,"column":null}}],"line":94},"6":{"loc":{"start":{"line":101,"column":7},"end":{"line":104,"column":null}},"type":"binary-expr","locations":[{"start":{"line":101,"column":7},"end":{"line":101,"column":null}},{"start":{"line":102,"column":7},"end":{"line":104,"column":null}}],"line":101},"7":{"loc":{"start":{"line":103,"column":9},"end":{"line":103,"column":null}},"type":"binary-expr","locations":[{"start":{"line":103,"column":9},"end":{"line":103,"column":50}},{"start":{"line":103,"column":50},"end":{"line":103,"column":null}}],"line":103},"8":{"loc":{"start":{"line":119,"column":8},"end":{"line":122,"column":null}},"type":"if","locations":[{"start":{"line":119,"column":8},"end":{"line":122,"column":null}},{"start":{},"end":{}}],"line":119},"9":{"loc":{"start":{"line":119,"column":12},"end":{"line":119,"column":48}},"type":"binary-expr","locations":[{"start":{"line":119,"column":12},"end":{"line":119,"column":33}},{"start":{"line":119,"column":33},"end":{"line":119,"column":48}}],"line":119},"10":{"loc":{"start":{"line":138,"column":8},"end":{"line":141,"column":null}},"type":"if","locations":[{"start":{"line":138,"column":8},"end":{"line":141,"column":null}},{"start":{},"end":{}}],"line":138},"11":{"loc":{"start":{"line":138,"column":12},"end":{"line":138,"column":48}},"type":"binary-expr","locations":[{"start":{"line":138,"column":12},"end":{"line":138,"column":33}},{"start":{"line":138,"column":33},"end":{"line":138,"column":48}}],"line":138},"12":{"loc":{"start":{"line":146,"column":7},"end":{"line":157,"column":null}},"type":"binary-expr","locations":[{"start":{"line":146,"column":7},"end":{"line":146,"column":null}},{"start":{"line":147,"column":7},"end":{"line":157,"column":null}}],"line":146}},"s":{"0":1,"1":1,"2":1,"3":6,"4":6,"5":6,"6":12,"7":0,"8":0,"9":0,"10":0,"11":0,"12":0},"f":{"0":6,"1":12,"2":0,"3":0,"4":0,"5":0},"b":{"0":[6,0],"1":[2,4],"2":[2,4],"3":[6,0],"4":[6,0],"5":[6,0],"6":[6,0],"7":[0,0],"8":[0,0],"9":[0,0],"10":[0,0],"11":[0,0],"12":[6,0]},"meta":{"lastBranch":13,"lastFunction":6,"lastStatement":13,"seen":{"s:33:78:37:Infinity":0,"s:39:46:46:Infinity":1,"s:49:19:49:Infinity":2,"f:51:16:51:25":0,"s:53:18:53:Infinity":3,"b:53:18:53:62:53:62:53:Infinity":0,"s:54:15:54:Infinity":4,"s:56:1:162:Infinity":5,"f:72:12:72:13":1,"s:72:19:72:23":6,"b:83:24:83:32:83:32:83:Infinity":1,"b:87:59:87:67:87:67:87:69":2,"b:87:73:87:118:87:118:87:141":3,"b:91:6:91:Infinity:92:6:92:Infinity":4,"b:94:6:94:Infinity:95:6:98:Infinity":5,"b:101:7:101:Infinity:102:7:104:Infinity":6,"b:103:9:103:50:103:50:103:Infinity":7,"f:112:16:112:17":2,"s:113:8:113:Infinity":7,"f:118:18:118:19":3,"b:119:8:122:Infinity:undefined:undefined:undefined:undefined":8,"s:119:8:122:Infinity":8,"b:119:12:119:33:119:33:119:48":9,"s:120:9:120:Infinity":9,"f:131:16:131:17":4,"s:132:8:132:Infinity":10,"f:137:18:137:19":5,"b:138:8:141:Infinity:undefined:undefined:undefined:undefined":10,"s:138:8:141:Infinity":11,"b:138:12:138:33:138:33:138:48":11,"s:139:9:139:Infinity":12,"b:146:7:146:Infinity:147:7:157:Infinity":12}}}
,"D:\\Coders\\gpus\\src\\components\\crm\\pipeline-kanban.tsx": {"path":"D:\\Coders\\gpus\\src\\components\\crm\\pipeline-kanban.tsx","statementMap":{"0":{"start":{"line":11,"column":15},"end":{"line":18,"column":null}},"1":{"start":{"line":54,"column":33},"end":{"line":54,"column":null}},"2":{"start":{"line":56,"column":7},"end":{"line":80,"column":null}},"3":{"start":{"line":58,"column":3},"end":{"line":58,"column":null}},"4":{"start":{"line":61,"column":19},"end":{"line":61,"column":null}},"5":{"start":{"line":62,"column":3},"end":{"line":62,"column":null}},"6":{"start":{"line":62,"column":17},"end":{"line":62,"column":null}},"7":{"start":{"line":64,"column":3},"end":{"line":77,"column":null}},"8":{"start":{"line":65,"column":17},"end":{"line":65,"column":null}},"9":{"start":{"line":66,"column":4},"end":{"line":76,"column":null}},"10":{"start":{"line":72,"column":5},"end":{"line":74,"column":null}},"11":{"start":{"line":73,"column":6},"end":{"line":73,"column":null}},"12":{"start":{"line":75,"column":5},"end":{"line":75,"column":null}},"13":{"start":{"line":82,"column":1},"end":{"line":147,"column":null}},"14":{"start":{"line":91,"column":22},"end":{"line":91,"column":null}},"15":{"start":{"line":110,"column":5},"end":{"line":112,"column":null}},"16":{"start":{"line":111,"column":6},"end":{"line":111,"column":null}},"17":{"start":{"line":113,"column":5},"end":{"line":115,"column":null}},"18":{"start":{"line":114,"column":6},"end":{"line":114,"column":null}},"19":{"start":{"line":118,"column":5},"end":{"line":123,"column":null}},"20":{"start":{"line":119,"column":6},"end":{"line":119,"column":null}},"21":{"start":{"line":120,"column":6},"end":{"line":122,"column":null}},"22":{"start":{"line":121,"column":7},"end":{"line":121,"column":null}},"23":{"start":{"line":133,"column":6},"end":{"line":133,"column":null}},"24":{"start":{"line":134,"column":6},"end":{"line":136,"column":null}},"25":{"start":{"line":135,"column":7},"end":{"line":135,"column":null}},"26":{"start":{"line":139,"column":27},"end":{"line":139,"column":null}},"27":{"start":{"line":172,"column":1},"end":{"line":238,"column":null}},"28":{"start":{"line":174,"column":16},"end":{"line":174,"column":null}},"29":{"start":{"line":209,"column":32},"end":{"line":209,"column":null}},"30":{"start":{"line":215,"column":9},"end":{"line":221,"column":null}},"31":{"start":{"line":248,"column":7},"end":{"line":248,"column":null}},"32":{"start":{"line":251,"column":33},"end":{"line":251,"column":null}},"33":{"start":{"line":254,"column":22},"end":{"line":254,"column":null}},"34":{"start":{"line":257,"column":7},"end":{"line":263,"column":null}},"35":{"start":{"line":258,"column":42},"end":{"line":258,"column":null}},"36":{"start":{"line":259,"column":2},"end":{"line":261,"column":null}},"37":{"start":{"line":260,"column":3},"end":{"line":260,"column":null}},"38":{"start":{"line":260,"column":50},"end":{"line":260,"column":70}},"39":{"start":{"line":262,"column":2},"end":{"line":262,"column":null}},"40":{"start":{"line":266,"column":7},"end":{"line":272,"column":null}},"41":{"start":{"line":267,"column":2},"end":{"line":271,"column":null}},"42":{"start":{"line":268,"column":3},"end":{"line":268,"column":null}},"43":{"start":{"line":270,"column":3},"end":{"line":270,"column":null}},"44":{"start":{"line":275,"column":7},"end":{"line":284,"column":null}},"45":{"start":{"line":277,"column":3},"end":{"line":281,"column":null}},"46":{"start":{"line":278,"column":20},"end":{"line":278,"column":null}},"47":{"start":{"line":279,"column":23},"end":{"line":279,"column":null}},"48":{"start":{"line":279,"column":45},"end":{"line":279,"column":64}},"49":{"start":{"line":280,"column":4},"end":{"line":280,"column":null}},"50":{"start":{"line":287,"column":7},"end":{"line":295,"column":null}},"51":{"start":{"line":290,"column":3},"end":{"line":290,"column":null}},"52":{"start":{"line":292,"column":3},"end":{"line":292,"column":null}},"53":{"start":{"line":298,"column":1},"end":{"line":300,"column":null}},"54":{"start":{"line":299,"column":2},"end":{"line":299,"column":null}},"55":{"start":{"line":302,"column":1},"end":{"line":318,"column":null}},"56":{"start":{"line":306,"column":5},"end":{"line":315,"column":null}}},"fnMap":{"0":{"name":"DraggableLeadCard","decl":{"start":{"line":43,"column":9},"end":{"line":43,"column":27}},"loc":{"start":{"line":53,"column":3},"end":{"line":149,"column":null}},"line":53},"1":{"name":"(anonymous_1)","decl":{"start":{"line":57,"column":2},"end":{"line":57,"column":3}},"loc":{"start":{"line":57,"column":97},"end":{"line":78,"column":null}},"line":57},"2":{"name":"(anonymous_2)","decl":{"start":{"line":91,"column":16},"end":{"line":91,"column":22}},"loc":{"start":{"line":91,"column":22},"end":{"line":91,"column":null}},"line":91},"3":{"name":"(anonymous_3)","decl":{"start":{"line":109,"column":13},"end":{"line":109,"column":14}},"loc":{"start":{"line":109,"column":24},"end":{"line":116,"column":null}},"line":109},"4":{"name":"(anonymous_4)","decl":{"start":{"line":117,"column":15},"end":{"line":117,"column":16}},"loc":{"start":{"line":117,"column":26},"end":{"line":124,"column":null}},"line":117},"5":{"name":"(anonymous_5)","decl":{"start":{"line":132,"column":14},"end":{"line":132,"column":15}},"loc":{"start":{"line":132,"column":21},"end":{"line":137,"column":null}},"line":132},"6":{"name":"(anonymous_6)","decl":{"start":{"line":139,"column":20},"end":{"line":139,"column":21}},"loc":{"start":{"line":139,"column":27},"end":{"line":139,"column":null}},"line":139},"7":{"name":"KanbanColumn","decl":{"start":{"line":155,"column":9},"end":{"line":155,"column":22}},"loc":{"start":{"line":171,"column":3},"end":{"line":240,"column":null}},"line":171},"8":{"name":"(anonymous_8)","decl":{"start":{"line":174,"column":8},"end":{"line":174,"column":9}},"loc":{"start":{"line":174,"column":16},"end":{"line":174,"column":null}},"line":174},"9":{"name":"(anonymous_9)","decl":{"start":{"line":209,"column":18},"end":{"line":209,"column":19}},"loc":{"start":{"line":209,"column":32},"end":{"line":209,"column":null}},"line":209},"10":{"name":"(anonymous_10)","decl":{"start":{"line":214,"column":19},"end":{"line":214,"column":20}},"loc":{"start":{"line":215,"column":9},"end":{"line":221,"column":null}},"line":215},"11":{"name":"PipelineKanban","decl":{"start":{"line":246,"column":16},"end":{"line":246,"column":31}},"loc":{"start":{"line":246,"column":87},"end":{"line":320,"column":null}},"line":246},"12":{"name":"(anonymous_12)","decl":{"start":{"line":257,"column":30},"end":{"line":257,"column":36}},"loc":{"start":{"line":257,"column":36},"end":{"line":263,"column":4}},"line":257},"13":{"name":"(anonymous_13)","decl":{"start":{"line":260,"column":43},"end":{"line":260,"column":44}},"loc":{"start":{"line":260,"column":50},"end":{"line":260,"column":70}},"line":260},"14":{"name":"(anonymous_14)","decl":{"start":{"line":266,"column":36},"end":{"line":266,"column":37}},"loc":{"start":{"line":266,"column":89},"end":{"line":272,"column":4}},"line":266},"15":{"name":"(anonymous_15)","decl":{"start":{"line":276,"column":2},"end":{"line":276,"column":3}},"loc":{"start":{"line":276,"column":41},"end":{"line":282,"column":null}},"line":276},"16":{"name":"(anonymous_16)","decl":{"start":{"line":277,"column":17},"end":{"line":277,"column":18}},"loc":{"start":{"line":277,"column":27},"end":{"line":281,"column":4}},"line":277},"17":{"name":"(anonymous_17)","decl":{"start":{"line":279,"column":38},"end":{"line":279,"column":39}},"loc":{"start":{"line":279,"column":45},"end":{"line":279,"column":64}},"line":279},"18":{"name":"(anonymous_18)","decl":{"start":{"line":288,"column":2},"end":{"line":288,"column":3}},"loc":{"start":{"line":288,"column":40},"end":{"line":293,"column":null}},"line":288},"19":{"name":"(anonymous_19)","decl":{"start":{"line":298,"column":9},"end":{"line":298,"column":15}},"loc":{"start":{"line":298,"column":15},"end":{"line":300,"column":4}},"line":298},"20":{"name":"(anonymous_20)","decl":{"start":{"line":305,"column":16},"end":{"line":305,"column":17}},"loc":{"start":{"line":306,"column":5},"end":{"line":315,"column":null}},"line":306}},"branchMap":{"0":{"loc":{"start":{"line":62,"column":3},"end":{"line":62,"column":null}},"type":"if","locations":[{"start":{"line":62,"column":3},"end":{"line":62,"column":null}},{"start":{},"end":{}}],"line":62},"1":{"loc":{"start":{"line":66,"column":4},"end":{"line":76,"column":null}},"type":"if","locations":[{"start":{"line":66,"column":4},"end":{"line":76,"column":null}},{"start":{},"end":{}}],"line":66},"2":{"loc":{"start":{"line":67,"column":5},"end":{"line":70,"column":null}},"type":"binary-expr","locations":[{"start":{"line":67,"column":5},"end":{"line":67,"column":null}},{"start":{"line":68,"column":5},"end":{"line":68,"column":null}},{"start":{"line":69,"column":5},"end":{"line":69,"column":null}},{"start":{"line":70,"column":5},"end":{"line":70,"column":null}}],"line":67},"3":{"loc":{"start":{"line":72,"column":5},"end":{"line":74,"column":null}},"type":"if","locations":[{"start":{"line":72,"column":5},"end":{"line":74,"column":null}},{"start":{},"end":{}}],"line":72},"4":{"loc":{"start":{"line":110,"column":5},"end":{"line":112,"column":null}},"type":"if","locations":[{"start":{"line":110,"column":5},"end":{"line":112,"column":null}},{"start":{},"end":{}}],"line":110},"5":{"loc":{"start":{"line":110,"column":9},"end":{"line":110,"column":80}},"type":"binary-expr","locations":[{"start":{"line":110,"column":9},"end":{"line":110,"column":48}},{"start":{"line":110,"column":48},"end":{"line":110,"column":80}}],"line":110},"6":{"loc":{"start":{"line":113,"column":5},"end":{"line":115,"column":null}},"type":"if","locations":[{"start":{"line":113,"column":5},"end":{"line":115,"column":null}},{"start":{},"end":{}}],"line":113},"7":{"loc":{"start":{"line":118,"column":5},"end":{"line":123,"column":null}},"type":"if","locations":[{"start":{"line":118,"column":5},"end":{"line":123,"column":null}},{"start":{},"end":{}}],"line":118},"8":{"loc":{"start":{"line":118,"column":9},"end":{"line":118,"column":53}},"type":"binary-expr","locations":[{"start":{"line":118,"column":9},"end":{"line":118,"column":34}},{"start":{"line":118,"column":34},"end":{"line":118,"column":53}}],"line":118},"9":{"loc":{"start":{"line":120,"column":6},"end":{"line":122,"column":null}},"type":"if","locations":[{"start":{"line":120,"column":6},"end":{"line":122,"column":null}},{"start":{},"end":{}}],"line":120},"10":{"loc":{"start":{"line":129,"column":4},"end":{"line":145,"column":null}},"type":"binary-expr","locations":[{"start":{"line":129,"column":4},"end":{"line":129,"column":null}},{"start":{"line":130,"column":4},"end":{"line":145,"column":null}}],"line":129},"11":{"loc":{"start":{"line":134,"column":6},"end":{"line":136,"column":null}},"type":"if","locations":[{"start":{"line":134,"column":6},"end":{"line":136,"column":null}},{"start":{},"end":{}}],"line":134},"12":{"loc":{"start":{"line":224,"column":8},"end":{"line":232,"column":null}},"type":"binary-expr","locations":[{"start":{"line":224,"column":8},"end":{"line":224,"column":null}},{"start":{"line":225,"column":8},"end":{"line":232,"column":null}}],"line":224},"13":{"loc":{"start":{"line":254,"column":22},"end":{"line":254,"column":null}},"type":"binary-expr","locations":[{"start":{"line":254,"column":22},"end":{"line":254,"column":36}},{"start":{"line":254,"column":36},"end":{"line":254,"column":null}}],"line":254},"14":{"loc":{"start":{"line":267,"column":2},"end":{"line":271,"column":null}},"type":"if","locations":[{"start":{"line":267,"column":2},"end":{"line":271,"column":null}},{"start":{"line":269,"column":9},"end":{"line":271,"column":null}}],"line":267},"15":{"loc":{"start":{"line":278,"column":20},"end":{"line":278,"column":null}},"type":"binary-expr","locations":[{"start":{"line":278,"column":20},"end":{"line":278,"column":28}},{"start":{"line":278,"column":28},"end":{"line":278,"column":null}}],"line":278},"16":{"loc":{"start":{"line":309,"column":13},"end":{"line":309,"column":null}},"type":"binary-expr","locations":[{"start":{"line":309,"column":13},"end":{"line":309,"column":39}},{"start":{"line":309,"column":39},"end":{"line":309,"column":null}}],"line":309}},"s":{"0":1,"1":6,"2":6,"3":0,"4":0,"5":0,"6":0,"7":0,"8":0,"9":0,"10":0,"11":0,"12":0,"13":6,"14":0,"15":1,"16":0,"17":1,"18":1,"19":0,"20":0,"21":0,"22":0,"23":0,"24":0,"25":0,"26":0,"27":12,"28":24,"29":0,"30":6,"31":4,"32":4,"33":4,"34":4,"35":2,"36":2,"37":12,"38":36,"39":2,"40":4,"41":24,"42":12,"43":12,"44":4,"45":0,"46":0,"47":0,"48":0,"49":0,"50":4,"51":0,"52":0,"53":4,"54":2,"55":4,"56":24},"f":{"0":6,"1":0,"2":0,"3":1,"4":0,"5":0,"6":0,"7":12,"8":24,"9":0,"10":6,"11":4,"12":2,"13":36,"14":24,"15":0,"16":0,"17":0,"18":0,"19":2,"20":24},"b":{"0":[0,0],"1":[0,0],"2":[0,0,0,0],"3":[0,0],"4":[0,1],"5":[1,1],"6":[1,0],"7":[0,0],"8":[0,0],"9":[0,0],"10":[6,6],"11":[0,0],"12":[12,8],"13":[4,4],"14":[12,12],"15":[0,0],"16":[24,0]},"meta":{"lastBranch":17,"lastFunction":21,"lastStatement":57,"seen":{"s:11:15:18:Infinity":0,"f:43:9:43:27":0,"s:54:33:54:Infinity":1,"s:56:7:80:Infinity":2,"f:57:2:57:3":1,"s:58:3:58:Infinity":3,"s:61:19:61:Infinity":4,"b:62:3:62:Infinity:undefined:undefined:undefined:undefined":0,"s:62:3:62:Infinity":5,"s:62:17:62:Infinity":6,"s:64:3:77:Infinity":7,"s:65:17:65:Infinity":8,"b:66:4:76:Infinity:undefined:undefined:undefined:undefined":1,"s:66:4:76:Infinity":9,"b:67:5:67:Infinity:68:5:68:Infinity:69:5:69:Infinity:70:5:70:Infinity":2,"b:72:5:74:Infinity:undefined:undefined:undefined:undefined":3,"s:72:5:74:Infinity":10,"s:73:6:73:Infinity":11,"s:75:5:75:Infinity":12,"s:82:1:147:Infinity":13,"f:91:16:91:22":2,"s:91:22:91:Infinity":14,"f:109:13:109:14":3,"b:110:5:112:Infinity:undefined:undefined:undefined:undefined":4,"s:110:5:112:Infinity":15,"b:110:9:110:48:110:48:110:80":5,"s:111:6:111:Infinity":16,"b:113:5:115:Infinity:undefined:undefined:undefined:undefined":6,"s:113:5:115:Infinity":17,"s:114:6:114:Infinity":18,"f:117:15:117:16":4,"b:118:5:123:Infinity:undefined:undefined:undefined:undefined":7,"s:118:5:123:Infinity":19,"b:118:9:118:34:118:34:118:53":8,"s:119:6:119:Infinity":20,"b:120:6:122:Infinity:undefined:undefined:undefined:undefined":9,"s:120:6:122:Infinity":21,"s:121:7:121:Infinity":22,"b:129:4:129:Infinity:130:4:145:Infinity":10,"f:132:14:132:15":5,"s:133:6:133:Infinity":23,"b:134:6:136:Infinity:undefined:undefined:undefined:undefined":11,"s:134:6:136:Infinity":24,"s:135:7:135:Infinity":25,"f:139:20:139:21":6,"s:139:27:139:Infinity":26,"f:155:9:155:22":7,"s:172:1:238:Infinity":27,"f:174:8:174:9":8,"s:174:16:174:Infinity":28,"f:209:18:209:19":9,"s:209:32:209:Infinity":29,"f:214:19:214:20":10,"s:215:9:221:Infinity":30,"b:224:8:224:Infinity:225:8:232:Infinity":12,"f:246:16:246:31":11,"s:248:7:248:Infinity":31,"s:251:33:251:Infinity":32,"s:254:22:254:Infinity":33,"b:254:22:254:36:254:36:254:Infinity":13,"s:257:7:263:Infinity":34,"f:257:30:257:36":12,"s:258:42:258:Infinity":35,"s:259:2:261:Infinity":36,"s:260:3:260:Infinity":37,"f:260:43:260:44":13,"s:260:50:260:70":38,"s:262:2:262:Infinity":39,"s:266:7:272:Infinity":40,"f:266:36:266:37":14,"b:267:2:271:Infinity:269:9:271:Infinity":14,"s:267:2:271:Infinity":41,"s:268:3:268:Infinity":42,"s:270:3:270:Infinity":43,"s:275:7:284:Infinity":44,"f:276:2:276:3":15,"s:277:3:281:Infinity":45,"f:277:17:277:18":16,"s:278:20:278:Infinity":46,"b:278:20:278:28:278:28:278:Infinity":15,"s:279:23:279:Infinity":47,"f:279:38:279:39":17,"s:279:45:279:64":48,"s:280:4:280:Infinity":49,"s:287:7:295:Infinity":50,"f:288:2:288:3":18,"s:290:3:290:Infinity":51,"s:292:3:292:Infinity":52,"s:298:1:300:Infinity":53,"f:298:9:298:15":19,"s:299:2:299:Infinity":54,"s:302:1:318:Infinity":55,"f:305:16:305:17":20,"s:306:5:315:Infinity":56,"b:309:13:309:39:309:39:309:Infinity":16}}}
,"D:\\Coders\\gpus\\src\\components\\ui\\avatar.tsx": {"path":"D:\\Coders\\gpus\\src\\components\\ui\\avatar.tsx","statementMap":{"0":{"start":{"line":8,"column":15},"end":{"line":17,"column":null}},"1":{"start":{"line":12,"column":1},"end":{"line":16,"column":null}},"2":{"start":{"line":18,"column":0},"end":{"line":18,"column":null}},"3":{"start":{"line":20,"column":20},"end":{"line":29,"column":null}},"4":{"start":{"line":24,"column":1},"end":{"line":28,"column":null}},"5":{"start":{"line":30,"column":0},"end":{"line":30,"column":null}},"6":{"start":{"line":32,"column":23},"end":{"line":44,"column":null}},"7":{"start":{"line":36,"column":1},"end":{"line":43,"column":null}},"8":{"start":{"line":45,"column":0},"end":{"line":45,"column":null}}},"fnMap":{"0":{"name":"(anonymous_0)","decl":{"start":{"line":11,"column":2},"end":{"line":11,"column":3}},"loc":{"start":{"line":12,"column":1},"end":{"line":16,"column":null}},"line":12},"1":{"name":"(anonymous_1)","decl":{"start":{"line":23,"column":2},"end":{"line":23,"column":3}},"loc":{"start":{"line":24,"column":1},"end":{"line":28,"column":null}},"line":24},"2":{"name":"(anonymous_2)","decl":{"start":{"line":35,"column":2},"end":{"line":35,"column":3}},"loc":{"start":{"line":36,"column":1},"end":{"line":43,"column":null}},"line":36}},"branchMap":{},"s":{"0":1,"1":6,"2":1,"3":1,"4":0,"5":1,"6":1,"7":6,"8":1},"f":{"0":6,"1":0,"2":6},"b":{},"meta":{"lastBranch":0,"lastFunction":3,"lastStatement":9,"seen":{"s:8:15:17:Infinity":0,"f:11:2:11:3":0,"s:12:1:16:Infinity":1,"s:18:0:18:Infinity":2,"s:20:20:29:Infinity":3,"f:23:2:23:3":1,"s:24:1:28:Infinity":4,"s:30:0:30:Infinity":5,"s:32:23:44:Infinity":6,"f:35:2:35:3":2,"s:36:1:43:Infinity":7,"s:45:0:45:Infinity":8}}}
,"D:\\Coders\\gpus\\src\\components\\ui\\badge.tsx": {"path":"D:\\Coders\\gpus\\src\\components\\ui\\badge.tsx","statementMap":{"0":{"start":{"line":6,"column":6},"end":{"line":23,"column":null}},"1":{"start":{"line":30,"column":1},"end":{"line":30,"column":null}}},"fnMap":{"0":{"name":"Badge","decl":{"start":{"line":29,"column":9},"end":{"line":29,"column":15}},"loc":{"start":{"line":29,"column":61},"end":{"line":31,"column":null}},"line":29}},"branchMap":{},"s":{"0":1,"1":12},"f":{"0":12},"b":{},"meta":{"lastBranch":0,"lastFunction":1,"lastStatement":2,"seen":{"s:6:6:23:Infinity":0,"f:29:9:29:15":0,"s:30:1:30:Infinity":1}}}
,"D:\\Coders\\gpus\\src\\components\\ui\\card.tsx": {"path":"D:\\Coders\\gpus\\src\\components\\ui\\card.tsx","statementMap":{"0":{"start":{"line":9,"column":13},"end":{"line":21,"column":null}},"1":{"start":{"line":11,"column":2},"end":{"line":19,"column":null}},"2":{"start":{"line":22,"column":0},"end":{"line":22,"column":null}},"3":{"start":{"line":24,"column":19},"end":{"line":28,"column":null}},"4":{"start":{"line":26,"column":2},"end":{"line":26,"column":null}},"5":{"start":{"line":29,"column":0},"end":{"line":29,"column":null}},"6":{"start":{"line":31,"column":18},"end":{"line":39,"column":null}},"7":{"start":{"line":33,"column":2},"end":{"line":37,"column":null}},"8":{"start":{"line":40,"column":0},"end":{"line":40,"column":null}},"9":{"start":{"line":42,"column":24},"end":{"line":46,"column":null}},"10":{"start":{"line":44,"column":2},"end":{"line":44,"column":null}},"11":{"start":{"line":47,"column":0},"end":{"line":47,"column":null}},"12":{"start":{"line":49,"column":20},"end":{"line":53,"column":null}},"13":{"start":{"line":51,"column":2},"end":{"line":51,"column":null}},"14":{"start":{"line":54,"column":0},"end":{"line":54,"column":null}},"15":{"start":{"line":56,"column":19},"end":{"line":60,"column":null}},"16":{"start":{"line":58,"column":2},"end":{"line":58,"column":null}},"17":{"start":{"line":61,"column":0},"end":{"line":61,"column":null}}},"fnMap":{"0":{"name":"(anonymous_0)","decl":{"start":{"line":10,"column":1},"end":{"line":10,"column":2}},"loc":{"start":{"line":11,"column":2},"end":{"line":19,"column":null}},"line":11},"1":{"name":"(anonymous_1)","decl":{"start":{"line":25,"column":1},"end":{"line":25,"column":2}},"loc":{"start":{"line":26,"column":2},"end":{"line":26,"column":null}},"line":26},"2":{"name":"(anonymous_2)","decl":{"start":{"line":32,"column":1},"end":{"line":32,"column":2}},"loc":{"start":{"line":33,"column":2},"end":{"line":37,"column":null}},"line":33},"3":{"name":"(anonymous_3)","decl":{"start":{"line":43,"column":1},"end":{"line":43,"column":2}},"loc":{"start":{"line":44,"column":2},"end":{"line":44,"column":null}},"line":44},"4":{"name":"(anonymous_4)","decl":{"start":{"line":50,"column":1},"end":{"line":50,"column":2}},"loc":{"start":{"line":51,"column":2},"end":{"line":51,"column":null}},"line":51},"5":{"name":"(anonymous_5)","decl":{"start":{"line":57,"column":1},"end":{"line":57,"column":2}},"loc":{"start":{"line":58,"column":2},"end":{"line":58,"column":null}},"line":58}},"branchMap":{"0":{"loc":{"start":{"line":10,"column":15},"end":{"line":10,"column":36}},"type":"default-arg","locations":[{"start":{"line":10,"column":25},"end":{"line":10,"column":36}}],"line":10},"1":{"loc":{"start":{"line":15,"column":4},"end":{"line":15,"column":null}},"type":"cond-expr","locations":[{"start":{"line":15,"column":26},"end":{"line":15,"column":41}},{"start":{"line":15,"column":41},"end":{"line":15,"column":null}}],"line":15}},"s":{"0":1,"1":18,"2":1,"3":1,"4":12,"5":1,"6":1,"7":12,"8":1,"9":1,"10":0,"11":1,"12":1,"13":12,"14":1,"15":1,"16":0,"17":1},"f":{"0":18,"1":12,"2":12,"3":0,"4":12,"5":0},"b":{"0":[18],"1":[18,0]},"meta":{"lastBranch":2,"lastFunction":6,"lastStatement":18,"seen":{"s:9:13:21:Infinity":0,"f:10:1:10:2":0,"s:11:2:19:Infinity":1,"b:10:25:10:36":0,"b:15:26:15:41:15:41:15:Infinity":1,"s:22:0:22:Infinity":2,"s:24:19:28:Infinity":3,"f:25:1:25:2":1,"s:26:2:26:Infinity":4,"s:29:0:29:Infinity":5,"s:31:18:39:Infinity":6,"f:32:1:32:2":2,"s:33:2:37:Infinity":7,"s:40:0:40:Infinity":8,"s:42:24:46:Infinity":9,"f:43:1:43:2":3,"s:44:2:44:Infinity":10,"s:47:0:47:Infinity":11,"s:49:20:53:Infinity":12,"f:50:1:50:2":4,"s:51:2:51:Infinity":13,"s:54:0:54:Infinity":14,"s:56:19:60:Infinity":15,"f:57:1:57:2":5,"s:58:2:58:Infinity":16,"s:61:0:61:Infinity":17}}}
,"D:\\Coders\\gpus\\src\\components\\ui\\scroll-area.tsx": {"path":"D:\\Coders\\gpus\\src\\components\\ui\\scroll-area.tsx","statementMap":{"0":{"start":{"line":6,"column":19},"end":{"line":21,"column":null}},"1":{"start":{"line":10,"column":1},"end":{"line":20,"column":null}},"2":{"start":{"line":22,"column":0},"end":{"line":22,"column":null}},"3":{"start":{"line":24,"column":18},"end":{"line":41,"column":null}},"4":{"start":{"line":28,"column":1},"end":{"line":40,"column":null}},"5":{"start":{"line":42,"column":0},"end":{"line":42,"column":null}}},"fnMap":{"0":{"name":"(anonymous_0)","decl":{"start":{"line":9,"column":2},"end":{"line":9,"column":3}},"loc":{"start":{"line":10,"column":1},"end":{"line":20,"column":null}},"line":10},"1":{"name":"(anonymous_1)","decl":{"start":{"line":27,"column":2},"end":{"line":27,"column":3}},"loc":{"start":{"line":28,"column":1},"end":{"line":40,"column":null}},"line":28}},"branchMap":{"0":{"loc":{"start":{"line":27,"column":16},"end":{"line":27,"column":42}},"type":"default-arg","locations":[{"start":{"line":27,"column":30},"end":{"line":27,"column":42}}],"line":27},"1":{"loc":{"start":{"line":33,"column":3},"end":{"line":33,"column":null}},"type":"binary-expr","locations":[{"start":{"line":33,"column":3},"end":{"line":33,"column":33}},{"start":{"line":33,"column":33},"end":{"line":33,"column":null}}],"line":33},"2":{"loc":{"start":{"line":34,"column":3},"end":{"line":34,"column":null}},"type":"binary-expr","locations":[{"start":{"line":34,"column":3},"end":{"line":34,"column":35}},{"start":{"line":34,"column":35},"end":{"line":34,"column":null}}],"line":34}},"s":{"0":1,"1":12,"2":1,"3":1,"4":12,"5":1},"f":{"0":12,"1":12},"b":{"0":[12],"1":[12,12],"2":[12,0]},"meta":{"lastBranch":3,"lastFunction":2,"lastStatement":6,"seen":{"s:6:19:21:Infinity":0,"f:9:2:9:3":0,"s:10:1:20:Infinity":1,"s:22:0:22:Infinity":2,"s:24:18:41:Infinity":3,"f:27:2:27:3":1,"s:28:1:40:Infinity":4,"b:27:30:27:42":0,"b:33:3:33:33:33:33:33:Infinity":1,"b:34:3:34:35:34:35:34:Infinity":2,"s:42:0:42:Infinity":5}}}
,"D:\\Coders\\gpus\\src\\lib\\motion-config.ts": {"path":"D:\\Coders\\gpus\\src\\lib\\motion-config.ts","statementMap":{"0":{"start":{"line":18,"column":41},"end":{"line":22,"column":null}},"1":{"start":{"line":28,"column":41},"end":{"line":32,"column":null}},"2":{"start":{"line":38,"column":40},"end":{"line":42,"column":null}},"3":{"start":{"line":48,"column":41},"end":{"line":52,"column":null}},"4":{"start":{"line":61,"column":44},"end":{"line":66,"column":null}},"5":{"start":{"line":71,"column":30},"end":{"line":76,"column":null}},"6":{"start":{"line":85,"column":38},"end":{"line":113,"column":null}},"7":{"start":{"line":118,"column":38},"end":{"line":131,"column":null}},"8":{"start":{"line":140,"column":41},"end":{"line":154,"column":null}},"9":{"start":{"line":165,"column":21},"end":{"line":165,"column":null}},"10":{"start":{"line":166,"column":23},"end":{"line":166,"column":null}},"11":{"start":{"line":169,"column":24},"end":{"line":169,"column":null}},"12":{"start":{"line":170,"column":25},"end":{"line":170,"column":null}},"13":{"start":{"line":172,"column":1},"end":{"line":176,"column":null}}},"fnMap":{"0":{"name":"getDistanceSpring","decl":{"start":{"line":164,"column":16},"end":{"line":164,"column":34}},"loc":{"start":{"line":164,"column":64},"end":{"line":177,"column":null}},"line":164}},"branchMap":{},"s":{"0":1,"1":1,"2":1,"3":1,"4":1,"5":1,"6":1,"7":1,"8":1,"9":0,"10":0,"11":0,"12":0,"13":0},"f":{"0":0},"b":{},"meta":{"lastBranch":0,"lastFunction":1,"lastStatement":14,"seen":{"s:18:41:22:Infinity":0,"s:28:41:32:Infinity":1,"s:38:40:42:Infinity":2,"s:48:41:52:Infinity":3,"s:61:44:66:Infinity":4,"s:71:30:76:Infinity":5,"s:85:38:113:Infinity":6,"s:118:38:131:Infinity":7,"s:140:41:154:Infinity":8,"f:164:16:164:34":0,"s:165:21:165:Infinity":9,"s:166:23:166:Infinity":10,"s:169:24:169:Infinity":11,"s:170:25:170:Infinity":12,"s:172:1:176:Infinity":13}}}
,"D:\\Coders\\gpus\\src\\lib\\utils.ts": {"path":"D:\\Coders\\gpus\\src\\lib\\utils.ts","statementMap":{"0":{"start":{"line":5,"column":1},"end":{"line":5,"column":null}}},"fnMap":{"0":{"name":"cn","decl":{"start":{"line":4,"column":16},"end":{"line":4,"column":22}},"loc":{"start":{"line":4,"column":44},"end":{"line":6,"column":null}},"line":4}},"branchMap":{},"s":{"0":102},"f":{"0":102},"b":{},"meta":{"lastBranch":0,"lastFunction":1,"lastStatement":1,"seen":{"f:4:16:4:22":0,"s:5:1:5:Infinity":0}}}
}
