{"D:\\Coders\\gpus\\src\\hooks\\use-students-view-model.ts": {"path":"D:\\Coders\\gpus\\src\\hooks\\use-students-view-model.ts","statementMap":{"0":{"start":{"line":9,"column":18},"end":{"line":9,"column":null}},"1":{"start":{"line":13,"column":7},"end":{"line":13,"column":null}},"2":{"start":{"line":14,"column":60},"end":{"line":14,"column":null}},"3":{"start":{"line":15,"column":25},"end":{"line":15,"column":null}},"4":{"start":{"line":18,"column":1},"end":{"line":36,"column":null}},"5":{"start":{"line":19,"column":23},"end":{"line":19,"column":null}},"6":{"start":{"line":20,"column":22},"end":{"line":20,"column":null}},"7":{"start":{"line":22,"column":2},"end":{"line":35,"column":null}},"8":{"start":{"line":23,"column":3},"end":{"line":34,"column":null}},"9":{"start":{"line":39,"column":7},"end":{"line":49,"column":null}},"10":{"start":{"line":52,"column":7},"end":{"line":62,"column":null}},"11":{"start":{"line":64,"column":22},"end":{"line":77,"column":null}},"12":{"start":{"line":65,"column":2},"end":{"line":76,"column":null}},"13":{"start":{"line":83,"column":23},"end":{"line":83,"column":null}},"14":{"start":{"line":85,"column":2},"end":{"line":87,"column":null}},"15":{"start":{"line":86,"column":48},"end":{"line":86,"column":null}},"16":{"start":{"line":89,"column":2},"end":{"line":91,"column":null}},"17":{"start":{"line":90,"column":48},"end":{"line":90,"column":null}},"18":{"start":{"line":94,"column":20},"end":{"line":94,"column":null}},"19":{"start":{"line":95,"column":7},"end":{"line":97,"column":null}},"20":{"start":{"line":97,"column":55},"end":{"line":97,"column":65}},"21":{"start":{"line":100,"column":28},"end":{"line":109,"column":null}},"22":{"start":{"line":101,"column":2},"end":{"line":108,"column":null}},"23":{"start":{"line":111,"column":27},"end":{"line":125,"column":null}},"24":{"start":{"line":112,"column":2},"end":{"line":124,"column":null}},"25":{"start":{"line":128,"column":49},"end":{"line":136,"column":null}},"26":{"start":{"line":138,"column":23},"end":{"line":143,"column":null}},"27":{"start":{"line":139,"column":2},"end":{"line":142,"column":null}},"28":{"start":{"line":139,"column":33},"end":{"line":142,"column":4}},"29":{"start":{"line":145,"column":19},"end":{"line":154,"column":null}},"30":{"start":{"line":146,"column":22},"end":{"line":152,"column":null}},"31":{"start":{"line":148,"column":4},"end":{"line":148,"column":null}},"32":{"start":{"line":149,"column":4},"end":{"line":149,"column":null}},"33":{"start":{"line":153,"column":2},"end":{"line":153,"column":null}},"34":{"start":{"line":156,"column":21},"end":{"line":165,"column":null}},"35":{"start":{"line":157,"column":23},"end":{"line":163,"column":null}},"36":{"start":{"line":159,"column":4},"end":{"line":159,"column":null}},"37":{"start":{"line":160,"column":4},"end":{"line":160,"column":null}},"38":{"start":{"line":164,"column":2},"end":{"line":164,"column":null}},"39":{"start":{"line":172,"column":25},"end":{"line":201,"column":null}},"40":{"start":{"line":173,"column":2},"end":{"line":173,"column":null}},"41":{"start":{"line":173,"column":28},"end":{"line":173,"column":null}},"42":{"start":{"line":175,"column":63},"end":{"line":175,"column":null}},"43":{"start":{"line":177,"column":2},"end":{"line":198,"column":null}},"44":{"start":{"line":179,"column":3},"end":{"line":197,"column":null}},"45":{"start":{"line":179,"column":88},"end":{"line":197,"column":5}},"46":{"start":{"line":200,"column":2},"end":{"line":200,"column":null}},"47":{"start":{"line":204,"column":21},"end":{"line":207,"column":null}},"48":{"start":{"line":205,"column":2},"end":{"line":205,"column":null}},"49":{"start":{"line":205,"column":28},"end":{"line":205,"column":null}},"50":{"start":{"line":206,"column":2},"end":{"line":206,"column":null}},"51":{"start":{"line":206,"column":40},"end":{"line":206,"column":44}},"52":{"start":{"line":210,"column":32},"end":{"line":213,"column":null}},"53":{"start":{"line":211,"column":2},"end":{"line":211,"column":null}},"54":{"start":{"line":211,"column":28},"end":{"line":211,"column":null}},"55":{"start":{"line":212,"column":2},"end":{"line":212,"column":null}},"56":{"start":{"line":212,"column":41},"end":{"line":212,"column":52}},"57":{"start":{"line":215,"column":1},"end":{"line":241,"column":null}}},"fnMap":{"0":{"name":"useStudentsViewModel","decl":{"start":{"line":12,"column":16},"end":{"line":12,"column":81}},"loc":{"start":{"line":12,"column":99},"end":{"line":242,"column":null}},"line":12},"1":{"name":"(anonymous_1)","decl":{"start":{"line":18,"column":11},"end":{"line":18,"column":17}},"loc":{"start":{"line":18,"column":17},"end":{"line":36,"column":4}},"line":18},"2":{"name":"(anonymous_2)","decl":{"start":{"line":64,"column":22},"end":{"line":64,"column":28}},"loc":{"start":{"line":64,"column":28},"end":{"line":77,"column":null}},"line":64},"3":{"name":"(anonymous_3)","decl":{"start":{"line":86,"column":3},"end":{"line":86,"column":4}},"loc":{"start":{"line":86,"column":48},"end":{"line":86,"column":null}},"line":86},"4":{"name":"(anonymous_4)","decl":{"start":{"line":90,"column":3},"end":{"line":90,"column":4}},"loc":{"start":{"line":90,"column":48},"end":{"line":90,"column":null}},"line":90},"5":{"name":"(anonymous_5)","decl":{"start":{"line":97,"column":10},"end":{"line":97,"column":11}},"loc":{"start":{"line":97,"column":55},"end":{"line":97,"column":65}},"line":97},"6":{"name":"(anonymous_6)","decl":{"start":{"line":100,"column":28},"end":{"line":100,"column":29}},"loc":{"start":{"line":100,"column":60},"end":{"line":109,"column":null}},"line":100},"7":{"name":"(anonymous_7)","decl":{"start":{"line":111,"column":27},"end":{"line":111,"column":28}},"loc":{"start":{"line":111,"column":63},"end":{"line":125,"column":null}},"line":111},"8":{"name":"(anonymous_8)","decl":{"start":{"line":138,"column":23},"end":{"line":138,"column":24}},"loc":{"start":{"line":138,"column":46},"end":{"line":143,"column":null}},"line":138},"9":{"name":"(anonymous_9)","decl":{"start":{"line":139,"column":22},"end":{"line":139,"column":23}},"loc":{"start":{"line":139,"column":33},"end":{"line":142,"column":4}},"line":139},"10":{"name":"(anonymous_10)","decl":{"start":{"line":145,"column":19},"end":{"line":145,"column":25}},"loc":{"start":{"line":145,"column":25},"end":{"line":154,"column":null}},"line":145},"11":{"name":"(anonymous_11)","decl":{"start":{"line":147,"column":3},"end":{"line":147,"column":4}},"loc":{"start":{"line":147,"column":17},"end":{"line":150,"column":null}},"line":147},"12":{"name":"(anonymous_12)","decl":{"start":{"line":156,"column":21},"end":{"line":156,"column":27}},"loc":{"start":{"line":156,"column":27},"end":{"line":165,"column":null}},"line":156},"13":{"name":"(anonymous_13)","decl":{"start":{"line":158,"column":3},"end":{"line":158,"column":4}},"loc":{"start":{"line":158,"column":17},"end":{"line":161,"column":null}},"line":158},"14":{"name":"(anonymous_14)","decl":{"start":{"line":172,"column":39},"end":{"line":172,"column":45}},"loc":{"start":{"line":172,"column":45},"end":{"line":201,"column":4}},"line":172},"15":{"name":"(anonymous_15)","decl":{"start":{"line":179,"column":41},"end":{"line":179,"column":42}},"loc":{"start":{"line":179,"column":88},"end":{"line":197,"column":5}},"line":179},"16":{"name":"(anonymous_16)","decl":{"start":{"line":204,"column":35},"end":{"line":204,"column":41}},"loc":{"start":{"line":204,"column":41},"end":{"line":207,"column":4}},"line":204},"17":{"name":"(anonymous_17)","decl":{"start":{"line":206,"column":33},"end":{"line":206,"column":34}},"loc":{"start":{"line":206,"column":40},"end":{"line":206,"column":44}},"line":206},"18":{"name":"(anonymous_18)","decl":{"start":{"line":210,"column":46},"end":{"line":210,"column":52}},"loc":{"start":{"line":210,"column":52},"end":{"line":213,"column":4}},"line":210},"19":{"name":"(anonymous_19)","decl":{"start":{"line":212,"column":34},"end":{"line":212,"column":35}},"loc":{"start":{"line":212,"column":41},"end":{"line":212,"column":52}},"line":212}},"branchMap":{"0":{"loc":{"start":{"line":22,"column":2},"end":{"line":35,"column":null}},"type":"if","locations":[{"start":{"line":22,"column":2},"end":{"line":35,"column":null}},{"start":{},"end":{}}],"line":22},"1":{"loc":{"start":{"line":41,"column":2},"end":{"line":48,"column":null}},"type":"cond-expr","locations":[{"start":{"line":42,"column":5},"end":{"line":47,"column":null}},{"start":{"line":48,"column":5},"end":{"line":48,"column":null}}],"line":41},"2":{"loc":{"start":{"line":43,"column":13},"end":{"line":43,"column":null}},"type":"binary-expr","locations":[{"start":{"line":43,"column":13},"end":{"line":43,"column":23}},{"start":{"line":43,"column":23},"end":{"line":43,"column":null}}],"line":43},"3":{"loc":{"start":{"line":44,"column":13},"end":{"line":44,"column":null}},"type":"cond-expr","locations":[{"start":{"line":44,"column":32},"end":{"line":44,"column":44}},{"start":{"line":44,"column":44},"end":{"line":44,"column":null}}],"line":44},"4":{"loc":{"start":{"line":45,"column":16},"end":{"line":45,"column":null}},"type":"cond-expr","locations":[{"start":{"line":45,"column":38},"end":{"line":45,"column":50}},{"start":{"line":45,"column":50},"end":{"line":45,"column":null}}],"line":45},"5":{"loc":{"start":{"line":46,"column":14},"end":{"line":46,"column":null}},"type":"cond-expr","locations":[{"start":{"line":46,"column":34},"end":{"line":46,"column":46}},{"start":{"line":46,"column":46},"end":{"line":46,"column":null}}],"line":46},"6":{"loc":{"start":{"line":54,"column":2},"end":{"line":61,"column":null}},"type":"cond-expr","locations":[{"start":{"line":55,"column":5},"end":{"line":60,"column":null}},{"start":{"line":61,"column":5},"end":{"line":61,"column":null}}],"line":54},"7":{"loc":{"start":{"line":56,"column":13},"end":{"line":56,"column":null}},"type":"binary-expr","locations":[{"start":{"line":56,"column":13},"end":{"line":56,"column":23}},{"start":{"line":56,"column":23},"end":{"line":56,"column":null}}],"line":56},"8":{"loc":{"start":{"line":57,"column":13},"end":{"line":57,"column":null}},"type":"cond-expr","locations":[{"start":{"line":57,"column":32},"end":{"line":57,"column":44}},{"start":{"line":57,"column":44},"end":{"line":57,"column":null}}],"line":57},"9":{"loc":{"start":{"line":58,"column":16},"end":{"line":58,"column":null}},"type":"cond-expr","locations":[{"start":{"line":58,"column":38},"end":{"line":58,"column":50}},{"start":{"line":58,"column":50},"end":{"line":58,"column":null}}],"line":58},"10":{"loc":{"start":{"line":59,"column":14},"end":{"line":59,"column":null}},"type":"cond-expr","locations":[{"start":{"line":59,"column":34},"end":{"line":59,"column":46}},{"start":{"line":59,"column":46},"end":{"line":59,"column":null}}],"line":59},"11":{"loc":{"start":{"line":83,"column":23},"end":{"line":83,"column":null}},"type":"binary-expr","locations":[{"start":{"line":83,"column":23},"end":{"line":83,"column":43}},{"start":{"line":83,"column":43},"end":{"line":83,"column":null}}],"line":83},"12":{"loc":{"start":{"line":85,"column":2},"end":{"line":87,"column":null}},"type":"binary-expr","locations":[{"start":{"line":85,"column":2},"end":{"line":87,"column":14}},{"start":{"line":87,"column":14},"end":{"line":87,"column":null}}],"line":85},"13":{"loc":{"start":{"line":86,"column":48},"end":{"line":86,"column":null}},"type":"binary-expr","locations":[{"start":{"line":86,"column":48},"end":{"line":86,"column":62}},{"start":{"line":86,"column":62},"end":{"line":86,"column":null}}],"line":86},"14":{"loc":{"start":{"line":89,"column":2},"end":{"line":91,"column":null}},"type":"binary-expr","locations":[{"start":{"line":89,"column":2},"end":{"line":91,"column":14}},{"start":{"line":91,"column":14},"end":{"line":91,"column":null}}],"line":89},"15":{"loc":{"start":{"line":90,"column":48},"end":{"line":90,"column":null}},"type":"binary-expr","locations":[{"start":{"line":90,"column":48},"end":{"line":90,"column":62}},{"start":{"line":90,"column":62},"end":{"line":90,"column":null}}],"line":90},"16":{"loc":{"start":{"line":96,"column":2},"end":{"line":96,"column":null}},"type":"binary-expr","locations":[{"start":{"line":96,"column":2},"end":{"line":96,"column":63}},{"start":{"line":96,"column":63},"end":{"line":96,"column":null}}],"line":96},"17":{"loc":{"start":{"line":173,"column":2},"end":{"line":173,"column":null}},"type":"if","locations":[{"start":{"line":173,"column":2},"end":{"line":173,"column":null}},{"start":{},"end":{}}],"line":173},"18":{"loc":{"start":{"line":196,"column":17},"end":{"line":196,"column":null}},"type":"cond-expr","locations":[{"start":{"line":196,"column":46},"end":{"line":196,"column":58}},{"start":{"line":196,"column":58},"end":{"line":196,"column":null}}],"line":196},"19":{"loc":{"start":{"line":205,"column":2},"end":{"line":205,"column":null}},"type":"if","locations":[{"start":{"line":205,"column":2},"end":{"line":205,"column":null}},{"start":{},"end":{}}],"line":205},"20":{"loc":{"start":{"line":211,"column":2},"end":{"line":211,"column":null}},"type":"if","locations":[{"start":{"line":211,"column":2},"end":{"line":211,"column":null}},{"start":{},"end":{}}],"line":211}},"s":{"0":1,"1":3,"2":3,"3":3,"4":3,"5":3,"6":3,"7":3,"8":3,"9":3,"10":3,"11":3,"12":0,"13":3,"14":3,"15":34,"16":3,"17":34,"18":3,"19":3,"20":19,"21":3,"22":0,"23":3,"24":0,"25":3,"26":3,"27":0,"28":0,"29":3,"30":0,"31":0,"32":0,"33":0,"34":3,"35":0,"36":0,"37":0,"38":0,"39":3,"40":3,"41":0,"42":3,"43":3,"44":21,"45":34,"46":3,"47":3,"48":3,"49":0,"50":3,"51":21,"52":3,"53":3,"54":0,"55":3,"56":3,"57":3},"f":{"0":3,"1":3,"2":0,"3":34,"4":34,"5":19,"6":0,"7":0,"8":0,"9":0,"10":0,"11":0,"12":0,"13":0,"14":3,"15":34,"16":3,"17":21,"18":3,"19":3},"b":{"0":[3,0],"1":[3,0],"2":[3,3],"3":[3,0],"4":[3,0],"5":[3,0],"6":[3,0],"7":[3,3],"8":[3,0],"9":[3,0],"10":[3,0],"11":[3,0],"12":[3,0],"13":[34,34],"14":[3,0],"15":[34,34],"16":[3,0],"17":[0,3],"18":[1,33],"19":[0,3],"20":[0,3]},"meta":{"lastBranch":21,"lastFunction":20,"lastStatement":58,"seen":{"s:9:18:9:Infinity":0,"f:12:16:12:81":0,"s:13:7:13:Infinity":1,"s:14:60:14:Infinity":2,"s:15:25:15:Infinity":3,"s:18:1:36:Infinity":4,"f:18:11:18:17":1,"s:19:23:19:Infinity":5,"s:20:22:20:Infinity":6,"b:22:2:35:Infinity:undefined:undefined:undefined:undefined":0,"s:22:2:35:Infinity":7,"s:23:3:34:Infinity":8,"s:39:7:49:Infinity":9,"b:42:5:47:Infinity:48:5:48:Infinity":1,"b:43:13:43:23:43:23:43:Infinity":2,"b:44:32:44:44:44:44:44:Infinity":3,"b:45:38:45:50:45:50:45:Infinity":4,"b:46:34:46:46:46:46:46:Infinity":5,"s:52:7:62:Infinity":10,"b:55:5:60:Infinity:61:5:61:Infinity":6,"b:56:13:56:23:56:23:56:Infinity":7,"b:57:32:57:44:57:44:57:Infinity":8,"b:58:38:58:50:58:50:58:Infinity":9,"b:59:34:59:46:59:46:59:Infinity":10,"s:64:22:77:Infinity":11,"f:64:22:64:28":2,"s:65:2:76:Infinity":12,"s:83:23:83:Infinity":13,"b:83:23:83:43:83:43:83:Infinity":11,"s:85:2:87:Infinity":14,"b:85:2:87:14:87:14:87:Infinity":12,"f:86:3:86:4":3,"s:86:48:86:Infinity":15,"b:86:48:86:62:86:62:86:Infinity":13,"s:89:2:91:Infinity":16,"b:89:2:91:14:91:14:91:Infinity":14,"f:90:3:90:4":4,"s:90:48:90:Infinity":17,"b:90:48:90:62:90:62:90:Infinity":15,"s:94:20:94:Infinity":18,"s:95:7:97:Infinity":19,"b:96:2:96:63:96:63:96:Infinity":16,"f:97:10:97:11":5,"s:97:55:97:65":20,"s:100:28:109:Infinity":21,"f:100:28:100:29":6,"s:101:2:108:Infinity":22,"s:111:27:125:Infinity":23,"f:111:27:111:28":7,"s:112:2:124:Infinity":24,"s:128:49:136:Infinity":25,"s:138:23:143:Infinity":26,"f:138:23:138:24":8,"s:139:2:142:Infinity":27,"f:139:22:139:23":9,"s:139:33:142:4":28,"s:145:19:154:Infinity":29,"f:145:19:145:25":10,"s:146:22:152:Infinity":30,"f:147:3:147:4":11,"s:148:4:148:Infinity":31,"s:149:4:149:Infinity":32,"s:153:2:153:Infinity":33,"s:156:21:165:Infinity":34,"f:156:21:156:27":12,"s:157:23:163:Infinity":35,"f:158:3:158:4":13,"s:159:4:159:Infinity":36,"s:160:4:160:Infinity":37,"s:164:2:164:Infinity":38,"s:172:25:201:Infinity":39,"f:172:39:172:45":14,"b:173:2:173:Infinity:undefined:undefined:undefined:undefined":17,"s:173:2:173:Infinity":40,"s:173:28:173:Infinity":41,"s:175:63:175:Infinity":42,"s:177:2:198:Infinity":43,"s:179:3:197:Infinity":44,"f:179:41:179:42":15,"s:179:88:197:5":45,"b:196:46:196:58:196:58:196:Infinity":18,"s:200:2:200:Infinity":46,"s:204:21:207:Infinity":47,"f:204:35:204:41":16,"b:205:2:205:Infinity:undefined:undefined:undefined:undefined":19,"s:205:2:205:Infinity":48,"s:205:28:205:Infinity":49,"s:206:2:206:Infinity":50,"f:206:33:206:34":17,"s:206:40:206:44":51,"s:210:32:213:Infinity":52,"f:210:46:210:52":18,"b:211:2:211:Infinity:undefined:undefined:undefined:undefined":20,"s:211:2:211:Infinity":53,"s:211:28:211:Infinity":54,"s:212:2:212:Infinity":55,"f:212:34:212:35":19,"s:212:41:212:52":56,"s:215:1:241:Infinity":57}}}
}
